
CDmetaPOP Release 2020.05.12-14:27:01MST Version version 1.52

Author(s): Erin L Landguth, Casey Day, Andrew Bearlin

Session runtime inputs from: C:\Users\burnmore\Documents\CDMetaPOP-testing1\data/PopVars_yct_50patch.csv


DoUserInput(): 0:00:00
DoPreProcess(): 0:00:10.511000
GetMetrics() Initial: 0:00:00.891000
The file ind-1.csv has been created
DoUpdate(): 0:00:06.210000
DoCDClimate(): 0:00:00.016000
DoMate(): 0:00:01.941000
DoOffspring(): 0:00:00.148000
The file ind0.csv has been created
Second DoUpdate(): 0:00:07.598000
DoEmigration(): 0:00:01.140000
DoOutMortality(): 0:00:00.079000
Third DoUpdate(): 0:00:00.304000
DoImmigration(): 0:00:10.919000
DoInMortality(): 0:00:00.235000
GetMetrics(): 0:00:01.317000
End Generation/Year Loop0: 0:00:23.709000

DoCDClimate(): 0:00:00.006000
DoMate(): 0:00:00.081000
DoOffspring(): 0:00:00.003000
The file ind1.csv has been created
Second DoUpdate(): 0:00:09.915000
DoEmigration(): 0:00:00.829000
DoOutMortality(): 0:00:00.109000
Third DoUpdate(): 0:00:00.502000
DoImmigration(): 0:00:01.163000
DoInMortality(): 0:00:00.051000
GetMetrics(): 0:00:00.181000
End Generation/Year Loop1: 0:00:12.853000

DoCDClimate(): 0:00:00.005000
DoMate(): 0:00:00.020000
DoOffspring(): 0:00:00.003000
The file ind2.csv has been created
Second DoUpdate(): 0:00:01.601000
DoEmigration(): 0:00:00.307000
DoOutMortality(): 0:00:00.045000
Third DoUpdate(): 0:00:00.173000
DoImmigration(): 0:00:00.623000
DoInMortality(): 0:00:00.029000
GetMetrics(): 0:00:00.101000
End Generation/Year Loop2: 0:00:02.918000

DoCDClimate(): 0:00:00.006000
DoMate(): 0:00:00.014000
DoOffspring(): 0:00:00.003000
The file ind3.csv has been created
Second DoUpdate(): 0:00:00.926000
DoEmigration(): 0:00:00.127000
DoOutMortality(): 0:00:00.028000
Third DoUpdate(): 0:00:00.109000
DoImmigration(): 0:00:00.491000
DoInMortality(): 0:00:00.025000
GetMetrics(): 0:00:00.082000
End Generation/Year Loop3: 0:00:01.817000

DoCDClimate(): 0:00:00.007000
DoMate(): 0:00:00.017000
DoOffspring(): 0:00:00.002000
The file ind4.csv has been created
Second DoUpdate(): 0:00:00.851000
DoEmigration(): 0:00:00.117000
DoOutMortality(): 0:00:00.023000
Third DoUpdate(): 0:00:00.086000
DoImmigration(): 0:00:00.408000
DoInMortality(): 0:00:00.025000
GetMetrics(): 0:00:00.078000
End Generation/Year Loop4: 0:00:01.665000

DoCDClimate(): 0:00:00.008000
DoMate(): 0:00:00.026000
DoOffspring(): 0:00:00.002000
The file ind5.csv has been created
Second DoUpdate(): 0:00:00.631000
DoEmigration(): 0:00:00.096000
DoOutMortality(): 0:00:00.020000
Third DoUpdate(): 0:00:00.069000
DoImmigration(): 0:00:00.364000
DoInMortality(): 0:00:00.031000
GetMetrics(): 0:00:00.059000
End Generation/Year Loop5: 0:00:01.316000

DoCDClimate(): 0:00:00.007000
DoMate(): 0:00:00.017000
DoOffspring(): 0:00:00.003000
The file ind6.csv has been created
Second DoUpdate(): 0:00:00.639000
DoEmigration(): 0:00:00.089000
DoOutMortality(): 0:00:00.021000
Third DoUpdate(): 0:00:00.061000
DoImmigration(): 0:00:00.605000
DoInMortality(): 0:00:00.016000
GetMetrics(): 0:00:00.068000
End Generation/Year Loop6: 0:00:01.536000

DoCDClimate(): 0:00:00.006000
DoMate(): 0:00:00.020000
DoOffspring(): 0:00:00.002000
The file ind7.csv has been created
Second DoUpdate(): 0:00:00.529000
DoEmigration(): 0:00:00.081000
DoOutMortality(): 0:00:00.016000
Third DoUpdate(): 0:00:00.067000
DoImmigration(): 0:00:00.329000
DoInMortality(): 0:00:00.016000
GetMetrics(): 0:00:00.056000
End Generation/Year Loop7: 0:00:01.134000

DoCDClimate(): 0:00:00.006000
DoMate(): 0:00:00.014000
DoOffspring(): 0:00:00.003000
The file ind8.csv has been created
Second DoUpdate(): 0:00:00.473000
DoEmigration(): 0:00:00.081000
DoOutMortality(): 0:00:00.014000
Third DoUpdate(): 0:00:00.057000
DoImmigration(): 0:00:00.495000
DoInMortality(): 0:00:00.018000
GetMetrics(): 0:00:00.064000
End Generation/Year Loop8: 0:00:01.233000

DoCDClimate(): 0:00:00.013000
DoMate(): 0:00:00.015000
DoOffspring(): 0:00:00.004000
The file ind9.csv has been created
Second DoUpdate(): 0:00:00.541000
DoEmigration(): 0:00:00.118000
DoOutMortality(): 0:00:00.021000
Third DoUpdate(): 0:00:00.112000
DoImmigration(): 0:00:00.345000
DoInMortality(): 0:00:00.024000
GetMetrics(): 0:00:00.052000
End Generation/Year Loop9: 0:00:01.252000

DoCDClimate(): 0:00:00.007000
DoMate(): 0:00:00.014000
DoOffspring(): 0:00:00.002000
The file ind10.csv has been created
Second DoUpdate(): 0:00:00.644000
DoEmigration(): 0:00:00.101000
DoOutMortality(): 0:00:00.018000
Third DoUpdate(): 0:00:00.060000
DoImmigration(): 0:00:00.302000
DoInMortality(): 0:00:00.018000
GetMetrics(): 0:00:00.050000
End Generation/Year Loop10: 0:00:01.231000

DoCDClimate(): 0:00:00.008000
DoMate(): 0:00:00.012000
DoOffspring(): 0:00:00.002000
The file ind11.csv has been created
Second DoUpdate(): 0:00:00.472000
DoEmigration(): 0:00:00.072000
DoOutMortality(): 0:00:00.013000
Third DoUpdate(): 0:00:00.051000
DoImmigration(): 0:00:00.248000
DoInMortality(): 0:00:00.014000
GetMetrics(): 0:00:00.045000
End Generation/Year Loop11: 0:00:00.947000

DoCDClimate(): 0:00:00.006000
DoMate(): 0:00:00.012000
DoOffspring(): 0:00:00.002000
The file ind12.csv has been created
Second DoUpdate(): 0:00:00.376000
DoEmigration(): 0:00:00.082000
DoOutMortality(): 0:00:00.023000
Third DoUpdate(): 0:00:00.051000
DoImmigration(): 0:00:00.318000
DoInMortality(): 0:00:00.014000
GetMetrics(): 0:00:00.051000
End Generation/Year Loop12: 0:00:00.946000

DoCDClimate(): 0:00:00.006000
DoMate(): 0:00:00.015000
DoOffspring(): 0:00:00.002000
The file ind13.csv has been created
Second DoUpdate(): 0:00:00.472000
DoEmigration(): 0:00:00.076000
DoOutMortality(): 0:00:00.014000
Third DoUpdate(): 0:00:00.057000
DoImmigration(): 0:00:00.396000
DoInMortality(): 0:00:00.016000
GetMetrics(): 0:00:00.065000
End Generation/Year Loop13: 0:00:01.128000

DoCDClimate(): 0:00:00.005000
DoMate(): 0:00:00.011000
DoOffspring(): 0:00:00.002000
The file ind14.csv has been created
Second DoUpdate(): 0:00:00.541000
DoEmigration(): 0:00:00.098000
DoOutMortality(): 0:00:00.015000
Third DoUpdate(): 0:00:00.107000
DoImmigration(): 0:00:00.355000
DoInMortality(): 0:00:00.016000
GetMetrics(): 0:00:00.079000
End Generation/Year Loop14: 0:00:01.236000

DoCDClimate(): 0:00:00.013000
DoMate(): 0:00:00.013000
DoOffspring(): 0:00:00.003000
The file ind15.csv has been created
Second DoUpdate(): 0:00:00.727000
DoEmigration(): 0:00:00.087000
DoOutMortality(): 0:00:00.014000
Third DoUpdate(): 0:00:00.064000
DoImmigration(): 0:00:00.374000
DoInMortality(): 0:00:00.016000
GetMetrics(): 0:00:00.059000
End Generation/Year Loop15: 0:00:01.377000

DoCDClimate(): 0:00:00.007000
DoMate(): 0:00:00.013000
DoOffspring(): 0:00:00.002000
The file ind16.csv has been created
Second DoUpdate(): 0:00:00.531000
DoEmigration(): 0:00:00.088000
DoOutMortality(): 0:00:00.015000
Third DoUpdate(): 0:00:00.062000
DoImmigration(): 0:00:00.360000
DoInMortality(): 0:00:00.015000
GetMetrics(): 0:00:00.061000
End Generation/Year Loop16: 0:00:01.165000

DoCDClimate(): 0:00:00.006000
DoMate(): 0:00:00.013000
DoOffspring(): 0:00:00.002000
The file ind17.csv has been created
Second DoUpdate(): 0:00:00.496000
DoEmigration(): 0:00:00.082000
DoOutMortality(): 0:00:00.014000
Third DoUpdate(): 0:00:00.062000
DoImmigration(): 0:00:00.356000
DoInMortality(): 0:00:00.015000
GetMetrics(): 0:00:00.060000
End Generation/Year Loop17: 0:00:01.113000

DoCDClimate(): 0:00:00.006000
DoMate(): 0:00:00.018000
DoOffspring(): 0:00:00.002000
The file ind18.csv has been created
Second DoUpdate(): 0:00:00.658000
DoEmigration(): 0:00:00.122000
DoOutMortality(): 0:00:00.013000
Third DoUpdate(): 0:00:00.061000
DoImmigration(): 0:00:00.547000
DoInMortality(): 0:00:00.017000
GetMetrics(): 0:00:00.061000
End Generation/Year Loop18: 0:00:01.520000

DoCDClimate(): 0:00:00.007000
DoMate(): 0:00:00.020000
DoOffspring(): 0:00:00.002000
The file ind19.csv has been created
Second DoUpdate(): 0:00:00.546000
DoEmigration(): 0:00:00.080000
DoOutMortality(): 0:00:00.013000
Third DoUpdate(): 0:00:00.064000
DoImmigration(): 0:00:00.334000
DoInMortality(): 0:00:00.016000
GetMetrics(): 0:00:00.063000
End Generation/Year Loop19: 0:00:01.153000

DoCDClimate(): 0:00:00.017000
DoMate(): 0:00:00.010000
DoOffspring(): 0:00:00.003000
The file ind20.csv has been created
Second DoUpdate(): 0:00:00.523000
DoEmigration(): 0:00:00.084000
DoOutMortality(): 0:00:00.014000
Third DoUpdate(): 0:00:00.059000
DoImmigration(): 0:00:00.389000
DoInMortality(): 0:00:00.021000
GetMetrics(): 0:00:00.060000
End Generation/Year Loop20: 0:00:01.192000

DoCDClimate(): 0:00:00.008000
DoMate(): 0:00:00.011000
DoOffspring(): 0:00:00.002000
The file ind21.csv has been created
Second DoUpdate(): 0:00:00.552000
DoEmigration(): 0:00:00.093000
DoOutMortality(): 0:00:00.017000
Third DoUpdate(): 0:00:00.063000
DoImmigration(): 0:00:00.469000
DoInMortality(): 0:00:00.017000
GetMetrics(): 0:00:00.060000
End Generation/Year Loop21: 0:00:01.302000

DoCDClimate(): 0:00:00.006000
DoMate(): 0:00:00.012000
DoOffspring(): 0:00:00.003000
The file ind22.csv has been created
Second DoUpdate(): 0:00:00.606000
DoEmigration(): 0:00:00.087000
DoOutMortality(): 0:00:00.015000
Third DoUpdate(): 0:00:00.087000
DoImmigration(): 0:00:00.409000
DoInMortality(): 0:00:00.017000
GetMetrics(): 0:00:00.065000
End Generation/Year Loop22: 0:00:01.317000

DoCDClimate(): 0:00:00.006000
DoMate(): 0:00:00.017000
DoOffspring(): 0:00:00.002000
The file ind23.csv has been created
Second DoUpdate(): 0:00:00.561000
DoEmigration(): 0:00:00.084000
DoOutMortality(): 0:00:00.016000
Third DoUpdate(): 0:00:00.070000
DoImmigration(): 0:00:00.383000
DoInMortality(): 0:00:00.016000
GetMetrics(): 0:00:00.058000
End Generation/Year Loop23: 0:00:01.224000

DoCDClimate(): 0:00:00.006000
DoMate(): 0:00:00.008000
DoOffspring(): 0:00:00.002000
The file ind24.csv has been created
Second DoUpdate(): 0:00:00.513000
DoEmigration(): 0:00:00.082000
DoOutMortality(): 0:00:00.014000
Third DoUpdate(): 0:00:00.070000
DoImmigration(): 0:00:00.314000
DoInMortality(): 0:00:00.013000
GetMetrics(): 0:00:00.055000
End Generation/Year Loop24: 0:00:01.090000

DoCDClimate(): 0:00:00.006000
DoMate(): 0:00:00.009000
DoOffspring(): 0:00:00.002000
The file ind25.csv has been created
Second DoUpdate(): 0:00:00.483000
DoEmigration(): 0:00:00.134000
DoOutMortality(): 0:00:00.019000
Third DoUpdate(): 0:00:00.078000
DoImmigration(): 0:00:00.461000
DoInMortality(): 0:00:00.015000
GetMetrics(): 0:00:00.056000
End Generation/Year Loop25: 0:00:01.276000

DoCDClimate(): 0:00:00.006000
DoMate(): 0:00:00.010000
DoOffspring(): 0:00:00.002000
The file ind26.csv has been created
Second DoUpdate(): 0:00:00.588000
DoEmigration(): 0:00:00.082000
DoOutMortality(): 0:00:00.014000
Third DoUpdate(): 0:00:00.065000
DoImmigration(): 0:00:00.611000
DoInMortality(): 0:00:00.015000
GetMetrics(): 0:00:00.060000
End Generation/Year Loop26: 0:00:01.464000

DoCDClimate(): 0:00:00.007000
DoMate(): 0:00:00.011000
DoOffspring(): 0:00:00.002000
The file ind27.csv has been created
Second DoUpdate(): 0:00:00.543000
DoEmigration(): 0:00:00.092000
DoOutMortality(): 0:00:00.014000
Third DoUpdate(): 0:00:00.062000
DoImmigration(): 0:00:00.698000
DoInMortality(): 0:00:00.015000
GetMetrics(): 0:00:00.061000
End Generation/Year Loop27: 0:00:01.516000

DoCDClimate(): 0:00:00.006000
DoMate(): 0:00:00.008000
DoOffspring(): 0:00:00.002000
The file ind28.csv has been created
Second DoUpdate(): 0:00:00.532000
DoEmigration(): 0:00:00.082000
DoOutMortality(): 0:00:00.014000
Third DoUpdate(): 0:00:00.064000
DoImmigration(): 0:00:00.393000
DoInMortality(): 0:00:00.014000
GetMetrics(): 0:00:00.049000
End Generation/Year Loop28: 0:00:01.176000

DoCDClimate(): 0:00:00.006000
DoMate(): 0:00:00.010000
DoOffspring(): 0:00:00.003000
The file ind29.csv has been created
Second DoUpdate(): 0:00:00.599000
DoEmigration(): 0:00:00.089000
DoOutMortality(): 0:00:00.014000
Third DoUpdate(): 0:00:00.056000
DoImmigration(): 0:00:00.469000
DoInMortality(): 0:00:00.015000
GetMetrics(): 0:00:00.052000
End Generation/Year Loop29: 0:00:01.323000

DoCDClimate(): 0:00:00.006000
DoMate(): 0:00:00.011000
DoOffspring(): 0:00:00.002000
The file ind30.csv has been created
Second DoUpdate(): 0:00:00.466000
DoEmigration(): 0:00:00.075000
DoOutMortality(): 0:00:00.013000
Third DoUpdate(): 0:00:00.054000
DoImmigration(): 0:00:00.576000
DoInMortality(): 0:00:00.029000
GetMetrics(): 0:00:00.068000
End Generation/Year Loop30: 0:00:01.311000

DoCDClimate(): 0:00:00.006000
DoMate(): 0:00:00.010000
DoOffspring(): 0:00:00.002000
The file ind31.csv has been created
Second DoUpdate(): 0:00:00.527000
DoEmigration(): 0:00:00.079000
DoOutMortality(): 0:00:00.015000
Third DoUpdate(): 0:00:00.067000
DoImmigration(): 0:00:00.485000
DoInMortality(): 0:00:00.016000
GetMetrics(): 0:00:00.055000
End Generation/Year Loop31: 0:00:01.274000

DoCDClimate(): 0:00:00.006000
DoMate(): 0:00:00.011000
DoOffspring(): 0:00:00.003000
The file ind32.csv has been created
Second DoUpdate(): 0:00:00.509000
DoEmigration(): 0:00:00.087000
DoOutMortality(): 0:00:00.014000
Third DoUpdate(): 0:00:00.069000
DoImmigration(): 0:00:00.583000
DoInMortality(): 0:00:00.016000
GetMetrics(): 0:00:00.060000
End Generation/Year Loop32: 0:00:01.366000

DoCDClimate(): 0:00:00.006000
DoMate(): 0:00:00.010000
DoOffspring(): 0:00:00.003000
The file ind33.csv has been created
Second DoUpdate(): 0:00:00.691000
DoEmigration(): 0:00:00.122000
DoOutMortality(): 0:00:00.015000
Third DoUpdate(): 0:00:00.064000
DoImmigration(): 0:00:00.563000
DoInMortality(): 0:00:00.016000
GetMetrics(): 0:00:00.074000
End Generation/Year Loop33: 0:00:01.572000

DoCDClimate(): 0:00:00.007000
DoMate(): 0:00:00.013000
DoOffspring(): 0:00:00.002000
The file ind34.csv has been created
Second DoUpdate(): 0:00:00.551000
DoEmigration(): 0:00:00.084000
DoOutMortality(): 0:00:00.016000
Third DoUpdate(): 0:00:00.072000
DoImmigration(): 0:00:00.625000
DoInMortality(): 0:00:00.016000
GetMetrics(): 0:00:00.062000
End Generation/Year Loop34: 0:00:01.460000

DoCDClimate(): 0:00:00.006000
DoMate(): 0:00:00.010000
DoOffspring(): 0:00:00.002000
The file ind35.csv has been created
Second DoUpdate(): 0:00:00.537000
DoEmigration(): 0:00:00.087000
DoOutMortality(): 0:00:00.015000
Third DoUpdate(): 0:00:00.066000
DoImmigration(): 0:00:00.491000
DoInMortality(): 0:00:00.016000
GetMetrics(): 0:00:00.056000
End Generation/Year Loop35: 0:00:01.296000

DoCDClimate(): 0:00:00.006000
DoMate(): 0:00:00.010000
DoOffspring(): 0:00:00.002000
The file ind36.csv has been created
Second DoUpdate(): 0:00:00.533000
DoEmigration(): 0:00:00.093000
DoOutMortality(): 0:00:00.015000
Third DoUpdate(): 0:00:00.067000
DoImmigration(): 0:00:00.588000
DoInMortality(): 0:00:00.018000
GetMetrics(): 0:00:00.071000
End Generation/Year Loop36: 0:00:01.413000

DoCDClimate(): 0:00:00.007000
DoMate(): 0:00:00.023000
DoOffspring(): 0:00:00.003000
The file ind37.csv has been created
Second DoUpdate(): 0:00:00.561000
DoEmigration(): 0:00:00.086000
DoOutMortality(): 0:00:00.014000
Third DoUpdate(): 0:00:00.062000
DoImmigration(): 0:00:00.618000
DoInMortality(): 0:00:00.016000
GetMetrics(): 0:00:00.060000
End Generation/Year Loop37: 0:00:01.459000

DoCDClimate(): 0:00:00.005000
DoMate(): 0:00:00.011000
DoOffspring(): 0:00:00.002000
The file ind38.csv has been created
Second DoUpdate(): 0:00:00.511000
DoEmigration(): 0:00:00.079000
DoOutMortality(): 0:00:00.014000
Third DoUpdate(): 0:00:00.065000
DoImmigration(): 0:00:00.521000
DoInMortality(): 0:00:00.016000
GetMetrics(): 0:00:00.059000
End Generation/Year Loop38: 0:00:01.293000

DoCDClimate(): 0:00:00.006000
DoMate(): 0:00:00.010000
DoOffspring(): 0:00:00.002000
The file ind39.csv has been created
Second DoUpdate(): 0:00:00.542000
DoEmigration(): 0:00:00.089000
DoOutMortality(): 0:00:00.018000
Third DoUpdate(): 0:00:00.091000
DoImmigration(): 0:00:00.522000
DoInMortality(): 0:00:00.017000
GetMetrics(): 0:00:00.062000
End Generation/Year Loop39: 0:00:01.369000

DoCDClimate(): 0:00:00.006000
DoMate(): 0:00:00.011000
DoOffspring(): 0:00:00.002000
The file ind40.csv has been created
Second DoUpdate(): 0:00:00.582000
DoEmigration(): 0:00:00.086000
DoOutMortality(): 0:00:00.017000
Third DoUpdate(): 0:00:00.084000
DoImmigration(): 0:00:00.603000
DoInMortality(): 0:00:00.018000
GetMetrics(): 0:00:00.066000
End Generation/Year Loop40: 0:00:01.488000

DoCDClimate(): 0:00:00.006000
DoMate(): 0:00:00.010000
DoOffspring(): 0:00:00.003000
The file ind41.csv has been created
Second DoUpdate(): 0:00:00.592000
DoEmigration(): 0:00:00.099000
DoOutMortality(): 0:00:00.016000
Third DoUpdate(): 0:00:00.088000
DoImmigration(): 0:00:00.480000
DoInMortality(): 0:00:00.015000
GetMetrics(): 0:00:00.059000
End Generation/Year Loop41: 0:00:01.379000

DoCDClimate(): 0:00:00.006000
DoMate(): 0:00:00.013000
DoOffspring(): 0:00:00.003000
The file ind42.csv has been created
Second DoUpdate(): 0:00:00.494000
DoEmigration(): 0:00:00.082000
DoOutMortality(): 0:00:00.015000
Third DoUpdate(): 0:00:00.087000
DoImmigration(): 0:00:00.425000
DoInMortality(): 0:00:00.015000
GetMetrics(): 0:00:00.058000
End Generation/Year Loop42: 0:00:01.207000

DoCDClimate(): 0:00:00.006000
DoMate(): 0:00:00.010000
DoOffspring(): 0:00:00.003000
The file ind43.csv has been created
Second DoUpdate(): 0:00:00.491000
DoEmigration(): 0:00:00.085000
DoOutMortality(): 0:00:00.015000
Third DoUpdate(): 0:00:00.061000
DoImmigration(): 0:00:00.437000
DoInMortality(): 0:00:00.017000
GetMetrics(): 0:00:00.064000
End Generation/Year Loop43: 0:00:01.195000

DoCDClimate(): 0:00:00.007000
DoMate(): 0:00:00.011000
DoOffspring(): 0:00:00.003000
The file ind44.csv has been created
Second DoUpdate(): 0:00:00.556000
DoEmigration(): 0:00:00.117000
DoOutMortality(): 0:00:00.014000
Third DoUpdate(): 0:00:00.055000
DoImmigration(): 0:00:00.543000
DoInMortality(): 0:00:00.015000
GetMetrics(): 0:00:00.061000
End Generation/Year Loop44: 0:00:01.390000

DoCDClimate(): 0:00:00.013000
DoMate(): 0:00:00.014000
DoOffspring(): 0:00:00.005000
The file ind45.csv has been created
Second DoUpdate(): 0:00:00.760000
DoEmigration(): 0:00:00.080000
DoOutMortality(): 0:00:00.014000
Third DoUpdate(): 0:00:00.064000
DoImmigration(): 0:00:00.648000
DoInMortality(): 0:00:00.019000
GetMetrics(): 0:00:00.062000
End Generation/Year Loop45: 0:00:01.687000

DoCDClimate(): 0:00:00.005000
DoMate(): 0:00:00.011000
DoOffspring(): 0:00:00.002000
The file ind46.csv has been created
Second DoUpdate(): 0:00:00.590000
DoEmigration(): 0:00:00.108000
DoOutMortality(): 0:00:00.017000
Third DoUpdate(): 0:00:00.070000
DoImmigration(): 0:00:00.481000
DoInMortality(): 0:00:00.015000
GetMetrics(): 0:00:00.054000
End Generation/Year Loop46: 0:00:01.365000

DoCDClimate(): 0:00:00.005000
DoMate(): 0:00:00.010000
DoOffspring(): 0:00:00.002000
The file ind47.csv has been created
Second DoUpdate(): 0:00:00.510000
DoEmigration(): 0:00:00.120000
DoOutMortality(): 0:00:00.015000
Third DoUpdate(): 0:00:00.062000
DoImmigration(): 0:00:00.406000
DoInMortality(): 0:00:00.014000
GetMetrics(): 0:00:00.058000
End Generation/Year Loop47: 0:00:01.211000

DoCDClimate(): 0:00:00.006000
DoMate(): 0:00:00.009000
DoOffspring(): 0:00:00.002000
The file ind48.csv has been created
Second DoUpdate(): 0:00:00.435000
DoEmigration(): 0:00:00.075000
DoOutMortality(): 0:00:00.013000
Third DoUpdate(): 0:00:00.047000
DoImmigration(): 0:00:00.446000
DoInMortality(): 0:00:00.018000
GetMetrics(): 0:00:00.052000
End Generation/Year Loop48: 0:00:01.114000

DoCDClimate(): 0:00:00.007000
DoMate(): 0:00:00.011000
DoOffspring(): 0:00:00.003000
The file ind49.csv has been created
Second DoUpdate(): 0:00:00.418000
DoEmigration(): 0:00:00.069000
DoOutMortality(): 0:00:00.013000
Third DoUpdate(): 0:00:00.053000
DoImmigration(): 0:00:00.441000
DoInMortality(): 0:00:00.015000
GetMetrics(): 0:00:00.053000
End Generation/Year Loop49: 0:00:01.090000

DoCDClimate(): 0:00:00.006000
DoMate(): 0:00:00.008000
DoOffspring(): 0:00:00.001000
The file ind50.csv has been created
Second DoUpdate(): 0:00:00.423000
DoEmigration(): 0:00:00.073000
DoOutMortality(): 0:00:00.013000
Third DoUpdate(): 0:00:00.052000
DoImmigration(): 0:00:00.434000
DoInMortality(): 0:00:00.014000
GetMetrics(): 0:00:00.051000
End Generation/Year Loop50: 0:00:01.086000

DoCDClimate(): 0:00:00.006000
DoMate(): 0:00:00.009000
DoOffspring(): 0:00:00.002000
The file ind51.csv has been created
Second DoUpdate(): 0:00:00.444000
DoEmigration(): 0:00:00.075000
DoOutMortality(): 0:00:00.013000
Third DoUpdate(): 0:00:00.055000
DoImmigration(): 0:00:00.397000
DoInMortality(): 0:00:00.014000
GetMetrics(): 0:00:00.049000
End Generation/Year Loop51: 0:00:01.070000

DoCDClimate(): 0:00:00.009000
DoMate(): 0:00:00.012000
DoOffspring(): 0:00:00.003000
The file ind52.csv has been created
Second DoUpdate(): 0:00:00.423000
DoEmigration(): 0:00:00.073000
DoOutMortality(): 0:00:00.017000
Third DoUpdate(): 0:00:00.054000
DoImmigration(): 0:00:00.449000
DoInMortality(): 0:00:00.015000
GetMetrics(): 0:00:00.048000
End Generation/Year Loop52: 0:00:01.116000

DoCDClimate(): 0:00:00.006000
DoMate(): 0:00:00.014000
DoOffspring(): 0:00:00.001000
The file ind53.csv has been created
Second DoUpdate(): 0:00:00.433000
DoEmigration(): 0:00:00.075000
DoOutMortality(): 0:00:00.013000
Third DoUpdate(): 0:00:00.054000
DoImmigration(): 0:00:00.516000
DoInMortality(): 0:00:00.016000
GetMetrics(): 0:00:00.052000
End Generation/Year Loop53: 0:00:01.193000

DoCDClimate(): 0:00:00.006000
DoMate(): 0:00:00.009000
DoOffspring(): 0:00:00.002000
The file ind54.csv has been created
Second DoUpdate(): 0:00:00.476000
DoEmigration(): 0:00:00.077000
DoOutMortality(): 0:00:00.015000
Third DoUpdate(): 0:00:00.061000
DoImmigration(): 0:00:00.390000
DoInMortality(): 0:00:00.014000
GetMetrics(): 0:00:00.050000
End Generation/Year Loop54: 0:00:01.110000

DoCDClimate(): 0:00:00.006000
DoMate(): 0:00:00.012000
DoOffspring(): 0:00:00.002000
The file ind55.csv has been created
Second DoUpdate(): 0:00:00.454000
DoEmigration(): 0:00:00.090000
DoOutMortality(): 0:00:00.013000
Third DoUpdate(): 0:00:00.052000
DoImmigration(): 0:00:00.597000
DoInMortality(): 0:00:00.014000
GetMetrics(): 0:00:00.053000
End Generation/Year Loop55: 0:00:01.305000

DoCDClimate(): 0:00:00.007000
DoMate(): 0:00:00.009000
DoOffspring(): 0:00:00.004000
The file ind56.csv has been created
Second DoUpdate(): 0:00:00.551000
DoEmigration(): 0:00:00.078000
DoOutMortality(): 0:00:00.012000
Third DoUpdate(): 0:00:00.056000
DoImmigration(): 0:00:00.673000
DoInMortality(): 0:00:00.014000
GetMetrics(): 0:00:00.058000
End Generation/Year Loop56: 0:00:01.471000

DoCDClimate(): 0:00:00.006000
DoMate(): 0:00:00.009000
DoOffspring(): 0:00:00.002000
The file ind57.csv has been created
Second DoUpdate(): 0:00:00.549000
DoEmigration(): 0:00:00.083000
DoOutMortality(): 0:00:00.016000
Third DoUpdate(): 0:00:00.066000
DoImmigration(): 0:00:00.456000
DoInMortality(): 0:00:00.016000
GetMetrics(): 0:00:00.064000
End Generation/Year Loop57: 0:00:01.276000

DoCDClimate(): 0:00:00.006000
DoMate(): 0:00:00.010000
DoOffspring(): 0:00:00.002000
The file ind58.csv has been created
Second DoUpdate(): 0:00:00.504000
DoEmigration(): 0:00:00.088000
DoOutMortality(): 0:00:00.015000
Third DoUpdate(): 0:00:00.068000
DoImmigration(): 0:00:00.566000
DoInMortality(): 0:00:00.016000
GetMetrics(): 0:00:00.058000
End Generation/Year Loop58: 0:00:01.344000

DoCDClimate(): 0:00:00.007000
DoMate(): 0:00:00.010000
DoOffspring(): 0:00:00.002000
The file ind59.csv has been created
Second DoUpdate(): 0:00:00.609000
DoEmigration(): 0:00:00.105000
DoOutMortality(): 0:00:00.025000
Third DoUpdate(): 0:00:00.082000
DoImmigration(): 0:00:00.445000
DoInMortality(): 0:00:00.015000
GetMetrics(): 0:00:00.053000
End Generation/Year Loop59: 0:00:01.364000

DoCDClimate(): 0:00:00.007000
DoMate(): 0:00:00.010000
DoOffspring(): 0:00:00.002000
The file ind60.csv has been created
Second DoUpdate(): 0:00:00.442000
DoEmigration(): 0:00:00.110000
DoOutMortality(): 0:00:00.015000
Third DoUpdate(): 0:00:00.052000
DoImmigration(): 0:00:00.483000
DoInMortality(): 0:00:00.015000
GetMetrics(): 0:00:00.058000
End Generation/Year Loop60: 0:00:01.205000

DoCDClimate(): 0:00:00.006000
DoMate(): 0:00:00.010000
DoOffspring(): 0:00:00.002000
The file ind61.csv has been created
Second DoUpdate(): 0:00:00.477000
DoEmigration(): 0:00:00.079000
DoOutMortality(): 0:00:00.014000
Third DoUpdate(): 0:00:00.064000
DoImmigration(): 0:00:00.534000
DoInMortality(): 0:00:00.016000
GetMetrics(): 0:00:00.059000
End Generation/Year Loop61: 0:00:01.270000

DoCDClimate(): 0:00:00.006000
DoMate(): 0:00:00.010000
DoOffspring(): 0:00:00.002000
The file ind62.csv has been created
Second DoUpdate(): 0:00:00.608000
DoEmigration(): 0:00:00.102000
DoOutMortality(): 0:00:00.021000
Third DoUpdate(): 0:00:00.069000
DoImmigration(): 0:00:00.522000
DoInMortality(): 0:00:00.016000
GetMetrics(): 0:00:00.064000
End Generation/Year Loop62: 0:00:01.425000

DoCDClimate(): 0:00:00.007000
DoMate(): 0:00:00.010000
DoOffspring(): 0:00:00.002000
The file ind63.csv has been created
Second DoUpdate(): 0:00:00.570000
DoEmigration(): 0:00:00.104000
DoOutMortality(): 0:00:00.014000
Third DoUpdate(): 0:00:00.078000
DoImmigration(): 0:00:00.548000
DoInMortality(): 0:00:00.017000
GetMetrics(): 0:00:00.060000
End Generation/Year Loop63: 0:00:01.423000

DoCDClimate(): 0:00:00.006000
DoMate(): 0:00:00.010000
DoOffspring(): 0:00:00.002000
The file ind64.csv has been created
Second DoUpdate(): 0:00:00.588000
DoEmigration(): 0:00:00.097000
DoOutMortality(): 0:00:00.013000
Third DoUpdate(): 0:00:00.065000
DoImmigration(): 0:00:00.476000
DoInMortality(): 0:00:00.015000
GetMetrics(): 0:00:00.059000
End Generation/Year Loop64: 0:00:01.343000

DoCDClimate(): 0:00:00.006000
DoMate(): 0:00:00.011000
DoOffspring(): 0:00:00.002000
The file ind65.csv has been created
Second DoUpdate(): 0:00:00.603000
DoEmigration(): 0:00:00.090000
DoOutMortality(): 0:00:00.016000
Third DoUpdate(): 0:00:00.063000
DoImmigration(): 0:00:00.598000
DoInMortality(): 0:00:00.027000
GetMetrics(): 0:00:00.079000
End Generation/Year Loop65: 0:00:01.506000

DoCDClimate(): 0:00:00.012000
DoMate(): 0:00:00.013000
DoOffspring(): 0:00:00.003000
The file ind66.csv has been created
Second DoUpdate(): 0:00:00.583000
DoEmigration(): 0:00:00.084000
DoOutMortality(): 0:00:00.015000
Third DoUpdate(): 0:00:00.067000
DoImmigration(): 0:00:00.496000
DoInMortality(): 0:00:00.022000
GetMetrics(): 0:00:00.056000
End Generation/Year Loop66: 0:00:01.362000

DoCDClimate(): 0:00:00.006000
DoMate(): 0:00:00.009000
DoOffspring(): 0:00:00.005000
The file ind67.csv has been created
Second DoUpdate(): 0:00:00.618000
DoEmigration(): 0:00:00.080000
DoOutMortality(): 0:00:00.014000
Third DoUpdate(): 0:00:00.061000
DoImmigration(): 0:00:00.442000
DoInMortality(): 0:00:00.017000
GetMetrics(): 0:00:00.059000
End Generation/Year Loop67: 0:00:01.321000

DoCDClimate(): 0:00:00.012000
DoMate(): 0:00:00.010000
DoOffspring(): 0:00:00.003000
The file ind68.csv has been created
Second DoUpdate(): 0:00:00.554000
DoEmigration(): 0:00:00.088000
DoOutMortality(): 0:00:00.015000
Third DoUpdate(): 0:00:00.063000
DoImmigration(): 0:00:00.465000
DoInMortality(): 0:00:00.017000
GetMetrics(): 0:00:00.058000
End Generation/Year Loop68: 0:00:01.295000

DoCDClimate(): 0:00:00.007000
DoMate(): 0:00:00.010000
DoOffspring(): 0:00:00.003000
The file ind69.csv has been created
Second DoUpdate(): 0:00:00.532000
DoEmigration(): 0:00:00.089000
DoOutMortality(): 0:00:00.018000
Third DoUpdate(): 0:00:00.066000
DoImmigration(): 0:00:00.523000
DoInMortality(): 0:00:00.015000
GetMetrics(): 0:00:00.057000
End Generation/Year Loop69: 0:00:01.329000

DoCDClimate(): 0:00:00.006000
DoMate(): 0:00:00.009000
DoOffspring(): 0:00:00.001000
The file ind70.csv has been created
Second DoUpdate(): 0:00:00.705000
DoEmigration(): 0:00:00.089000
DoOutMortality(): 0:00:00.015000
Third DoUpdate(): 0:00:00.066000
DoImmigration(): 0:00:00.469000
DoInMortality(): 0:00:00.017000
GetMetrics(): 0:00:00.064000
End Generation/Year Loop70: 0:00:01.453000

DoCDClimate(): 0:00:00.007000
DoMate(): 0:00:00.012000
DoOffspring(): 0:00:00.003000
The file ind71.csv has been created
Second DoUpdate(): 0:00:00.569000
DoEmigration(): 0:00:00.094000
DoOutMortality(): 0:00:00.016000
Third DoUpdate(): 0:00:00.069000
DoImmigration(): 0:00:00.429000
DoInMortality(): 0:00:00.016000
GetMetrics(): 0:00:00.055000
End Generation/Year Loop71: 0:00:01.280000

DoCDClimate(): 0:00:00.006000
DoMate(): 0:00:00.009000
DoOffspring(): 0:00:00.002000
The file ind72.csv has been created
Second DoUpdate(): 0:00:00.467000
DoEmigration(): 0:00:00.126000
DoOutMortality(): 0:00:00.016000
Third DoUpdate(): 0:00:00.071000
DoImmigration(): 0:00:00.517000
DoInMortality(): 0:00:00.015000
GetMetrics(): 0:00:00.057000
End Generation/Year Loop72: 0:00:01.297000

DoCDClimate(): 0:00:00.007000
DoMate(): 0:00:00.009000
DoOffspring(): 0:00:00.002000
The file ind73.csv has been created
Second DoUpdate(): 0:00:00.517000
DoEmigration(): 0:00:00.089000
DoOutMortality(): 0:00:00.020000
Third DoUpdate(): 0:00:00.068000
DoImmigration(): 0:00:00.520000
DoInMortality(): 0:00:00.016000
GetMetrics(): 0:00:00.055000
End Generation/Year Loop73: 0:00:01.314000

DoCDClimate(): 0:00:00.015000
DoMate(): 0:00:00.011000
DoOffspring(): 0:00:00.003000
The file ind74.csv has been created
Second DoUpdate(): 0:00:00.534000
DoEmigration(): 0:00:00.082000
DoOutMortality(): 0:00:00.014000
Third DoUpdate(): 0:00:00.060000
DoImmigration(): 0:00:00.642000
DoInMortality(): 0:00:00.023000
GetMetrics(): 0:00:00.072000
End Generation/Year Loop74: 0:00:01.465000

DoCDClimate(): 0:00:00.008000
DoMate(): 0:00:00.011000
DoOffspring(): 0:00:00.003000
The file ind75.csv has been created
Second DoUpdate(): 0:00:00.496000
DoEmigration(): 0:00:00.078000
DoOutMortality(): 0:00:00.014000
Third DoUpdate(): 0:00:00.059000
DoImmigration(): 0:00:00.427000
DoInMortality(): 0:00:00.016000
GetMetrics(): 0:00:00.067000
End Generation/Year Loop75: 0:00:01.189000

DoCDClimate(): 0:00:00.006000
DoMate(): 0:00:00.010000
DoOffspring(): 0:00:00.002000
The file ind76.csv has been created
Second DoUpdate(): 0:00:00.592000
DoEmigration(): 0:00:00.091000
DoOutMortality(): 0:00:00.016000
Third DoUpdate(): 0:00:00.064000
DoImmigration(): 0:00:00.535000
DoInMortality(): 0:00:00.016000
GetMetrics(): 0:00:00.056000
End Generation/Year Loop76: 0:00:01.398000

DoCDClimate(): 0:00:00.006000
DoMate(): 0:00:00.011000
DoOffspring(): 0:00:00.002000
The file ind77.csv has been created
Second DoUpdate(): 0:00:00.494000
DoEmigration(): 0:00:00.078000
DoOutMortality(): 0:00:00.014000
Third DoUpdate(): 0:00:00.060000
DoImmigration(): 0:00:00.512000
DoInMortality(): 0:00:00.015000
GetMetrics(): 0:00:00.060000
End Generation/Year Loop77: 0:00:01.263000

DoCDClimate(): 0:00:00.006000
DoMate(): 0:00:00.010000
DoOffspring(): 0:00:00.003000
The file ind78.csv has been created
Second DoUpdate(): 0:00:00.520000
DoEmigration(): 0:00:00.085000
DoOutMortality(): 0:00:00.015000
Third DoUpdate(): 0:00:00.062000
DoImmigration(): 0:00:00.497000
DoInMortality(): 0:00:00.016000
GetMetrics(): 0:00:00.059000
End Generation/Year Loop78: 0:00:01.284000

DoCDClimate(): 0:00:00.006000
DoMate(): 0:00:00.009000
DoOffspring(): 0:00:00.002000
The file ind79.csv has been created
Second DoUpdate(): 0:00:00.505000
DoEmigration(): 0:00:00.097000
DoOutMortality(): 0:00:00.014000
Third DoUpdate(): 0:00:00.067000
DoImmigration(): 0:00:00.463000
DoInMortality(): 0:00:00.015000
GetMetrics(): 0:00:00.055000
End Generation/Year Loop79: 0:00:01.245000

DoCDClimate(): 0:00:00.007000
DoMate(): 0:00:00.010000
DoOffspring(): 0:00:00.002000
The file ind80.csv has been created
Second DoUpdate(): 0:00:00.526000
DoEmigration(): 0:00:00.091000
DoOutMortality(): 0:00:00.016000
Third DoUpdate(): 0:00:00.086000
DoImmigration(): 0:00:00.491000
DoInMortality(): 0:00:00.015000
GetMetrics(): 0:00:00.055000
End Generation/Year Loop80: 0:00:01.310000

DoCDClimate(): 0:00:00.006000
DoMate(): 0:00:00.009000
DoOffspring(): 0:00:00.002000
The file ind81.csv has been created
Second DoUpdate(): 0:00:00.496000
DoEmigration(): 0:00:00.082000
DoOutMortality(): 0:00:00.015000
Third DoUpdate(): 0:00:00.065000
DoImmigration(): 0:00:00.482000
DoInMortality(): 0:00:00.017000
GetMetrics(): 0:00:00.066000
End Generation/Year Loop81: 0:00:01.250000

DoCDClimate(): 0:00:00.007000
DoMate(): 0:00:00.012000
DoOffspring(): 0:00:00.003000
The file ind82.csv has been created
Second DoUpdate(): 0:00:00.666000
DoEmigration(): 0:00:00.087000
DoOutMortality(): 0:00:00.015000
Third DoUpdate(): 0:00:00.064000
DoImmigration(): 0:00:00.576000
DoInMortality(): 0:00:00.017000
GetMetrics(): 0:00:00.064000
End Generation/Year Loop82: 0:00:01.523000

DoCDClimate(): 0:00:00.006000
DoMate(): 0:00:00.011000
DoOffspring(): 0:00:00.002000
The file ind83.csv has been created
Second DoUpdate(): 0:00:00.580000
DoEmigration(): 0:00:00.119000
DoOutMortality(): 0:00:00.019000
Third DoUpdate(): 0:00:00.096000
DoImmigration(): 0:00:00.637000
DoInMortality(): 0:00:00.018000
GetMetrics(): 0:00:00.073000
End Generation/Year Loop83: 0:00:01.571000

DoCDClimate(): 0:00:00.008000
DoMate(): 0:00:00.011000
DoOffspring(): 0:00:00.002000
The file ind84.csv has been created
Second DoUpdate(): 0:00:00.647000
DoEmigration(): 0:00:00.093000
DoOutMortality(): 0:00:00.015000
Third DoUpdate(): 0:00:00.070000
DoImmigration(): 0:00:00.457000
DoInMortality(): 0:00:00.017000
GetMetrics(): 0:00:00.056000
End Generation/Year Loop84: 0:00:01.386000

DoCDClimate(): 0:00:00.006000
DoMate(): 0:00:00.011000
DoOffspring(): 0:00:00.002000
The file ind85.csv has been created
Second DoUpdate(): 0:00:00.547000
DoEmigration(): 0:00:00.077000
DoOutMortality(): 0:00:00.014000
Third DoUpdate(): 0:00:00.059000
DoImmigration(): 0:00:00.589000
DoInMortality(): 0:00:00.017000
GetMetrics(): 0:00:00.064000
End Generation/Year Loop85: 0:00:01.394000

DoCDClimate(): 0:00:00.007000
DoMate(): 0:00:00.015000
DoOffspring(): 0:00:00.002000
The file ind86.csv has been created
Second DoUpdate(): 0:00:00.481000
DoEmigration(): 0:00:00.114000
DoOutMortality(): 0:00:00.014000
Third DoUpdate(): 0:00:00.081000
DoImmigration(): 0:00:00.461000
DoInMortality(): 0:00:00.016000
GetMetrics(): 0:00:00.059000
End Generation/Year Loop86: 0:00:01.262000

DoCDClimate(): 0:00:00.005000
DoMate(): 0:00:00.013000
DoOffspring(): 0:00:00.003000
The file ind87.csv has been created
Second DoUpdate(): 0:00:00.678000
DoEmigration(): 0:00:00.085000
DoOutMortality(): 0:00:00.015000
Third DoUpdate(): 0:00:00.060000
DoImmigration(): 0:00:00.534000
DoInMortality(): 0:00:00.016000
GetMetrics(): 0:00:00.059000
End Generation/Year Loop87: 0:00:01.477000

DoCDClimate(): 0:00:00.007000
DoMate(): 0:00:00.017000
DoOffspring(): 0:00:00.002000
The file ind88.csv has been created
Second DoUpdate(): 0:00:00.607000
DoEmigration(): 0:00:00.087000
DoOutMortality(): 0:00:00.015000
Third DoUpdate(): 0:00:00.065000
DoImmigration(): 0:00:00.483000
DoInMortality(): 0:00:00.016000
GetMetrics(): 0:00:00.058000
End Generation/Year Loop88: 0:00:01.366000

DoCDClimate(): 0:00:00.007000
DoMate(): 0:00:00.011000
DoOffspring(): 0:00:00.003000
The file ind89.csv has been created
Second DoUpdate(): 0:00:00.519000
DoEmigration(): 0:00:00.080000
DoOutMortality(): 0:00:00.015000
Third DoUpdate(): 0:00:00.063000
DoImmigration(): 0:00:00.458000
DoInMortality(): 0:00:00.024000
GetMetrics(): 0:00:00.059000
End Generation/Year Loop89: 0:00:01.247000

DoCDClimate(): 0:00:00.006000
DoMate(): 0:00:00.013000
DoOffspring(): 0:00:00.002000
The file ind90.csv has been created
Second DoUpdate(): 0:00:00.500000
DoEmigration(): 0:00:00.102000
DoOutMortality(): 0:00:00.017000
Third DoUpdate(): 0:00:00.064000
DoImmigration(): 0:00:00.626000
DoInMortality(): 0:00:00.016000
GetMetrics(): 0:00:00.062000
End Generation/Year Loop90: 0:00:01.419000

DoCDClimate(): 0:00:00.006000
DoMate(): 0:00:00.011000
DoOffspring(): 0:00:00.002000
The file ind91.csv has been created
Second DoUpdate(): 0:00:00.538000
DoEmigration(): 0:00:00.114000
DoOutMortality(): 0:00:00.022000
Third DoUpdate(): 0:00:00.089000
DoImmigration(): 0:00:00.609000
DoInMortality(): 0:00:00.016000
GetMetrics(): 0:00:00.063000
End Generation/Year Loop91: 0:00:01.482000

DoCDClimate(): 0:00:00.006000
DoMate(): 0:00:00.011000
DoOffspring(): 0:00:00.003000
The file ind92.csv has been created
Second DoUpdate(): 0:00:00.626000
DoEmigration(): 0:00:00.098000
DoOutMortality(): 0:00:00.017000
Third DoUpdate(): 0:00:00.082000
DoImmigration(): 0:00:00.614000
DoInMortality(): 0:00:00.017000
GetMetrics(): 0:00:00.065000
End Generation/Year Loop92: 0:00:01.548000

DoCDClimate(): 0:00:00.008000
DoMate(): 0:00:00.011000
DoOffspring(): 0:00:00.003000
The file ind93.csv has been created
Second DoUpdate(): 0:00:00.545000
DoEmigration(): 0:00:00.084000
DoOutMortality(): 0:00:00.014000
Third DoUpdate(): 0:00:00.064000
DoImmigration(): 0:00:00.465000
DoInMortality(): 0:00:00.016000
GetMetrics(): 0:00:00.065000
End Generation/Year Loop93: 0:00:01.285000

DoCDClimate(): 0:00:00.007000
DoMate(): 0:00:00.011000
DoOffspring(): 0:00:00.002000
The file ind94.csv has been created
Second DoUpdate(): 0:00:00.503000
DoEmigration(): 0:00:00.084000
DoOutMortality(): 0:00:00.014000
Third DoUpdate(): 0:00:00.058000
DoImmigration(): 0:00:00.467000
DoInMortality(): 0:00:00.015000
GetMetrics(): 0:00:00.054000
End Generation/Year Loop94: 0:00:01.226000

DoCDClimate(): 0:00:00.006000
DoMate(): 0:00:00.010000
DoOffspring(): 0:00:00.002000
The file ind95.csv has been created
Second DoUpdate(): 0:00:00.454000
DoEmigration(): 0:00:00.074000
DoOutMortality(): 0:00:00.014000
Third DoUpdate(): 0:00:00.059000
DoImmigration(): 0:00:00.508000
DoInMortality(): 0:00:00.028000
GetMetrics(): 0:00:00.068000
End Generation/Year Loop95: 0:00:01.231000

DoCDClimate(): 0:00:00.007000
DoMate(): 0:00:00.009000
DoOffspring(): 0:00:00.003000
The file ind96.csv has been created
Second DoUpdate(): 0:00:00.520000
DoEmigration(): 0:00:00.087000
DoOutMortality(): 0:00:00.017000
Third DoUpdate(): 0:00:00.064000
DoImmigration(): 0:00:00.704000
DoInMortality(): 0:00:00.016000
GetMetrics(): 0:00:00.069000
End Generation/Year Loop96: 0:00:01.504000

DoCDClimate(): 0:00:00.007000
DoMate(): 0:00:00.010000
DoOffspring(): 0:00:00.002000
The file ind97.csv has been created
Second DoUpdate(): 0:00:00.576000
DoEmigration(): 0:00:00.106000
DoOutMortality(): 0:00:00.017000
Third DoUpdate(): 0:00:00.079000
DoImmigration(): 0:00:00.452000
DoInMortality(): 0:00:00.015000
GetMetrics(): 0:00:00.052000
End Generation/Year Loop97: 0:00:01.324000

DoCDClimate(): 0:00:00.005000
DoMate(): 0:00:00.009000
DoOffspring(): 0:00:00.003000
The file ind98.csv has been created
Second DoUpdate(): 0:00:00.615000
DoEmigration(): 0:00:00.095000
DoOutMortality(): 0:00:00.015000
Third DoUpdate(): 0:00:00.060000
DoImmigration(): 0:00:00.454000
DoInMortality(): 0:00:00.015000
GetMetrics(): 0:00:00.053000
End Generation/Year Loop98: 0:00:01.337000

DoCDClimate(): 0:00:00.006000
DoMate(): 0:00:00.009000
DoOffspring(): 0:00:00.002000
The file ind99.csv has been created
Second DoUpdate(): 0:00:00.448000
DoEmigration(): 0:00:00.075000
DoOutMortality(): 0:00:00.014000
Third DoUpdate(): 0:00:00.053000
DoImmigration(): 0:00:00.542000
DoInMortality(): 0:00:00.020000
GetMetrics(): 0:00:00.071000
End Generation/Year Loop99: 0:00:01.248000

DoCDClimate(): 0:00:00.010000
DoMate(): 0:00:00.014000
DoOffspring(): 0:00:00.004000
The file ind100.csv has been created
Second DoUpdate(): 0:00:00.515000
DoEmigration(): 0:00:00.117000
DoOutMortality(): 0:00:00.014000
Third DoUpdate(): 0:00:00.057000
DoImmigration(): 0:00:00.436000
DoInMortality(): 0:00:00.016000
GetMetrics(): 0:00:00.051000
End Generation/Year Loop100: 0:00:01.244000

DoCDClimate(): 0:00:00.006000
DoMate(): 0:00:00.010000
DoOffspring(): 0:00:00.002000
The file ind101.csv has been created
Second DoUpdate(): 0:00:00.479000
DoEmigration(): 0:00:00.079000
DoOutMortality(): 0:00:00.014000
Third DoUpdate(): 0:00:00.058000
DoImmigration(): 0:00:00.499000
DoInMortality(): 0:00:00.016000
GetMetrics(): 0:00:00.054000
End Generation/Year Loop101: 0:00:01.225000

DoCDClimate(): 0:00:00.005000
DoMate(): 0:00:00.010000
DoOffspring(): 0:00:00.002000
The file ind102.csv has been created
Second DoUpdate(): 0:00:00.520000
DoEmigration(): 0:00:00.081000
DoOutMortality(): 0:00:00.018000
Third DoUpdate(): 0:00:00.082000
DoImmigration(): 0:00:00.432000
DoInMortality(): 0:00:00.015000
GetMetrics(): 0:00:00.063000
End Generation/Year Loop102: 0:00:01.241000

DoCDClimate(): 0:00:00.006000
DoMate(): 0:00:00.010000
DoOffspring(): 0:00:00.002000
The file ind103.csv has been created
Second DoUpdate(): 0:00:00.726000
DoEmigration(): 0:00:00.084000
DoOutMortality(): 0:00:00.014000
Third DoUpdate(): 0:00:00.080000
DoImmigration(): 0:00:00.406000
DoInMortality(): 0:00:00.015000
GetMetrics(): 0:00:00.053000
End Generation/Year Loop103: 0:00:01.408000

DoCDClimate(): 0:00:00.007000
DoMate(): 0:00:00.011000
DoOffspring(): 0:00:00.002000
The file ind104.csv has been created
Second DoUpdate(): 0:00:00.468000
DoEmigration(): 0:00:00.077000
DoOutMortality(): 0:00:00.012000
Third DoUpdate(): 0:00:00.054000
DoImmigration(): 0:00:00.634000
DoInMortality(): 0:00:00.015000
GetMetrics(): 0:00:00.053000
End Generation/Year Loop104: 0:00:01.342000

DoCDClimate(): 0:00:00.006000
DoMate(): 0:00:00.010000
DoOffspring(): 0:00:00.002000
The file ind105.csv has been created
Second DoUpdate(): 0:00:00.421000
DoEmigration(): 0:00:00.077000
DoOutMortality(): 0:00:00.014000
Third DoUpdate(): 0:00:00.052000
DoImmigration(): 0:00:00.466000
DoInMortality(): 0:00:00.015000
GetMetrics(): 0:00:00.054000
End Generation/Year Loop105: 0:00:01.126000

DoCDClimate(): 0:00:00.006000
DoMate(): 0:00:00.010000
DoOffspring(): 0:00:00.002000
The file ind106.csv has been created
Second DoUpdate(): 0:00:00.442000
DoEmigration(): 0:00:00.076000
DoOutMortality(): 0:00:00.014000
Third DoUpdate(): 0:00:00.056000
DoImmigration(): 0:00:00.480000
DoInMortality(): 0:00:00.025000
GetMetrics(): 0:00:00.075000
End Generation/Year Loop106: 0:00:01.196000

DoCDClimate(): 0:00:00.011000
DoMate(): 0:00:00.015000
DoOffspring(): 0:00:00.003000
The file ind107.csv has been created
Second DoUpdate(): 0:00:00.806000
DoEmigration(): 0:00:00.097000
DoOutMortality(): 0:00:00.020000
Third DoUpdate(): 0:00:00.088000
DoImmigration(): 0:00:00.688000
DoInMortality(): 0:00:00.018000
GetMetrics(): 0:00:00.070000
End Generation/Year Loop107: 0:00:01.826000

DoCDClimate(): 0:00:00.008000
DoMate(): 0:00:00.011000
DoOffspring(): 0:00:00.003000
The file ind108.csv has been created
Second DoUpdate(): 0:00:00.842000
DoEmigration(): 0:00:00.143000
DoOutMortality(): 0:00:00.016000
Third DoUpdate(): 0:00:00.075000
DoImmigration(): 0:00:00.552000
DoInMortality(): 0:00:00.019000
GetMetrics(): 0:00:00.077000
End Generation/Year Loop108: 0:00:01.758000

DoCDClimate(): 0:00:00.013000
DoMate(): 0:00:00.016000
DoOffspring(): 0:00:00.002000
The file ind109.csv has been created
Second DoUpdate(): 0:00:00.869000
DoEmigration(): 0:00:00.123000
DoOutMortality(): 0:00:00.023000
Third DoUpdate(): 0:00:00.112000
DoImmigration(): 0:00:00.627000
DoInMortality(): 0:00:00.021000
GetMetrics(): 0:00:00.078000
End Generation/Year Loop109: 0:00:01.893000

DoCDClimate(): 0:00:00.009000
DoMate(): 0:00:00.018000
DoOffspring(): 0:00:00.003000
The file ind110.csv has been created
Second DoUpdate(): 0:00:00.889000
DoEmigration(): 0:00:00.145000
DoOutMortality(): 0:00:00.028000
Third DoUpdate(): 0:00:00.103000
DoImmigration(): 0:00:00.627000
DoInMortality(): 0:00:00.019000
GetMetrics(): 0:00:00.063000
End Generation/Year Loop110: 0:00:01.912000

DoCDClimate(): 0:00:00.007000
DoMate(): 0:00:00.012000
DoOffspring(): 0:00:00.003000
The file ind111.csv has been created
Second DoUpdate(): 0:00:00.609000
DoEmigration(): 0:00:00.122000
DoOutMortality(): 0:00:00.018000
Third DoUpdate(): 0:00:00.094000
DoImmigration(): 0:00:00.725000
DoInMortality(): 0:00:00.019000
GetMetrics(): 0:00:00.076000
End Generation/Year Loop111: 0:00:01.694000

DoCDClimate(): 0:00:00.009000
DoMate(): 0:00:00.017000
DoOffspring(): 0:00:00.003000
The file ind112.csv has been created
Second DoUpdate(): 0:00:00.663000
DoEmigration(): 0:00:00.100000
DoOutMortality(): 0:00:00.021000
Third DoUpdate(): 0:00:00.087000
DoImmigration(): 0:00:00.584000
DoInMortality(): 0:00:00.016000
GetMetrics(): 0:00:00.060000
End Generation/Year Loop112: 0:00:01.574000

DoCDClimate(): 0:00:00.006000
DoMate(): 0:00:00.010000
DoOffspring(): 0:00:00.002000
The file ind113.csv has been created
Second DoUpdate(): 0:00:00.706000
DoEmigration(): 0:00:00.086000
DoOutMortality(): 0:00:00.015000
Third DoUpdate(): 0:00:00.067000
DoImmigration(): 0:00:00.471000
DoInMortality(): 0:00:00.028000
GetMetrics(): 0:00:00.064000
End Generation/Year Loop113: 0:00:01.466000

DoCDClimate(): 0:00:00.010000
DoMate(): 0:00:00.012000
DoOffspring(): 0:00:00.004000
The file ind114.csv has been created
Second DoUpdate(): 0:00:00.603000
DoEmigration(): 0:00:00.088000
DoOutMortality(): 0:00:00.021000
Third DoUpdate(): 0:00:00.063000
DoImmigration(): 0:00:00.546000
DoInMortality(): 0:00:00.016000
GetMetrics(): 0:00:00.052000
End Generation/Year Loop114: 0:00:01.424000

DoCDClimate(): 0:00:00.007000
DoMate(): 0:00:00.010000
DoOffspring(): 0:00:00.002000
The file ind115.csv has been created
Second DoUpdate(): 0:00:00.479000
DoEmigration(): 0:00:00.083000
DoOutMortality(): 0:00:00.015000
Third DoUpdate(): 0:00:00.083000
DoImmigration(): 0:00:00.504000
DoInMortality(): 0:00:00.017000
GetMetrics(): 0:00:00.059000
End Generation/Year Loop115: 0:00:01.267000

DoCDClimate(): 0:00:00.007000
DoMate(): 0:00:00.011000
DoOffspring(): 0:00:00.002000
The file ind116.csv has been created
Second DoUpdate(): 0:00:00.524000
DoEmigration(): 0:00:00.086000
DoOutMortality(): 0:00:00.014000
Third DoUpdate(): 0:00:00.058000
DoImmigration(): 0:00:00.435000
DoInMortality(): 0:00:00.015000
GetMetrics(): 0:00:00.049000
End Generation/Year Loop116: 0:00:01.208000

DoCDClimate(): 0:00:00.006000
DoMate(): 0:00:00.011000
DoOffspring(): 0:00:00.002000
The file ind117.csv has been created
Second DoUpdate(): 0:00:00.565000
DoEmigration(): 0:00:00.120000
DoOutMortality(): 0:00:00.017000
Third DoUpdate(): 0:00:00.090000
DoImmigration(): 0:00:00.507000
DoInMortality(): 0:00:00.015000
GetMetrics(): 0:00:00.060000
End Generation/Year Loop117: 0:00:01.402000

DoCDClimate(): 0:00:00.006000
DoMate(): 0:00:00.010000
DoOffspring(): 0:00:00.002000
The file ind118.csv has been created
Second DoUpdate(): 0:00:00.502000
DoEmigration(): 0:00:00.084000
DoOutMortality(): 0:00:00.014000
Third DoUpdate(): 0:00:00.064000
DoImmigration(): 0:00:00.543000
DoInMortality(): 0:00:00.016000
GetMetrics(): 0:00:00.058000
End Generation/Year Loop118: 0:00:01.307000

DoCDClimate(): 0:00:00.006000
DoMate(): 0:00:00.010000
DoOffspring(): 0:00:00.002000
The file ind119.csv has been created
Second DoUpdate(): 0:00:00.753000
DoEmigration(): 0:00:00.132000
DoOutMortality(): 0:00:00.015000
Third DoUpdate(): 0:00:00.067000
DoImmigration(): 0:00:00.535000
DoInMortality(): 0:00:00.016000
GetMetrics(): 0:00:00.061000
End Generation/Year Loop119: 0:00:01.605000

DoCDClimate(): 0:00:00.006000
DoMate(): 0:00:00.010000
DoOffspring(): 0:00:00.002000
The file ind120.csv has been created
Second DoUpdate(): 0:00:00.540000
DoEmigration(): 0:00:00.091000
DoOutMortality(): 0:00:00.015000
Third DoUpdate(): 0:00:00.071000
DoImmigration(): 0:00:00.515000
DoInMortality(): 0:00:00.015000
GetMetrics(): 0:00:00.063000
End Generation/Year Loop120: 0:00:01.338000

DoCDClimate(): 0:00:00.006000
DoMate(): 0:00:00.010000
DoOffspring(): 0:00:00.002000
The file ind121.csv has been created
Second DoUpdate(): 0:00:00.506000
DoEmigration(): 0:00:00.091000
DoOutMortality(): 0:00:00.018000
Third DoUpdate(): 0:00:00.071000
DoImmigration(): 0:00:00.572000
DoInMortality(): 0:00:00.018000
GetMetrics(): 0:00:00.066000
End Generation/Year Loop121: 0:00:01.366000

DoCDClimate(): 0:00:00.008000
DoMate(): 0:00:00.012000
DoOffspring(): 0:00:00.003000
The file ind122.csv has been created
Second DoUpdate(): 0:00:00.521000
DoEmigration(): 0:00:00.081000
DoOutMortality(): 0:00:00.013000
Third DoUpdate(): 0:00:00.056000
DoImmigration(): 0:00:00.439000
DoInMortality(): 0:00:00.017000
GetMetrics(): 0:00:00.056000
End Generation/Year Loop122: 0:00:01.216000

DoCDClimate(): 0:00:00.007000
DoMate(): 0:00:00.010000
DoOffspring(): 0:00:00.002000
The file ind123.csv has been created
Second DoUpdate(): 0:00:00.604000
DoEmigration(): 0:00:00.141000
DoOutMortality(): 0:00:00.034000
Third DoUpdate(): 0:00:00.070000
DoImmigration(): 0:00:00.514000
DoInMortality(): 0:00:00.017000
GetMetrics(): 0:00:00.059000
End Generation/Year Loop123: 0:00:01.467000

DoCDClimate(): 0:00:00.007000
DoMate(): 0:00:00.014000
DoOffspring(): 0:00:00.002000
The file ind124.csv has been created
Second DoUpdate(): 0:00:00.533000
DoEmigration(): 0:00:00.096000
DoOutMortality(): 0:00:00.015000
Third DoUpdate(): 0:00:00.063000
DoImmigration(): 0:00:00.461000
DoInMortality(): 0:00:00.017000
GetMetrics(): 0:00:00.060000
End Generation/Year Loop124: 0:00:01.276000

DoCDClimate(): 0:00:00.007000
DoMate(): 0:00:00.011000
DoOffspring(): 0:00:00.003000
The file ind125.csv has been created
Second DoUpdate(): 0:00:00.563000
DoEmigration(): 0:00:00.101000
DoOutMortality(): 0:00:00.025000
Third DoUpdate(): 0:00:00.081000
DoImmigration(): 0:00:00.596000
DoInMortality(): 0:00:00.017000
GetMetrics(): 0:00:00.063000
End Generation/Year Loop125: 0:00:01.478000

DoCDClimate(): 0:00:00.007000
DoMate(): 0:00:00.020000
DoOffspring(): 0:00:00.003000
The file ind126.csv has been created
Second DoUpdate(): 0:00:00.615000
DoEmigration(): 0:00:00.149000
DoOutMortality(): 0:00:00.031000
Third DoUpdate(): 0:00:00.107000
DoImmigration(): 0:00:00.637000
DoInMortality(): 0:00:00.025000
GetMetrics(): 0:00:00.076000
End Generation/Year Loop126: 0:00:01.780000

DoCDClimate(): 0:00:00.008000
DoMate(): 0:00:00.013000
DoOffspring(): 0:00:00.005000
The file ind127.csv has been created
Second DoUpdate(): 0:00:00.577000
DoEmigration(): 0:00:00.089000
DoOutMortality(): 0:00:00.016000
Third DoUpdate(): 0:00:00.069000
DoImmigration(): 0:00:00.663000
DoInMortality(): 0:00:00.019000
GetMetrics(): 0:00:00.076000
End Generation/Year Loop127: 0:00:01.542000

DoCDClimate(): 0:00:00.016000
DoMate(): 0:00:00.015000
DoOffspring(): 0:00:00.006000
The file ind128.csv has been created
Second DoUpdate(): 0:00:00.597000
DoEmigration(): 0:00:00.091000
DoOutMortality(): 0:00:00.016000
Third DoUpdate(): 0:00:00.074000
DoImmigration(): 0:00:00.411000
DoInMortality(): 0:00:00.016000
GetMetrics(): 0:00:00.071000
End Generation/Year Loop128: 0:00:01.323000

DoCDClimate(): 0:00:00.007000
DoMate(): 0:00:00.010000
DoOffspring(): 0:00:00.002000
The file ind129.csv has been created
Second DoUpdate(): 0:00:00.534000
DoEmigration(): 0:00:00.093000
DoOutMortality(): 0:00:00.016000
Third DoUpdate(): 0:00:00.066000
DoImmigration(): 0:00:00.577000
DoInMortality(): 0:00:00.021000
GetMetrics(): 0:00:00.064000
End Generation/Year Loop129: 0:00:01.399000

DoCDClimate(): 0:00:00.008000
DoMate(): 0:00:00.012000
DoOffspring(): 0:00:00.002000
The file ind130.csv has been created
Second DoUpdate(): 0:00:00.681000
DoEmigration(): 0:00:00.109000
DoOutMortality(): 0:00:00.020000
Third DoUpdate(): 0:00:00.067000
DoImmigration(): 0:00:00.488000
DoInMortality(): 0:00:00.016000
GetMetrics(): 0:00:00.058000
End Generation/Year Loop130: 0:00:01.473000

DoCDClimate(): 0:00:00.007000
DoMate(): 0:00:00.011000
DoOffspring(): 0:00:00.003000
The file ind131.csv has been created
Second DoUpdate(): 0:00:00.484000
DoEmigration(): 0:00:00.077000
DoOutMortality(): 0:00:00.013000
Third DoUpdate(): 0:00:00.056000
DoImmigration(): 0:00:00.669000
DoInMortality(): 0:00:00.018000
GetMetrics(): 0:00:00.063000
End Generation/Year Loop131: 0:00:01.412000

DoCDClimate(): 0:00:00.006000
DoMate(): 0:00:00.025000
DoOffspring(): 0:00:00.003000
The file ind132.csv has been created
Second DoUpdate(): 0:00:00.517000
DoEmigration(): 0:00:00.076000
DoOutMortality(): 0:00:00.014000
Third DoUpdate(): 0:00:00.054000
DoImmigration(): 0:00:00.389000
DoInMortality(): 0:00:00.015000
GetMetrics(): 0:00:00.056000
End Generation/Year Loop132: 0:00:01.164000

DoCDClimate(): 0:00:00.006000
DoMate(): 0:00:00.013000
DoOffspring(): 0:00:00.002000
The file ind133.csv has been created
Second DoUpdate(): 0:00:00.449000
DoEmigration(): 0:00:00.078000
DoOutMortality(): 0:00:00.014000
Third DoUpdate(): 0:00:00.057000
DoImmigration(): 0:00:00.404000
DoInMortality(): 0:00:00.014000
GetMetrics(): 0:00:00.049000
End Generation/Year Loop133: 0:00:01.097000

DoCDClimate(): 0:00:00.005000
DoMate(): 0:00:00.010000
DoOffspring(): 0:00:00.002000
The file ind134.csv has been created
Second DoUpdate(): 0:00:00.588000
DoEmigration(): 0:00:00.085000
DoOutMortality(): 0:00:00.015000
Third DoUpdate(): 0:00:00.059000
DoImmigration(): 0:00:00.538000
DoInMortality(): 0:00:00.016000
GetMetrics(): 0:00:00.055000
End Generation/Year Loop134: 0:00:01.385000

DoCDClimate(): 0:00:00.006000
DoMate(): 0:00:00.010000
DoOffspring(): 0:00:00.002000
The file ind135.csv has been created
Second DoUpdate(): 0:00:00.493000
DoEmigration(): 0:00:00.094000
DoOutMortality(): 0:00:00.015000
Third DoUpdate(): 0:00:00.062000
DoImmigration(): 0:00:00.493000
DoInMortality(): 0:00:00.017000
GetMetrics(): 0:00:00.067000
End Generation/Year Loop135: 0:00:01.270000

DoCDClimate(): 0:00:00.007000
DoMate(): 0:00:00.012000
DoOffspring(): 0:00:00.002000
The file ind136.csv has been created
Second DoUpdate(): 0:00:00.579000
DoEmigration(): 0:00:00.096000
DoOutMortality(): 0:00:00.018000
Third DoUpdate(): 0:00:00.073000
DoImmigration(): 0:00:00.567000
DoInMortality(): 0:00:00.018000
GetMetrics(): 0:00:00.068000
End Generation/Year Loop136: 0:00:01.448000

DoCDClimate(): 0:00:00.007000
DoMate(): 0:00:00.012000
DoOffspring(): 0:00:00.002000
The file ind137.csv has been created
Second DoUpdate(): 0:00:00.637000
DoEmigration(): 0:00:00.104000
DoOutMortality(): 0:00:00.017000
Third DoUpdate(): 0:00:00.079000
DoImmigration(): 0:00:00.858000
DoInMortality(): 0:00:00.017000
GetMetrics(): 0:00:00.069000
End Generation/Year Loop137: 0:00:01.811000

DoCDClimate(): 0:00:00.007000
DoMate(): 0:00:00.016000
DoOffspring(): 0:00:00.002000
The file ind138.csv has been created
Second DoUpdate(): 0:00:00.828000
DoEmigration(): 0:00:00.096000
DoOutMortality(): 0:00:00.016000
Third DoUpdate(): 0:00:00.076000
DoImmigration(): 0:00:00.635000
DoInMortality(): 0:00:00.023000
GetMetrics(): 0:00:00.076000
End Generation/Year Loop138: 0:00:01.785000

DoCDClimate(): 0:00:00.008000
DoMate(): 0:00:00.014000
DoOffspring(): 0:00:00.003000
The file ind139.csv has been created
Second DoUpdate(): 0:00:00.617000
DoEmigration(): 0:00:00.097000
DoOutMortality(): 0:00:00.018000
Third DoUpdate(): 0:00:00.082000
DoImmigration(): 0:00:00.803000
DoInMortality(): 0:00:00.020000
GetMetrics(): 0:00:00.082000
End Generation/Year Loop139: 0:00:01.750000

DoCDClimate(): 0:00:00.007000
DoMate(): 0:00:00.016000
DoOffspring(): 0:00:00.003000
The file ind140.csv has been created
Second DoUpdate(): 0:00:00.644000
DoEmigration(): 0:00:00.099000
DoOutMortality(): 0:00:00.021000
Third DoUpdate(): 0:00:00.075000
DoImmigration(): 0:00:00.604000
DoInMortality(): 0:00:00.017000
GetMetrics(): 0:00:00.063000
End Generation/Year Loop140: 0:00:01.558000

DoCDClimate(): 0:00:00.007000
DoMate(): 0:00:00.011000
DoOffspring(): 0:00:00.003000
The file ind141.csv has been created
Second DoUpdate(): 0:00:00.636000
DoEmigration(): 0:00:00.158000
DoOutMortality(): 0:00:00.026000
Third DoUpdate(): 0:00:00.121000
DoImmigration(): 0:00:00.549000
DoInMortality(): 0:00:00.017000
GetMetrics(): 0:00:00.062000
End Generation/Year Loop141: 0:00:01.598000

DoCDClimate(): 0:00:00.007000
DoMate(): 0:00:00.011000
DoOffspring(): 0:00:00.004000
The file ind142.csv has been created
Second DoUpdate(): 0:00:00.571000
DoEmigration(): 0:00:00.091000
DoOutMortality(): 0:00:00.015000
Third DoUpdate(): 0:00:00.075000
DoImmigration(): 0:00:00.529000
DoInMortality(): 0:00:00.017000
GetMetrics(): 0:00:00.060000
End Generation/Year Loop142: 0:00:01.390000

DoCDClimate(): 0:00:00.007000
DoMate(): 0:00:00.012000
DoOffspring(): 0:00:00.003000
The file ind143.csv has been created
Second DoUpdate(): 0:00:00.548000
DoEmigration(): 0:00:00.088000
DoOutMortality(): 0:00:00.015000
Third DoUpdate(): 0:00:00.061000
DoImmigration(): 0:00:00.683000
DoInMortality(): 0:00:00.015000
GetMetrics(): 0:00:00.059000
End Generation/Year Loop143: 0:00:01.500000

DoCDClimate(): 0:00:00.007000
DoMate(): 0:00:00.009000
DoOffspring(): 0:00:00.002000
The file ind144.csv has been created
Second DoUpdate(): 0:00:00.573000
DoEmigration(): 0:00:00.080000
DoOutMortality(): 0:00:00.016000
Third DoUpdate(): 0:00:00.057000
DoImmigration(): 0:00:00.324000
DoInMortality(): 0:00:00.014000
GetMetrics(): 0:00:00.046000
End Generation/Year Loop144: 0:00:01.135000

DoCDClimate(): 0:00:00.005000
DoMate(): 0:00:00.008000
DoOffspring(): 0:00:00.002000
The file ind145.csv has been created
Second DoUpdate(): 0:00:00.440000
DoEmigration(): 0:00:00.092000
DoOutMortality(): 0:00:00.014000
Third DoUpdate(): 0:00:00.079000
DoImmigration(): 0:00:00.406000
DoInMortality(): 0:00:00.015000
GetMetrics(): 0:00:00.048000
End Generation/Year Loop145: 0:00:01.117000

DoCDClimate(): 0:00:00.007000
DoMate(): 0:00:00.008000
DoOffspring(): 0:00:00.002000
The file ind146.csv has been created
Second DoUpdate(): 0:00:00.380000
DoEmigration(): 0:00:00.068000
DoOutMortality(): 0:00:00.012000
Third DoUpdate(): 0:00:00.044000
DoImmigration(): 0:00:00.365000
DoInMortality(): 0:00:00.018000
GetMetrics(): 0:00:00.049000
End Generation/Year Loop146: 0:00:00.961000

DoCDClimate(): 0:00:00.007000
DoMate(): 0:00:00.009000
DoOffspring(): 0:00:00.002000
The file ind147.csv has been created
Second DoUpdate(): 0:00:00.475000
DoEmigration(): 0:00:00.070000
DoOutMortality(): 0:00:00.013000
Third DoUpdate(): 0:00:00.049000
DoImmigration(): 0:00:00.385000
DoInMortality(): 0:00:00.015000
GetMetrics(): 0:00:00.053000
End Generation/Year Loop147: 0:00:01.087000

DoCDClimate(): 0:00:00.006000
DoMate(): 0:00:00.010000
DoOffspring(): 0:00:00.002000
The file ind148.csv has been created
Second DoUpdate(): 0:00:00.521000
DoEmigration(): 0:00:00.106000
DoOutMortality(): 0:00:00.016000
Third DoUpdate(): 0:00:00.064000
DoImmigration(): 0:00:00.476000
DoInMortality(): 0:00:00.016000
GetMetrics(): 0:00:00.056000
End Generation/Year Loop148: 0:00:01.282000

DoCDClimate(): 0:00:00.007000
DoMate(): 0:00:00.011000
DoOffspring(): 0:00:00.002000
The file ind149.csv has been created
Second DoUpdate(): 0:00:00.565000
DoEmigration(): 0:00:00.087000
DoOutMortality(): 0:00:00.015000
Third DoUpdate(): 0:00:00.062000
DoImmigration(): 0:00:00.477000
DoInMortality(): 0:00:00.015000
GetMetrics(): 0:00:00.055000
End Generation/Year Loop149: 0:00:01.303000

DoCDClimate(): 0:00:00.006000
DoMate(): 0:00:00.010000
DoOffspring(): 0:00:00.002000
The file ind150.csv has been created
Second DoUpdate(): 0:00:00.482000
DoEmigration(): 0:00:00.082000
DoOutMortality(): 0:00:00.014000
Third DoUpdate(): 0:00:00.059000
DoImmigration(): 0:00:00.512000
DoInMortality(): 0:00:00.016000
GetMetrics(): 0:00:00.058000
End Generation/Year Loop150: 0:00:01.246000

DoCDClimate(): 0:00:00.012000
DoMate(): 0:00:00.022000
DoOffspring(): 0:00:00.002000
The file ind151.csv has been created
Second DoUpdate(): 0:00:00.623000
DoEmigration(): 0:00:00.087000
DoOutMortality(): 0:00:00.015000
Third DoUpdate(): 0:00:00.069000
DoImmigration(): 0:00:00.442000
DoInMortality(): 0:00:00.015000
GetMetrics(): 0:00:00.058000
End Generation/Year Loop151: 0:00:01.355000

DoCDClimate(): 0:00:00.006000
DoMate(): 0:00:00.010000
DoOffspring(): 0:00:00.002000
The file ind152.csv has been created
Second DoUpdate(): 0:00:00.518000
DoEmigration(): 0:00:00.083000
DoOutMortality(): 0:00:00.014000
Third DoUpdate(): 0:00:00.066000
DoImmigration(): 0:00:00.472000
DoInMortality(): 0:00:00.015000
GetMetrics(): 0:00:00.059000
End Generation/Year Loop152: 0:00:01.256000

DoCDClimate(): 0:00:00.005000
DoMate(): 0:00:00.009000
DoOffspring(): 0:00:00.002000
The file ind153.csv has been created
Second DoUpdate(): 0:00:00.475000
DoEmigration(): 0:00:00.082000
DoOutMortality(): 0:00:00.014000
Third DoUpdate(): 0:00:00.064000
DoImmigration(): 0:00:00.466000
DoInMortality(): 0:00:00.016000
GetMetrics(): 0:00:00.056000
End Generation/Year Loop153: 0:00:01.202000

DoCDClimate(): 0:00:00.006000
DoMate(): 0:00:00.010000
DoOffspring(): 0:00:00.003000
The file ind154.csv has been created
Second DoUpdate(): 0:00:00.492000
DoEmigration(): 0:00:00.085000
DoOutMortality(): 0:00:00.014000
Third DoUpdate(): 0:00:00.058000
DoImmigration(): 0:00:00.460000
DoInMortality(): 0:00:00.015000
GetMetrics(): 0:00:00.054000
End Generation/Year Loop154: 0:00:01.208000

DoCDClimate(): 0:00:00.006000
DoMate(): 0:00:00.010000
DoOffspring(): 0:00:00.002000
The file ind155.csv has been created
Second DoUpdate(): 0:00:00.528000
DoEmigration(): 0:00:00.076000
DoOutMortality(): 0:00:00.013000
Third DoUpdate(): 0:00:00.056000
DoImmigration(): 0:00:00.391000
DoInMortality(): 0:00:00.018000
GetMetrics(): 0:00:00.058000
End Generation/Year Loop155: 0:00:01.168000

DoCDClimate(): 0:00:00.006000
DoMate(): 0:00:00.014000
DoOffspring(): 0:00:00.004000
The file ind156.csv has been created
Second DoUpdate(): 0:00:00.501000
DoEmigration(): 0:00:00.075000
DoOutMortality(): 0:00:00.013000
Third DoUpdate(): 0:00:00.056000
DoImmigration(): 0:00:00.469000
DoInMortality(): 0:00:00.022000
GetMetrics(): 0:00:00.056000
End Generation/Year Loop156: 0:00:01.230000

DoCDClimate(): 0:00:00.006000
DoMate(): 0:00:00.015000
DoOffspring(): 0:00:00.003000
The file ind157.csv has been created
Second DoUpdate(): 0:00:00.649000
DoEmigration(): 0:00:00.077000
DoOutMortality(): 0:00:00.025000
Third DoUpdate(): 0:00:00.058000
DoImmigration(): 0:00:00.630000
DoInMortality(): 0:00:00.016000
GetMetrics(): 0:00:00.060000
End Generation/Year Loop157: 0:00:01.549000

DoCDClimate(): 0:00:00.005000
DoMate(): 0:00:00.009000
DoOffspring(): 0:00:00.002000
The file ind158.csv has been created
Second DoUpdate(): 0:00:00.512000
DoEmigration(): 0:00:00.128000
DoOutMortality(): 0:00:00.016000
Third DoUpdate(): 0:00:00.067000
DoImmigration(): 0:00:00.492000
DoInMortality(): 0:00:00.015000
GetMetrics(): 0:00:00.056000
End Generation/Year Loop158: 0:00:01.319000

DoCDClimate(): 0:00:00.006000
DoMate(): 0:00:00.010000
DoOffspring(): 0:00:00.002000
The file ind159.csv has been created
Second DoUpdate(): 0:00:00.525000
DoEmigration(): 0:00:00.088000
DoOutMortality(): 0:00:00.016000
Third DoUpdate(): 0:00:00.071000
DoImmigration(): 0:00:00.513000
DoInMortality(): 0:00:00.016000
GetMetrics(): 0:00:00.060000
End Generation/Year Loop159: 0:00:01.317000

DoCDClimate(): 0:00:00.007000
DoMate(): 0:00:00.012000
DoOffspring(): 0:00:00.002000
The file ind160.csv has been created
Second DoUpdate(): 0:00:00.545000
DoEmigration(): 0:00:00.087000
DoOutMortality(): 0:00:00.015000
Third DoUpdate(): 0:00:00.063000
DoImmigration(): 0:00:00.512000
DoInMortality(): 0:00:00.015000
GetMetrics(): 0:00:00.056000
End Generation/Year Loop160: 0:00:01.324000

DoCDClimate(): 0:00:00.006000
DoMate(): 0:00:00.011000
DoOffspring(): 0:00:00.002000
The file ind161.csv has been created
Second DoUpdate(): 0:00:00.528000
DoEmigration(): 0:00:00.080000
DoOutMortality(): 0:00:00.014000
Third DoUpdate(): 0:00:00.059000
DoImmigration(): 0:00:00.507000
DoInMortality(): 0:00:00.015000
GetMetrics(): 0:00:00.057000
End Generation/Year Loop161: 0:00:01.293000

DoCDClimate(): 0:00:00.006000
DoMate(): 0:00:00.012000
DoOffspring(): 0:00:00.002000
The file ind162.csv has been created
Second DoUpdate(): 0:00:00.572000
DoEmigration(): 0:00:00.088000
DoOutMortality(): 0:00:00.014000
Third DoUpdate(): 0:00:00.065000
DoImmigration(): 0:00:00.868000
DoInMortality(): 0:00:00.015000
GetMetrics(): 0:00:00.067000
End Generation/Year Loop162: 0:00:01.717000

DoCDClimate(): 0:00:00.006000
DoMate(): 0:00:00.011000
DoOffspring(): 0:00:00.002000
The file ind163.csv has been created
Second DoUpdate(): 0:00:00.787000
DoEmigration(): 0:00:00.093000
DoOutMortality(): 0:00:00.016000
Third DoUpdate(): 0:00:00.094000
DoImmigration(): 0:00:00.993000
DoInMortality(): 0:00:00.040000
GetMetrics(): 0:00:00.092000
End Generation/Year Loop163: 0:00:02.144000

DoCDClimate(): 0:00:00.008000
DoMate(): 0:00:00.014000
DoOffspring(): 0:00:00.003000
The file ind164.csv has been created
Second DoUpdate(): 0:00:00.779000
DoEmigration(): 0:00:00.091000
DoOutMortality(): 0:00:00.016000
Third DoUpdate(): 0:00:00.083000
DoImmigration(): 0:00:00.677000
DoInMortality(): 0:00:00.016000
GetMetrics(): 0:00:00.061000
End Generation/Year Loop164: 0:00:01.758000

DoCDClimate(): 0:00:00.006000
DoMate(): 0:00:00.010000
DoOffspring(): 0:00:00.002000
The file ind165.csv has been created
Second DoUpdate(): 0:00:00.916000
DoEmigration(): 0:00:00.165000
DoOutMortality(): 0:00:00.029000
Third DoUpdate(): 0:00:00.087000
DoImmigration(): 0:00:00.619000
DoInMortality(): 0:00:00.019000
GetMetrics(): 0:00:00.083000
End Generation/Year Loop165: 0:00:01.944000

DoCDClimate(): 0:00:00.008000
DoMate(): 0:00:00.012000
DoOffspring(): 0:00:00.004000
The file ind166.csv has been created
Second DoUpdate(): 0:00:00.571000
DoEmigration(): 0:00:00.084000
DoOutMortality(): 0:00:00.014000
Third DoUpdate(): 0:00:00.063000
DoImmigration(): 0:00:00.438000
DoInMortality(): 0:00:00.015000
GetMetrics(): 0:00:00.079000
End Generation/Year Loop166: 0:00:01.302000

DoCDClimate(): 0:00:00.014000
DoMate(): 0:00:00.029000
DoOffspring(): 0:00:00.004000
The file ind167.csv has been created
Second DoUpdate(): 0:00:00.735000
DoEmigration(): 0:00:00.108000
DoOutMortality(): 0:00:00.016000
Third DoUpdate(): 0:00:00.089000
DoImmigration(): 0:00:00.911000
DoInMortality(): 0:00:00.022000
GetMetrics(): 0:00:00.092000
End Generation/Year Loop167: 0:00:02.029000

DoCDClimate(): 0:00:00.008000
DoMate(): 0:00:00.019000
DoOffspring(): 0:00:00.005000
The file ind168.csv has been created
Second DoUpdate(): 0:00:00.936000
DoEmigration(): 0:00:00.146000
DoOutMortality(): 0:00:00.025000
Third DoUpdate(): 0:00:00.085000
DoImmigration(): 0:00:00.860000
DoInMortality(): 0:00:00.030000
GetMetrics(): 0:00:00.072000
End Generation/Year Loop168: 0:00:02.194000

DoCDClimate(): 0:00:00.008000
DoMate(): 0:00:00.013000
DoOffspring(): 0:00:00.003000
The file ind169.csv has been created
Second DoUpdate(): 0:00:00.565000
DoEmigration(): 0:00:00.091000
DoOutMortality(): 0:00:00.016000
Third DoUpdate(): 0:00:00.067000
DoImmigration(): 0:00:00.604000
DoInMortality(): 0:00:00.024000
GetMetrics(): 0:00:00.087000
End Generation/Year Loop169: 0:00:01.486000

DoCDClimate(): 0:00:00.012000
DoMate(): 0:00:00.020000
DoOffspring(): 0:00:00.003000
The file ind170.csv has been created
Second DoUpdate(): 0:00:00.886000
DoEmigration(): 0:00:00.122000
DoOutMortality(): 0:00:00.023000
Third DoUpdate(): 0:00:00.093000
DoImmigration(): 0:00:00.864000
DoInMortality(): 0:00:00.028000
GetMetrics(): 0:00:00.086000
End Generation/Year Loop170: 0:00:02.147000

DoCDClimate(): 0:00:00.008000
DoMate(): 0:00:00.016000
DoOffspring(): 0:00:00.006000
The file ind171.csv has been created
Second DoUpdate(): 0:00:00.920000
DoEmigration(): 0:00:00.121000
DoOutMortality(): 0:00:00.030000
Third DoUpdate(): 0:00:00.143000
DoImmigration(): 0:00:00.916000
DoInMortality(): 0:00:00.019000
GetMetrics(): 0:00:00.074000
End Generation/Year Loop171: 0:00:02.263000

DoCDClimate(): 0:00:00.007000
DoMate(): 0:00:00.014000
DoOffspring(): 0:00:00.003000
The file ind172.csv has been created
Second DoUpdate(): 0:00:00.810000
DoEmigration(): 0:00:00.102000
DoOutMortality(): 0:00:00.017000
Third DoUpdate(): 0:00:00.080000
DoImmigration(): 0:00:00.694000
DoInMortality(): 0:00:00.015000
GetMetrics(): 0:00:00.055000
End Generation/Year Loop172: 0:00:01.805000

DoCDClimate(): 0:00:00.006000
DoMate(): 0:00:00.009000
DoOffspring(): 0:00:00.001000
The file ind173.csv has been created
Second DoUpdate(): 0:00:00.499000
DoEmigration(): 0:00:00.084000
DoOutMortality(): 0:00:00.014000
Third DoUpdate(): 0:00:00.081000
DoImmigration(): 0:00:00.490000
DoInMortality(): 0:00:00.015000
GetMetrics(): 0:00:00.055000
End Generation/Year Loop173: 0:00:01.267000

DoCDClimate(): 0:00:00.006000
DoMate(): 0:00:00.009000
DoOffspring(): 0:00:00.002000
The file ind174.csv has been created
Second DoUpdate(): 0:00:00.649000
DoEmigration(): 0:00:00.083000
DoOutMortality(): 0:00:00.017000
Third DoUpdate(): 0:00:00.064000
DoImmigration(): 0:00:00.826000
DoInMortality(): 0:00:00.018000
GetMetrics(): 0:00:00.070000
End Generation/Year Loop174: 0:00:01.755000

DoCDClimate(): 0:00:00.007000
DoMate(): 0:00:00.011000
DoOffspring(): 0:00:00.002000
The file ind175.csv has been created
Second DoUpdate(): 0:00:00.868000
DoEmigration(): 0:00:00.125000
DoOutMortality(): 0:00:00.015000
Third DoUpdate(): 0:00:00.071000
DoImmigration(): 0:00:00.503000
DoInMortality(): 0:00:00.017000
GetMetrics(): 0:00:00.064000
End Generation/Year Loop175: 0:00:01.692000

DoCDClimate(): 0:00:00.006000
DoMate(): 0:00:00.009000
DoOffspring(): 0:00:00.002000
The file ind176.csv has been created
Second DoUpdate(): 0:00:00.562000
DoEmigration(): 0:00:00.083000
DoOutMortality(): 0:00:00.014000
Third DoUpdate(): 0:00:00.065000
DoImmigration(): 0:00:00.360000
DoInMortality(): 0:00:00.016000
GetMetrics(): 0:00:00.058000
End Generation/Year Loop176: 0:00:01.186000

DoCDClimate(): 0:00:00.006000
DoMate(): 0:00:00.016000
DoOffspring(): 0:00:00.002000
The file ind177.csv has been created
Second DoUpdate(): 0:00:00.472000
DoEmigration(): 0:00:00.079000
DoOutMortality(): 0:00:00.012000
Third DoUpdate(): 0:00:00.052000
DoImmigration(): 0:00:00.581000
DoInMortality(): 0:00:00.016000
GetMetrics(): 0:00:00.057000
End Generation/Year Loop177: 0:00:01.302000

DoCDClimate(): 0:00:00.006000
DoMate(): 0:00:00.011000
DoOffspring(): 0:00:00.003000
The file ind178.csv has been created
Second DoUpdate(): 0:00:00.499000
DoEmigration(): 0:00:00.083000
DoOutMortality(): 0:00:00.021000
Third DoUpdate(): 0:00:00.087000
DoImmigration(): 0:00:00.508000
DoInMortality(): 0:00:00.016000
GetMetrics(): 0:00:00.055000
End Generation/Year Loop178: 0:00:01.299000

DoCDClimate(): 0:00:00.007000
DoMate(): 0:00:00.010000
DoOffspring(): 0:00:00.002000
The file ind179.csv has been created
Second DoUpdate(): 0:00:00.482000
DoEmigration(): 0:00:00.086000
DoOutMortality(): 0:00:00.021000
Third DoUpdate(): 0:00:00.066000
DoImmigration(): 0:00:00.573000
DoInMortality(): 0:00:00.016000
GetMetrics(): 0:00:00.064000
End Generation/Year Loop179: 0:00:01.335000

DoCDClimate(): 0:00:00.005000
DoMate(): 0:00:00.010000
DoOffspring(): 0:00:00.002000
The file ind180.csv has been created
Second DoUpdate(): 0:00:00.590000
DoEmigration(): 0:00:00.091000
DoOutMortality(): 0:00:00.015000
Third DoUpdate(): 0:00:00.065000
DoImmigration(): 0:00:00.467000
DoInMortality(): 0:00:00.016000
GetMetrics(): 0:00:00.062000
End Generation/Year Loop180: 0:00:01.331000

DoCDClimate(): 0:00:00.007000
DoMate(): 0:00:00.011000
DoOffspring(): 0:00:00.003000
The file ind181.csv has been created
Second DoUpdate(): 0:00:00.531000
DoEmigration(): 0:00:00.079000
DoOutMortality(): 0:00:00.014000
Third DoUpdate(): 0:00:00.062000
DoImmigration(): 0:00:00.504000
DoInMortality(): 0:00:00.017000
GetMetrics(): 0:00:00.056000
End Generation/Year Loop181: 0:00:01.293000

DoCDClimate(): 0:00:00.006000
DoMate(): 0:00:00.010000
DoOffspring(): 0:00:00.002000
The file ind182.csv has been created
Second DoUpdate(): 0:00:00.652000
DoEmigration(): 0:00:00.101000
DoOutMortality(): 0:00:00.024000
Third DoUpdate(): 0:00:00.069000
DoImmigration(): 0:00:00.735000
DoInMortality(): 0:00:00.015000
GetMetrics(): 0:00:00.072000
End Generation/Year Loop182: 0:00:01.700000

DoCDClimate(): 0:00:00.008000
DoMate(): 0:00:00.011000
DoOffspring(): 0:00:00.003000
The file ind183.csv has been created
Second DoUpdate(): 0:00:00.532000
DoEmigration(): 0:00:00.088000
DoOutMortality(): 0:00:00.015000
Third DoUpdate(): 0:00:00.062000
DoImmigration(): 0:00:00.529000
DoInMortality(): 0:00:00.017000
GetMetrics(): 0:00:00.061000
End Generation/Year Loop183: 0:00:01.340000

DoCDClimate(): 0:00:00.007000
DoMate(): 0:00:00.011000
DoOffspring(): 0:00:00.003000
The file ind184.csv has been created
Second DoUpdate(): 0:00:00.687000
DoEmigration(): 0:00:00.085000
DoOutMortality(): 0:00:00.017000
Third DoUpdate(): 0:00:00.071000
DoImmigration(): 0:00:00.552000
DoInMortality(): 0:00:00.016000
GetMetrics(): 0:00:00.062000
End Generation/Year Loop184: 0:00:01.523000

DoCDClimate(): 0:00:00.006000
DoMate(): 0:00:00.010000
DoOffspring(): 0:00:00.002000
The file ind185.csv has been created
Second DoUpdate(): 0:00:00.656000
DoEmigration(): 0:00:00.111000
DoOutMortality(): 0:00:00.032000
Third DoUpdate(): 0:00:00.081000
DoImmigration(): 0:00:00.594000
DoInMortality(): 0:00:00.016000
GetMetrics(): 0:00:00.061000
End Generation/Year Loop185: 0:00:01.577000

DoCDClimate(): 0:00:00.006000
DoMate(): 0:00:00.010000
DoOffspring(): 0:00:00.002000
The file ind186.csv has been created
Second DoUpdate(): 0:00:00.570000
DoEmigration(): 0:00:00.085000
DoOutMortality(): 0:00:00.014000
Third DoUpdate(): 0:00:00.063000
DoImmigration(): 0:00:00.428000
DoInMortality(): 0:00:00.018000
GetMetrics(): 0:00:00.061000
End Generation/Year Loop186: 0:00:01.266000

DoCDClimate(): 0:00:00.009000
DoMate(): 0:00:00.012000
DoOffspring(): 0:00:00.002000
The file ind187.csv has been created
Second DoUpdate(): 0:00:00.623000
DoEmigration(): 0:00:00.118000
DoOutMortality(): 0:00:00.019000
Third DoUpdate(): 0:00:00.065000
DoImmigration(): 0:00:00.352000
DoInMortality(): 0:00:00.015000
GetMetrics(): 0:00:00.049000
End Generation/Year Loop187: 0:00:01.275000

DoCDClimate(): 0:00:00.006000
DoMate(): 0:00:00.009000
DoOffspring(): 0:00:00.003000
The file ind188.csv has been created
Second DoUpdate(): 0:00:00.422000
DoEmigration(): 0:00:00.074000
DoOutMortality(): 0:00:00.015000
Third DoUpdate(): 0:00:00.057000
DoImmigration(): 0:00:00.392000
DoInMortality(): 0:00:00.015000
GetMetrics(): 0:00:00.049000
End Generation/Year Loop188: 0:00:01.048000

DoCDClimate(): 0:00:00.006000
DoMate(): 0:00:00.010000
DoOffspring(): 0:00:00.003000
The file ind189.csv has been created
Second DoUpdate(): 0:00:00.420000
DoEmigration(): 0:00:00.078000
DoOutMortality(): 0:00:00.014000
Third DoUpdate(): 0:00:00.054000
DoImmigration(): 0:00:00.621000
DoInMortality(): 0:00:00.016000
GetMetrics(): 0:00:00.062000
End Generation/Year Loop189: 0:00:01.292000

DoCDClimate(): 0:00:00.006000
DoMate(): 0:00:00.011000
DoOffspring(): 0:00:00.003000
The file ind190.csv has been created
Second DoUpdate(): 0:00:00.571000
DoEmigration(): 0:00:00.088000
DoOutMortality(): 0:00:00.014000
Third DoUpdate(): 0:00:00.066000
DoImmigration(): 0:00:00.546000
DoInMortality(): 0:00:00.018000
GetMetrics(): 0:00:00.063000
End Generation/Year Loop190: 0:00:01.397000

DoCDClimate(): 0:00:00.006000
DoMate(): 0:00:00.012000
DoOffspring(): 0:00:00.003000
The file ind191.csv has been created
Second DoUpdate(): 0:00:00.565000
DoEmigration(): 0:00:00.089000
DoOutMortality(): 0:00:00.015000
Third DoUpdate(): 0:00:00.067000
DoImmigration(): 0:00:00.542000
DoInMortality(): 0:00:00.016000
GetMetrics(): 0:00:00.061000
End Generation/Year Loop191: 0:00:01.380000

DoCDClimate(): 0:00:00.006000
DoMate(): 0:00:00.010000
DoOffspring(): 0:00:00.002000
The file ind192.csv has been created
Second DoUpdate(): 0:00:00.532000
DoEmigration(): 0:00:00.105000
DoOutMortality(): 0:00:00.016000
Third DoUpdate(): 0:00:00.065000
DoImmigration(): 0:00:00.443000
DoInMortality(): 0:00:00.015000
GetMetrics(): 0:00:00.054000
End Generation/Year Loop192: 0:00:01.258000

DoCDClimate(): 0:00:00.006000
DoMate(): 0:00:00.008000
DoOffspring(): 0:00:00.002000
The file ind193.csv has been created
Second DoUpdate(): 0:00:00.607000
DoEmigration(): 0:00:00.087000
DoOutMortality(): 0:00:00.017000
Third DoUpdate(): 0:00:00.061000
DoImmigration(): 0:00:00.466000
DoInMortality(): 0:00:00.015000
GetMetrics(): 0:00:00.052000
End Generation/Year Loop193: 0:00:01.335000

DoCDClimate(): 0:00:00.007000
DoMate(): 0:00:00.010000
DoOffspring(): 0:00:00.002000
The file ind194.csv has been created
Second DoUpdate(): 0:00:00.483000
DoEmigration(): 0:00:00.078000
DoOutMortality(): 0:00:00.014000
Third DoUpdate(): 0:00:00.054000
DoImmigration(): 0:00:00.362000
DoInMortality(): 0:00:00.015000
GetMetrics(): 0:00:00.051000
End Generation/Year Loop194: 0:00:01.081000

DoCDClimate(): 0:00:00.007000
DoMate(): 0:00:00.008000
DoOffspring(): 0:00:00.002000
The file ind195.csv has been created
Second DoUpdate(): 0:00:00.535000
DoEmigration(): 0:00:00.075000
DoOutMortality(): 0:00:00.013000
Third DoUpdate(): 0:00:00.053000
DoImmigration(): 0:00:00.346000
DoInMortality(): 0:00:00.020000
GetMetrics(): 0:00:00.051000
End Generation/Year Loop195: 0:00:01.120000

DoCDClimate(): 0:00:00.006000
DoMate(): 0:00:00.010000
DoOffspring(): 0:00:00.002000
The file ind196.csv has been created
Second DoUpdate(): 0:00:00.607000
DoEmigration(): 0:00:00.070000
DoOutMortality(): 0:00:00.012000
Third DoUpdate(): 0:00:00.044000
DoImmigration(): 0:00:00.456000
DoInMortality(): 0:00:00.013000
GetMetrics(): 0:00:00.046000
End Generation/Year Loop196: 0:00:01.275000

DoCDClimate(): 0:00:00.005000
DoMate(): 0:00:00.008000
DoOffspring(): 0:00:00.002000
The file ind197.csv has been created
Second DoUpdate(): 0:00:00.413000
DoEmigration(): 0:00:00.068000
DoOutMortality(): 0:00:00.014000
Third DoUpdate(): 0:00:00.055000
DoImmigration(): 0:00:00.350000
DoInMortality(): 0:00:00.014000
GetMetrics(): 0:00:00.046000
End Generation/Year Loop197: 0:00:00.986000

DoCDClimate(): 0:00:00.006000
DoMate(): 0:00:00.009000
DoOffspring(): 0:00:00.002000
The file ind198.csv has been created
Second DoUpdate(): 0:00:00.394000
DoEmigration(): 0:00:00.071000
DoOutMortality(): 0:00:00.013000
Third DoUpdate(): 0:00:00.048000
DoImmigration(): 0:00:00.424000
DoInMortality(): 0:00:00.016000
GetMetrics(): 0:00:00.055000
End Generation/Year Loop198: 0:00:01.047000

DoCDClimate(): 0:00:00.007000
DoMate(): 0:00:00.011000
DoOffspring(): 0:00:00.002000
The file ind199.csv has been created
Second DoUpdate(): 0:00:00.414000
DoEmigration(): 0:00:00.067000
DoOutMortality(): 0:00:00.012000
Third DoUpdate(): 0:00:00.050000
DoImmigration(): 0:00:00.392000
DoInMortality(): 0:00:00.014000
GetMetrics(): 0:00:00.046000
End Generation/Year Loop199: 0:00:01.025000

The file summary_popAllTime.csv has been created
The file summary_classAllTime.csv has been created
The files summary_pop.csv have been created
The files summary_pop.csv have been created
The files summary_pop.csv have been created
The files summary_pop.csv have been created
The files summary_pop.csv have been created
The files summary_pop.csv have been created
The files summary_pop.csv have been created
The files summary_pop.csv have been created
The files summary_pop.csv have been created
The files summary_pop.csv have been created
The files summary_pop.csv have been created
The files summary_pop.csv have been created
The files summary_pop.csv have been created
The files summary_pop.csv have been created
The files summary_pop.csv have been created
The files summary_pop.csv have been created
The files summary_pop.csv have been created
The files summary_pop.csv have been created
The files summary_pop.csv have been created
The files summary_pop.csv have been created
The files summary_pop.csv have been created
The files summary_pop.csv have been created
The files summary_pop.csv have been created
The files summary_pop.csv have been created
The files summary_pop.csv have been created
The files summary_pop.csv have been created
The files summary_pop.csv have been created
The files summary_pop.csv have been created
The files summary_pop.csv have been created
The files summary_pop.csv have been created
The files summary_pop.csv have been created
The files summary_pop.csv have been created
The files summary_pop.csv have been created
The files summary_pop.csv have been created
The files summary_pop.csv have been created
The files summary_pop.csv have been created
The files summary_pop.csv have been created
The files summary_pop.csv have been created
The files summary_pop.csv have been created
The files summary_pop.csv have been created
The files summary_pop.csv have been created
The files summary_pop.csv have been created
The files summary_pop.csv have been created
The files summary_pop.csv have been created
The files summary_pop.csv have been created
The files summary_pop.csv have been created
The files summary_pop.csv have been created
The files summary_pop.csv have been created
The files summary_pop.csv have been created
The files summary_pop.csv have been created
The files summary_pop.csv have been created
The files summary_pop.csv have been created
The files summary_pop.csv have been created
The files summary_pop.csv have been created
The files summary_pop.csv have been created
The files summary_pop.csv have been created
The files summary_pop.csv have been created
The files summary_pop.csv have been created
The files summary_pop.csv have been created
The files summary_pop.csv have been created
The files summary_pop.csv have been created
The files summary_pop.csv have been created
The files summary_pop.csv have been created
The files summary_pop.csv have been created
The files summary_pop.csv have been created
The files summary_pop.csv have been created
The files summary_pop.csv have been created
The files summary_pop.csv have been created
The files summary_pop.csv have been created
The files summary_pop.csv have been created
The files summary_pop.csv have been created
The files summary_pop.csv have been created
The files summary_pop.csv have been created
The files summary_pop.csv have been created
The files summary_pop.csv have been created
The files summary_pop.csv have been created
The files summary_pop.csv have been created
The files summary_pop.csv have been created
The files summary_pop.csv have been created
The files summary_pop.csv have been created
The files summary_pop.csv have been created
The files summary_pop.csv have been created
The files summary_pop.csv have been created
The files summary_pop.csv have been created
The files summary_pop.csv have been created
The files summary_pop.csv have been created
The files summary_pop.csv have been created
The files summary_pop.csv have been created
The files summary_pop.csv have been created
The files summary_pop.csv have been created
The files summary_pop.csv have been created
The files summary_pop.csv have been created
The files summary_pop.csv have been created
The files summary_pop.csv have been created
The files summary_pop.csv have been created
The files summary_pop.csv have been created
The files summary_pop.csv have been created
The files summary_pop.csv have been created
The files summary_pop.csv have been created
The files summary_pop.csv have been created
The files summary_pop.csv have been created
The files summary_pop.csv have been created
The files summary_pop.csv have been created
The files summary_pop.csv have been created
The files summary_pop.csv have been created
The files summary_pop.csv have been created
The files summary_pop.csv have been created
The files summary_pop.csv have been created
The files summary_pop.csv have been created
The files summary_pop.csv have been created
The files summary_pop.csv have been created
The files summary_pop.csv have been created
The files summary_pop.csv have been created
The files summary_pop.csv have been created
The files summary_pop.csv have been created
The files summary_pop.csv have been created
The files summary_pop.csv have been created
The files summary_pop.csv have been created
The files summary_pop.csv have been created
The files summary_pop.csv have been created
The files summary_pop.csv have been created
The files summary_pop.csv have been created
The files summary_pop.csv have been created
The files summary_pop.csv have been created
The files summary_pop.csv have been created
The files summary_pop.csv have been created
The files summary_pop.csv have been created
The files summary_pop.csv have been created
The files summary_pop.csv have been created
The files summary_pop.csv have been created
The files summary_pop.csv have been created
The files summary_pop.csv have been created
The files summary_pop.csv have been created
The files summary_pop.csv have been created
The files summary_pop.csv have been created
The files summary_pop.csv have been created
The files summary_pop.csv have been created
The files summary_pop.csv have been created
The files summary_pop.csv have been created
The files summary_pop.csv have been created
The files summary_pop.csv have been created
The files summary_pop.csv have been created
The files summary_pop.csv have been created
The files summary_pop.csv have been created
The files summary_pop.csv have been created
The files summary_pop.csv have been created
The files summary_pop.csv have been created
The files summary_pop.csv have been created
The files summary_pop.csv have been created
The files summary_pop.csv have been created
The files summary_pop.csv have been created
The files summary_pop.csv have been created
The files summary_pop.csv have been created
The files summary_pop.csv have been created
The files summary_pop.csv have been created
The files summary_pop.csv have been created
The files summary_pop.csv have been created
The files summary_pop.csv have been created
The files summary_pop.csv have been created
The files summary_pop.csv have been created
The files summary_pop.csv have been created
The files summary_pop.csv have been created
The files summary_pop.csv have been created
The files summary_pop.csv have been created
The files summary_pop.csv have been created
The files summary_pop.csv have been created
The files summary_pop.csv have been created
The files summary_pop.csv have been created
The files summary_pop.csv have been created
The files summary_pop.csv have been created
The files summary_pop.csv have been created
The files summary_pop.csv have been created
The files summary_pop.csv have been created
The files summary_pop.csv have been created
The files summary_pop.csv have been created
The files summary_pop.csv have been created
The files summary_pop.csv have been created
The files summary_pop.csv have been created
The files summary_pop.csv have been created
The files summary_pop.csv have been created
The files summary_pop.csv have been created
The files summary_pop.csv have been created
The files summary_pop.csv have been created
The files summary_pop.csv have been created
The files summary_pop.csv have been created
The files summary_pop.csv have been created
The files summary_pop.csv have been created
The files summary_pop.csv have been created
The files summary_pop.csv have been created
The files summary_pop.csv have been created
The files summary_pop.csv have been created
The files summary_pop.csv have been created
The files summary_pop.csv have been created
The files summary_pop.csv have been created
The files summary_pop.csv have been created
The files summary_pop.csv have been created
The files summary_pop.csv have been created
The files summary_pop.csv have been created
The files summary_pop.csv have been created
The files summary_pop.csv have been created
The files summary_class{year}.csv has been created
The files summary_class{year}.csv has been created
The files summary_class{year}.csv has been created
The files summary_class{year}.csv has been created
The files summary_class{year}.csv has been created
The files summary_class{year}.csv has been created
The files summary_class{year}.csv has been created
The files summary_class{year}.csv has been created
The files summary_class{year}.csv has been created
The files summary_class{year}.csv has been created
The files summary_class{year}.csv has been created
The files summary_class{year}.csv has been created
The files summary_class{year}.csv has been created
The files summary_class{year}.csv has been created
The files summary_class{year}.csv has been created
The files summary_class{year}.csv has been created
The files summary_class{year}.csv has been created
The files summary_class{year}.csv has been created
The files summary_class{year}.csv has been created
The files summary_class{year}.csv has been created
The files summary_class{year}.csv has been created
The files summary_class{year}.csv has been created
The files summary_class{year}.csv has been created
The files summary_class{year}.csv has been created
The files summary_class{year}.csv has been created
The files summary_class{year}.csv has been created
The files summary_class{year}.csv has been created
The files summary_class{year}.csv has been created
The files summary_class{year}.csv has been created
The files summary_class{year}.csv has been created
The files summary_class{year}.csv has been created
The files summary_class{year}.csv has been created
The files summary_class{year}.csv has been created
The files summary_class{year}.csv has been created
The files summary_class{year}.csv has been created
The files summary_class{year}.csv has been created
The files summary_class{year}.csv has been created
The files summary_class{year}.csv has been created
The files summary_class{year}.csv has been created
The files summary_class{year}.csv has been created
The files summary_class{year}.csv has been created
The files summary_class{year}.csv has been created
The files summary_class{year}.csv has been created
The files summary_class{year}.csv has been created
The files summary_class{year}.csv has been created
The files summary_class{year}.csv has been created
The files summary_class{year}.csv has been created
The files summary_class{year}.csv has been created
The files summary_class{year}.csv has been created
The files summary_class{year}.csv has been created
The files summary_class{year}.csv has been created
The files summary_class{year}.csv has been created
The files summary_class{year}.csv has been created
The files summary_class{year}.csv has been created
The files summary_class{year}.csv has been created
The files summary_class{year}.csv has been created
The files summary_class{year}.csv has been created
The files summary_class{year}.csv has been created
The files summary_class{year}.csv has been created
The files summary_class{year}.csv has been created
The files summary_class{year}.csv has been created
The files summary_class{year}.csv has been created
The files summary_class{year}.csv has been created
The files summary_class{year}.csv has been created
The files summary_class{year}.csv has been created
The files summary_class{year}.csv has been created
The files summary_class{year}.csv has been created
The files summary_class{year}.csv has been created
The files summary_class{year}.csv has been created
The files summary_class{year}.csv has been created
The files summary_class{year}.csv has been created
The files summary_class{year}.csv has been created
The files summary_class{year}.csv has been created
The files summary_class{year}.csv has been created
The files summary_class{year}.csv has been created
The files summary_class{year}.csv has been created
The files summary_class{year}.csv has been created
The files summary_class{year}.csv has been created
The files summary_class{year}.csv has been created
The files summary_class{year}.csv has been created
The files summary_class{year}.csv has been created
The files summary_class{year}.csv has been created
The files summary_class{year}.csv has been created
The files summary_class{year}.csv has been created
The files summary_class{year}.csv has been created
The files summary_class{year}.csv has been created
The files summary_class{year}.csv has been created
The files summary_class{year}.csv has been created
The files summary_class{year}.csv has been created
The files summary_class{year}.csv has been created
The files summary_class{year}.csv has been created
The files summary_class{year}.csv has been created
The files summary_class{year}.csv has been created
The files summary_class{year}.csv has been created
The files summary_class{year}.csv has been created
The files summary_class{year}.csv has been created
The files summary_class{year}.csv has been created
The files summary_class{year}.csv has been created
The files summary_class{year}.csv has been created
The files summary_class{year}.csv has been created
The files summary_class{year}.csv has been created
The files summary_class{year}.csv has been created
The files summary_class{year}.csv has been created
The files summary_class{year}.csv has been created
The files summary_class{year}.csv has been created
The files summary_class{year}.csv has been created
The files summary_class{year}.csv has been created
The files summary_class{year}.csv has been created
The files summary_class{year}.csv has been created
The files summary_class{year}.csv has been created
The files summary_class{year}.csv has been created
The files summary_class{year}.csv has been created
The files summary_class{year}.csv has been created
The files summary_class{year}.csv has been created
The files summary_class{year}.csv has been created
The files summary_class{year}.csv has been created
The files summary_class{year}.csv has been created
The files summary_class{year}.csv has been created
The files summary_class{year}.csv has been created
The files summary_class{year}.csv has been created
The files summary_class{year}.csv has been created
The files summary_class{year}.csv has been created
The files summary_class{year}.csv has been created
The files summary_class{year}.csv has been created
The files summary_class{year}.csv has been created
The files summary_class{year}.csv has been created
The files summary_class{year}.csv has been created
The files summary_class{year}.csv has been created
The files summary_class{year}.csv has been created
The files summary_class{year}.csv has been created
The files summary_class{year}.csv has been created
The files summary_class{year}.csv has been created
The files summary_class{year}.csv has been created
The files summary_class{year}.csv has been created
The files summary_class{year}.csv has been created
The files summary_class{year}.csv has been created
The files summary_class{year}.csv has been created
The files summary_class{year}.csv has been created
The files summary_class{year}.csv has been created
The files summary_class{year}.csv has been created
The files summary_class{year}.csv has been created
The files summary_class{year}.csv has been created
The files summary_class{year}.csv has been created
The files summary_class{year}.csv has been created
The files summary_class{year}.csv has been created
The files summary_class{year}.csv has been created
The files summary_class{year}.csv has been created
The files summary_class{year}.csv has been created
The files summary_class{year}.csv has been created
The files summary_class{year}.csv has been created
The files summary_class{year}.csv has been created
The files summary_class{year}.csv has been created
The files summary_class{year}.csv has been created
The files summary_class{year}.csv has been created
The files summary_class{year}.csv has been created
The files summary_class{year}.csv has been created
The files summary_class{year}.csv has been created
The files summary_class{year}.csv has been created
The files summary_class{year}.csv has been created
The files summary_class{year}.csv has been created
The files summary_class{year}.csv has been created
The files summary_class{year}.csv has been created
The files summary_class{year}.csv has been created
The files summary_class{year}.csv has been created
The files summary_class{year}.csv has been created
The files summary_class{year}.csv has been created
The files summary_class{year}.csv has been created
The files summary_class{year}.csv has been created
The files summary_class{year}.csv has been created
The files summary_class{year}.csv has been created
The files summary_class{year}.csv has been created
The files summary_class{year}.csv has been created
The files summary_class{year}.csv has been created
The files summary_class{year}.csv has been created
The files summary_class{year}.csv has been created
The files summary_class{year}.csv has been created
The files summary_class{year}.csv has been created
The files summary_class{year}.csv has been created
The files summary_class{year}.csv has been created
The files summary_class{year}.csv has been created
The files summary_class{year}.csv has been created
The files summary_class{year}.csv has been created
The files summary_class{year}.csv has been created
The files summary_class{year}.csv has been created
The files summary_class{year}.csv has been created
The files summary_class{year}.csv has been created
The files summary_class{year}.csv has been created
The files summary_class{year}.csv has been created
The files summary_class{year}.csv has been created
The files summary_class{year}.csv has been created
The files summary_class{year}.csv has been created
The files summary_class{year}.csv has been created
The files summary_class{year}.csv has been created
The files summary_class{year}.csv has been created
The files summary_class{year}.csv has been created
The files summary_class{year}.csv has been created
The files summary_class{year}.csv has been created
The files summary_class{year}.csv has been created
The files summary_class{year}.csv has been created
The files summary_class{year}.csv has been created
DoPostProcess(): 0:00:00.556000
End Monte Carlo Loop0: 0:05:28.429000

End Batch Loop0: 0:05:28.430000

Total CDmetaPOP Simulation Time: 0:05:28.433000
