
CDmetaPOP Release 2020.05.12-14:27:01MST Version version 1.52

Author(s): Erin L Landguth, Casey Day, Andrew Bearlin

Session runtime inputs from: C:\Users\burnmore\Documents\CDMetaPOP-testing1\data/PopVars_yct_50patch.csv


DoUserInput(): 0:00:00
DoPreProcess(): 0:00:12.273000
GetMetrics() Initial: 0:00:00.976000
The file ind-1.csv has been created
DoUpdate(): 0:00:07.074000
DoCDClimate(): 0:00:00.014000
DoMate(): 0:00:02.189000
DoOffspring(): 0:00:00.148000
The file ind0.csv has been created
Second DoUpdate(): 0:00:07.629000
DoEmigration(): 0:00:01.063000
DoOutMortality(): 0:00:00.081000
Third DoUpdate(): 0:00:00.288000
DoImmigration(): 0:00:11.732000
DoInMortality(): 0:00:00.236000
GetMetrics(): 0:00:01.246000
End Generation/Year Loop0: 0:00:24.641000

DoCDClimate(): 0:00:00.006000
DoMate(): 0:00:00.088000
DoOffspring(): 0:00:00.003000
The file ind1.csv has been created
Second DoUpdate(): 0:00:10.442000
DoEmigration(): 0:00:00.836000
DoOutMortality(): 0:00:00.100000
Third DoUpdate(): 0:00:00.525000
DoImmigration(): 0:00:01.161000
DoInMortality(): 0:00:00.050000
GetMetrics(): 0:00:00.156000
End Generation/Year Loop1: 0:00:13.383000

DoCDClimate(): 0:00:00.006000
DoMate(): 0:00:00.025000
DoOffspring(): 0:00:00.002000
The file ind2.csv has been created
Second DoUpdate(): 0:00:01.365000
DoEmigration(): 0:00:00.185000
DoOutMortality(): 0:00:00.045000
Third DoUpdate(): 0:00:00.160000
DoImmigration(): 0:00:00.603000
DoInMortality(): 0:00:00.032000
GetMetrics(): 0:00:00.099000
End Generation/Year Loop2: 0:00:02.534000

DoCDClimate(): 0:00:00.005000
DoMate(): 0:00:00.016000
DoOffspring(): 0:00:00.002000
The file ind3.csv has been created
Second DoUpdate(): 0:00:00.910000
DoEmigration(): 0:00:00.186000
DoOutMortality(): 0:00:00.026000
Third DoUpdate(): 0:00:00.095000
DoImmigration(): 0:00:00.617000
DoInMortality(): 0:00:00.023000
GetMetrics(): 0:00:00.071000
End Generation/Year Loop3: 0:00:01.967000

DoCDClimate(): 0:00:00.005000
DoMate(): 0:00:00.013000
DoOffspring(): 0:00:00.002000
The file ind4.csv has been created
Second DoUpdate(): 0:00:00.621000
DoEmigration(): 0:00:00.102000
DoOutMortality(): 0:00:00.028000
Third DoUpdate(): 0:00:00.104000
DoImmigration(): 0:00:00.344000
DoInMortality(): 0:00:00.019000
GetMetrics(): 0:00:00.060000
End Generation/Year Loop4: 0:00:01.311000

DoCDClimate(): 0:00:00.005000
DoMate(): 0:00:00.015000
DoOffspring(): 0:00:00.003000
The file ind5.csv has been created
Second DoUpdate(): 0:00:00.565000
DoEmigration(): 0:00:00.091000
DoOutMortality(): 0:00:00.018000
Third DoUpdate(): 0:00:00.063000
DoImmigration(): 0:00:00.414000
DoInMortality(): 0:00:00.017000
GetMetrics(): 0:00:00.058000
End Generation/Year Loop5: 0:00:01.262000

DoCDClimate(): 0:00:00.006000
DoMate(): 0:00:00.013000
DoOffspring(): 0:00:00.002000
The file ind6.csv has been created
Second DoUpdate(): 0:00:00.666000
DoEmigration(): 0:00:00.083000
DoOutMortality(): 0:00:00.015000
Third DoUpdate(): 0:00:00.064000
DoImmigration(): 0:00:00.356000
DoInMortality(): 0:00:00.018000
GetMetrics(): 0:00:00.068000
End Generation/Year Loop6: 0:00:01.301000

DoCDClimate(): 0:00:00.006000
DoMate(): 0:00:00.014000
DoOffspring(): 0:00:00.001000
The file ind7.csv has been created
Second DoUpdate(): 0:00:00.712000
DoEmigration(): 0:00:00.084000
DoOutMortality(): 0:00:00.015000
Third DoUpdate(): 0:00:00.068000
DoImmigration(): 0:00:00.306000
DoInMortality(): 0:00:00.015000
GetMetrics(): 0:00:00.053000
End Generation/Year Loop7: 0:00:01.288000

DoCDClimate(): 0:00:00.006000
DoMate(): 0:00:00.011000
DoOffspring(): 0:00:00.002000
The file ind8.csv has been created
Second DoUpdate(): 0:00:00.489000
DoEmigration(): 0:00:00.081000
DoOutMortality(): 0:00:00.015000
Third DoUpdate(): 0:00:00.063000
DoImmigration(): 0:00:00.301000
DoInMortality(): 0:00:00.014000
GetMetrics(): 0:00:00.054000
End Generation/Year Loop8: 0:00:01.046000

DoCDClimate(): 0:00:00.006000
DoMate(): 0:00:00.011000
DoOffspring(): 0:00:00.002000
The file ind9.csv has been created
Second DoUpdate(): 0:00:00.471000
DoEmigration(): 0:00:00.081000
DoOutMortality(): 0:00:00.015000
Third DoUpdate(): 0:00:00.060000
DoImmigration(): 0:00:00.265000
DoInMortality(): 0:00:00.015000
GetMetrics(): 0:00:00.048000
End Generation/Year Loop9: 0:00:00.985000

DoCDClimate(): 0:00:00.005000
DoMate(): 0:00:00.011000
DoOffspring(): 0:00:00.002000
The file ind10.csv has been created
Second DoUpdate(): 0:00:00.443000
DoEmigration(): 0:00:00.075000
DoOutMortality(): 0:00:00.013000
Third DoUpdate(): 0:00:00.052000
DoImmigration(): 0:00:00.298000
DoInMortality(): 0:00:00.014000
GetMetrics(): 0:00:00.055000
End Generation/Year Loop10: 0:00:00.977000

DoCDClimate(): 0:00:00.005000
DoMate(): 0:00:00.010000
DoOffspring(): 0:00:00.002000
The file ind11.csv has been created
Second DoUpdate(): 0:00:00.481000
DoEmigration(): 0:00:00.078000
DoOutMortality(): 0:00:00.014000
Third DoUpdate(): 0:00:00.054000
DoImmigration(): 0:00:00.262000
DoInMortality(): 0:00:00.013000
GetMetrics(): 0:00:00.046000
End Generation/Year Loop11: 0:00:00.974000

DoCDClimate(): 0:00:00.005000
DoMate(): 0:00:00.011000
DoOffspring(): 0:00:00.002000
The file ind12.csv has been created
Second DoUpdate(): 0:00:00.413000
DoEmigration(): 0:00:00.072000
DoOutMortality(): 0:00:00.013000
Third DoUpdate(): 0:00:00.050000
DoImmigration(): 0:00:00.317000
DoInMortality(): 0:00:00.013000
GetMetrics(): 0:00:00.054000
End Generation/Year Loop12: 0:00:00.962000

DoCDClimate(): 0:00:00.005000
DoMate(): 0:00:00.010000
DoOffspring(): 0:00:00.002000
The file ind13.csv has been created
Second DoUpdate(): 0:00:00.490000
DoEmigration(): 0:00:00.077000
DoOutMortality(): 0:00:00.014000
Third DoUpdate(): 0:00:00.058000
DoImmigration(): 0:00:00.254000
DoInMortality(): 0:00:00.014000
GetMetrics(): 0:00:00.049000
End Generation/Year Loop13: 0:00:00.981000

DoCDClimate(): 0:00:00.005000
DoMate(): 0:00:00.010000
DoOffspring(): 0:00:00.002000
The file ind14.csv has been created
Second DoUpdate(): 0:00:00.485000
DoEmigration(): 0:00:00.078000
DoOutMortality(): 0:00:00.013000
Third DoUpdate(): 0:00:00.056000
DoImmigration(): 0:00:00.300000
DoInMortality(): 0:00:00.014000
GetMetrics(): 0:00:00.050000
End Generation/Year Loop14: 0:00:01.025000

DoCDClimate(): 0:00:00.006000
DoMate(): 0:00:00.011000
DoOffspring(): 0:00:00.002000
The file ind15.csv has been created
Second DoUpdate(): 0:00:00.416000
DoEmigration(): 0:00:00.075000
DoOutMortality(): 0:00:00.015000
Third DoUpdate(): 0:00:00.071000
DoImmigration(): 0:00:00.321000
DoInMortality(): 0:00:00.014000
GetMetrics(): 0:00:00.049000
End Generation/Year Loop15: 0:00:00.990000

DoCDClimate(): 0:00:00.005000
DoMate(): 0:00:00.010000
DoOffspring(): 0:00:00.002000
The file ind16.csv has been created
Second DoUpdate(): 0:00:00.434000
DoEmigration(): 0:00:00.076000
DoOutMortality(): 0:00:00.013000
Third DoUpdate(): 0:00:00.055000
DoImmigration(): 0:00:00.312000
DoInMortality(): 0:00:00.015000
GetMetrics(): 0:00:00.053000
End Generation/Year Loop16: 0:00:00.987000

DoCDClimate(): 0:00:00.013000
DoMate(): 0:00:00.013000
DoOffspring(): 0:00:00.002000
The file ind17.csv has been created
Second DoUpdate(): 0:00:00.638000
DoEmigration(): 0:00:00.083000
DoOutMortality(): 0:00:00.015000
Third DoUpdate(): 0:00:00.052000
DoImmigration(): 0:00:00.331000
DoInMortality(): 0:00:00.015000
GetMetrics(): 0:00:00.051000
End Generation/Year Loop17: 0:00:01.222000

DoCDClimate(): 0:00:00.005000
DoMate(): 0:00:00.012000
DoOffspring(): 0:00:00.002000
The file ind18.csv has been created
Second DoUpdate(): 0:00:00.443000
DoEmigration(): 0:00:00.074000
DoOutMortality(): 0:00:00.014000
Third DoUpdate(): 0:00:00.054000
DoImmigration(): 0:00:00.405000
DoInMortality(): 0:00:00.014000
GetMetrics(): 0:00:00.062000
End Generation/Year Loop18: 0:00:01.098000

DoCDClimate(): 0:00:00.005000
DoMate(): 0:00:00.013000
DoOffspring(): 0:00:00.002000
The file ind19.csv has been created
Second DoUpdate(): 0:00:00.472000
DoEmigration(): 0:00:00.078000
DoOutMortality(): 0:00:00.014000
Third DoUpdate(): 0:00:00.060000
DoImmigration(): 0:00:00.365000
DoInMortality(): 0:00:00.015000
GetMetrics(): 0:00:00.061000
End Generation/Year Loop19: 0:00:01.098000

DoCDClimate(): 0:00:00.022000
DoMate(): 0:00:00.010000
DoOffspring(): 0:00:00.002000
The file ind20.csv has been created
Second DoUpdate(): 0:00:00.515000
DoEmigration(): 0:00:00.098000
DoOutMortality(): 0:00:00.015000
Third DoUpdate(): 0:00:00.070000
DoImmigration(): 0:00:00.464000
DoInMortality(): 0:00:00.016000
GetMetrics(): 0:00:00.055000
End Generation/Year Loop20: 0:00:01.279000

DoCDClimate(): 0:00:00.005000
DoMate(): 0:00:00.014000
DoOffspring(): 0:00:00.002000
The file ind21.csv has been created
Second DoUpdate(): 0:00:00.510000
DoEmigration(): 0:00:00.085000
DoOutMortality(): 0:00:00.014000
Third DoUpdate(): 0:00:00.060000
DoImmigration(): 0:00:00.319000
DoInMortality(): 0:00:00.015000
GetMetrics(): 0:00:00.054000
End Generation/Year Loop21: 0:00:01.092000

DoCDClimate(): 0:00:00.006000
DoMate(): 0:00:00.009000
DoOffspring(): 0:00:00.001000
The file ind22.csv has been created
Second DoUpdate(): 0:00:00.606000
DoEmigration(): 0:00:00.109000
DoOutMortality(): 0:00:00.022000
Third DoUpdate(): 0:00:00.061000
DoImmigration(): 0:00:00.413000
DoInMortality(): 0:00:00.015000
GetMetrics(): 0:00:00.056000
End Generation/Year Loop22: 0:00:01.310000

DoCDClimate(): 0:00:00.006000
DoMate(): 0:00:00.009000
DoOffspring(): 0:00:00.002000
The file ind23.csv has been created
Second DoUpdate(): 0:00:00.617000
DoEmigration(): 0:00:00.080000
DoOutMortality(): 0:00:00.013000
Third DoUpdate(): 0:00:00.061000
DoImmigration(): 0:00:00.425000
DoInMortality(): 0:00:00.015000
GetMetrics(): 0:00:00.052000
End Generation/Year Loop23: 0:00:01.290000

DoCDClimate(): 0:00:00.005000
DoMate(): 0:00:00.009000
DoOffspring(): 0:00:00.002000
The file ind24.csv has been created
Second DoUpdate(): 0:00:00.533000
DoEmigration(): 0:00:00.077000
DoOutMortality(): 0:00:00.012000
Third DoUpdate(): 0:00:00.055000
DoImmigration(): 0:00:00.300000
DoInMortality(): 0:00:00.014000
GetMetrics(): 0:00:00.053000
End Generation/Year Loop24: 0:00:01.072000

DoCDClimate(): 0:00:00.006000
DoMate(): 0:00:00.008000
DoOffspring(): 0:00:00.003000
The file ind25.csv has been created
Second DoUpdate(): 0:00:00.459000
DoEmigration(): 0:00:00.112000
DoOutMortality(): 0:00:00.013000
Third DoUpdate(): 0:00:00.057000
DoImmigration(): 0:00:00.481000
DoInMortality(): 0:00:00.015000
GetMetrics(): 0:00:00.055000
End Generation/Year Loop25: 0:00:01.220000

DoCDClimate(): 0:00:00.005000
DoMate(): 0:00:00.010000
DoOffspring(): 0:00:00.002000
The file ind26.csv has been created
Second DoUpdate(): 0:00:00.499000
DoEmigration(): 0:00:00.094000
DoOutMortality(): 0:00:00.013000
Third DoUpdate(): 0:00:00.066000
DoImmigration(): 0:00:00.504000
DoInMortality(): 0:00:00.015000
GetMetrics(): 0:00:00.054000
End Generation/Year Loop26: 0:00:01.273000

DoCDClimate(): 0:00:00.005000
DoMate(): 0:00:00.010000
DoOffspring(): 0:00:00.002000
The file ind27.csv has been created
Second DoUpdate(): 0:00:00.538000
DoEmigration(): 0:00:00.085000
DoOutMortality(): 0:00:00.013000
Third DoUpdate(): 0:00:00.062000
DoImmigration(): 0:00:00.399000
DoInMortality(): 0:00:00.016000
GetMetrics(): 0:00:00.063000
End Generation/Year Loop27: 0:00:01.201000

DoCDClimate(): 0:00:00.007000
DoMate(): 0:00:00.016000
DoOffspring(): 0:00:00.002000
The file ind28.csv has been created
Second DoUpdate(): 0:00:00.523000
DoEmigration(): 0:00:00.089000
DoOutMortality(): 0:00:00.013000
Third DoUpdate(): 0:00:00.056000
DoImmigration(): 0:00:00.541000
DoInMortality(): 0:00:00.016000
GetMetrics(): 0:00:00.057000
End Generation/Year Loop28: 0:00:01.331000

DoCDClimate(): 0:00:00.006000
DoMate(): 0:00:00.009000
DoOffspring(): 0:00:00.002000
The file ind29.csv has been created
Second DoUpdate(): 0:00:00.478000
DoEmigration(): 0:00:00.082000
DoOutMortality(): 0:00:00.014000
Third DoUpdate(): 0:00:00.060000
DoImmigration(): 0:00:00.451000
DoInMortality(): 0:00:00.015000
GetMetrics(): 0:00:00.059000
End Generation/Year Loop29: 0:00:01.188000

DoCDClimate(): 0:00:00.007000
DoMate(): 0:00:00.012000
DoOffspring(): 0:00:00.002000
The file ind30.csv has been created
Second DoUpdate(): 0:00:00.495000
DoEmigration(): 0:00:00.084000
DoOutMortality(): 0:00:00.019000
Third DoUpdate(): 0:00:00.060000
DoImmigration(): 0:00:00.473000
DoInMortality(): 0:00:00.015000
GetMetrics(): 0:00:00.052000
End Generation/Year Loop30: 0:00:01.230000

DoCDClimate(): 0:00:00.006000
DoMate(): 0:00:00.010000
DoOffspring(): 0:00:00.002000
The file ind31.csv has been created
Second DoUpdate(): 0:00:00.448000
DoEmigration(): 0:00:00.080000
DoOutMortality(): 0:00:00.015000
Third DoUpdate(): 0:00:00.060000
DoImmigration(): 0:00:00.606000
DoInMortality(): 0:00:00.015000
GetMetrics(): 0:00:00.053000
End Generation/Year Loop31: 0:00:01.305000

DoCDClimate(): 0:00:00.006000
DoMate(): 0:00:00.009000
DoOffspring(): 0:00:00.002000
The file ind32.csv has been created
Second DoUpdate(): 0:00:00.543000
DoEmigration(): 0:00:00.095000
DoOutMortality(): 0:00:00.014000
Third DoUpdate(): 0:00:00.060000
DoImmigration(): 0:00:00.564000
DoInMortality(): 0:00:00.017000
GetMetrics(): 0:00:00.070000
End Generation/Year Loop32: 0:00:01.389000

DoCDClimate(): 0:00:00.006000
DoMate(): 0:00:00.010000
DoOffspring(): 0:00:00.002000
The file ind33.csv has been created
Second DoUpdate(): 0:00:00.528000
DoEmigration(): 0:00:00.123000
DoOutMortality(): 0:00:00.019000
Third DoUpdate(): 0:00:00.103000
DoImmigration(): 0:00:00.582000
DoInMortality(): 0:00:00.016000
GetMetrics(): 0:00:00.054000
End Generation/Year Loop33: 0:00:01.454000

DoCDClimate(): 0:00:00.006000
DoMate(): 0:00:00.009000
DoOffspring(): 0:00:00.002000
The file ind34.csv has been created
Second DoUpdate(): 0:00:00.484000
DoEmigration(): 0:00:00.081000
DoOutMortality(): 0:00:00.013000
Third DoUpdate(): 0:00:00.057000
DoImmigration(): 0:00:00.452000
DoInMortality(): 0:00:00.015000
GetMetrics(): 0:00:00.054000
End Generation/Year Loop34: 0:00:01.184000

DoCDClimate(): 0:00:00.006000
DoMate(): 0:00:00.010000
DoOffspring(): 0:00:00.002000
The file ind35.csv has been created
Second DoUpdate(): 0:00:00.680000
DoEmigration(): 0:00:00.080000
DoOutMortality(): 0:00:00.014000
Third DoUpdate(): 0:00:00.059000
DoImmigration(): 0:00:00.528000
DoInMortality(): 0:00:00.016000
GetMetrics(): 0:00:00.060000
End Generation/Year Loop35: 0:00:01.467000

DoCDClimate(): 0:00:00.005000
DoMate(): 0:00:00.012000
DoOffspring(): 0:00:00.002000
The file ind36.csv has been created
Second DoUpdate(): 0:00:00.491000
DoEmigration(): 0:00:00.089000
DoOutMortality(): 0:00:00.015000
Third DoUpdate(): 0:00:00.063000
DoImmigration(): 0:00:00.833000
DoInMortality(): 0:00:00.016000
GetMetrics(): 0:00:00.063000
End Generation/Year Loop36: 0:00:01.601000

DoCDClimate(): 0:00:00.006000
DoMate(): 0:00:00.010000
DoOffspring(): 0:00:00.002000
The file ind37.csv has been created
Second DoUpdate(): 0:00:00.597000
DoEmigration(): 0:00:00.105000
DoOutMortality(): 0:00:00.015000
Third DoUpdate(): 0:00:00.076000
DoImmigration(): 0:00:00.590000
DoInMortality(): 0:00:00.017000
GetMetrics(): 0:00:00.061000
End Generation/Year Loop37: 0:00:01.489000

DoCDClimate(): 0:00:00.006000
DoMate(): 0:00:00.010000
DoOffspring(): 0:00:00.002000
The file ind38.csv has been created
Second DoUpdate(): 0:00:00.558000
DoEmigration(): 0:00:00.094000
DoOutMortality(): 0:00:00.015000
Third DoUpdate(): 0:00:00.065000
DoImmigration(): 0:00:00.526000
DoInMortality(): 0:00:00.015000
GetMetrics(): 0:00:00.053000
End Generation/Year Loop38: 0:00:01.355000

DoCDClimate(): 0:00:00.006000
DoMate(): 0:00:00.011000
DoOffspring(): 0:00:00.002000
The file ind39.csv has been created
Second DoUpdate(): 0:00:00.466000
DoEmigration(): 0:00:00.078000
DoOutMortality(): 0:00:00.014000
Third DoUpdate(): 0:00:00.055000
DoImmigration(): 0:00:00.465000
DoInMortality(): 0:00:00.016000
GetMetrics(): 0:00:00.055000
End Generation/Year Loop39: 0:00:01.179000

DoCDClimate(): 0:00:00.006000
DoMate(): 0:00:00.010000
DoOffspring(): 0:00:00.003000
The file ind40.csv has been created
Second DoUpdate(): 0:00:00.477000
DoEmigration(): 0:00:00.084000
DoOutMortality(): 0:00:00.016000
Third DoUpdate(): 0:00:00.074000
DoImmigration(): 0:00:00.710000
DoInMortality(): 0:00:00.016000
GetMetrics(): 0:00:00.065000
End Generation/Year Loop40: 0:00:01.471000

DoCDClimate(): 0:00:00.005000
DoMate(): 0:00:00.011000
DoOffspring(): 0:00:00.002000
The file ind41.csv has been created
Second DoUpdate(): 0:00:00.754000
DoEmigration(): 0:00:00.095000
DoOutMortality(): 0:00:00.016000
Third DoUpdate(): 0:00:00.075000
DoImmigration(): 0:00:00.709000
DoInMortality(): 0:00:00.020000
GetMetrics(): 0:00:00.094000
End Generation/Year Loop41: 0:00:01.793000

DoCDClimate(): 0:00:00.007000
DoMate(): 0:00:00.015000
DoOffspring(): 0:00:00.004000
The file ind42.csv has been created
Second DoUpdate(): 0:00:00.618000
DoEmigration(): 0:00:00.099000
DoOutMortality(): 0:00:00.018000
Third DoUpdate(): 0:00:00.077000
DoImmigration(): 0:00:00.595000
DoInMortality(): 0:00:00.018000
GetMetrics(): 0:00:00.066000
End Generation/Year Loop42: 0:00:01.526000

DoCDClimate(): 0:00:00.006000
DoMate(): 0:00:00.012000
DoOffspring(): 0:00:00.002000
The file ind43.csv has been created
Second DoUpdate(): 0:00:00.785000
DoEmigration(): 0:00:00.101000
DoOutMortality(): 0:00:00.017000
Third DoUpdate(): 0:00:00.078000
DoImmigration(): 0:00:00.687000
DoInMortality(): 0:00:00.018000
GetMetrics(): 0:00:00.071000
End Generation/Year Loop43: 0:00:01.789000

DoCDClimate(): 0:00:00.007000
DoMate(): 0:00:00.014000
DoOffspring(): 0:00:00.003000
The file ind44.csv has been created
Second DoUpdate(): 0:00:00.816000
DoEmigration(): 0:00:00.131000
DoOutMortality(): 0:00:00.019000
Third DoUpdate(): 0:00:00.112000
DoImmigration(): 0:00:00.836000
DoInMortality(): 0:00:00.020000
GetMetrics(): 0:00:00.084000
End Generation/Year Loop44: 0:00:02.053000

DoCDClimate(): 0:00:00.006000
DoMate(): 0:00:00.014000
DoOffspring(): 0:00:00.002000
The file ind45.csv has been created
Second DoUpdate(): 0:00:00.882000
DoEmigration(): 0:00:00.109000
DoOutMortality(): 0:00:00.019000
Third DoUpdate(): 0:00:00.081000
DoImmigration(): 0:00:00.648000
DoInMortality(): 0:00:00.017000
GetMetrics(): 0:00:00.067000
End Generation/Year Loop45: 0:00:01.860000

DoCDClimate(): 0:00:00.006000
DoMate(): 0:00:00.013000
DoOffspring(): 0:00:00.003000
The file ind46.csv has been created
Second DoUpdate(): 0:00:00.745000
DoEmigration(): 0:00:00.116000
DoOutMortality(): 0:00:00.020000
Third DoUpdate(): 0:00:00.103000
DoImmigration(): 0:00:00.696000
DoInMortality(): 0:00:00.019000
GetMetrics(): 0:00:00.071000
End Generation/Year Loop46: 0:00:01.804000

DoCDClimate(): 0:00:00.007000
DoMate(): 0:00:00.012000
DoOffspring(): 0:00:00.003000
The file ind47.csv has been created
Second DoUpdate(): 0:00:00.716000
DoEmigration(): 0:00:00.109000
DoOutMortality(): 0:00:00.017000
Third DoUpdate(): 0:00:00.078000
DoImmigration(): 0:00:00.698000
DoInMortality(): 0:00:00.018000
GetMetrics(): 0:00:00.072000
End Generation/Year Loop47: 0:00:01.739000

DoCDClimate(): 0:00:00.007000
DoMate(): 0:00:00.010000
DoOffspring(): 0:00:00.003000
The file ind48.csv has been created
Second DoUpdate(): 0:00:00.675000
DoEmigration(): 0:00:00.138000
DoOutMortality(): 0:00:00.017000
Third DoUpdate(): 0:00:00.086000
DoImmigration(): 0:00:00.599000
DoInMortality(): 0:00:00.017000
GetMetrics(): 0:00:00.081000
End Generation/Year Loop48: 0:00:01.646000

DoCDClimate(): 0:00:00.006000
DoMate(): 0:00:00.011000
DoOffspring(): 0:00:00.002000
The file ind49.csv has been created
Second DoUpdate(): 0:00:00.784000
DoEmigration(): 0:00:00.108000
DoOutMortality(): 0:00:00.020000
Third DoUpdate(): 0:00:00.081000
DoImmigration(): 0:00:00.572000
DoInMortality(): 0:00:00.017000
GetMetrics(): 0:00:00.081000
End Generation/Year Loop49: 0:00:01.694000

DoCDClimate(): 0:00:00.006000
DoMate(): 0:00:00.018000
DoOffspring(): 0:00:00.002000
The file ind50.csv has been created
Second DoUpdate(): 0:00:00.650000
DoEmigration(): 0:00:00.102000
DoOutMortality(): 0:00:00.017000
Third DoUpdate(): 0:00:00.074000
DoImmigration(): 0:00:00.503000
DoInMortality(): 0:00:00.019000
GetMetrics(): 0:00:00.064000
End Generation/Year Loop50: 0:00:01.467000

DoCDClimate(): 0:00:00.007000
DoMate(): 0:00:00.014000
DoOffspring(): 0:00:00.003000
The file ind51.csv has been created
Second DoUpdate(): 0:00:00.716000
DoEmigration(): 0:00:00.095000
DoOutMortality(): 0:00:00.017000
Third DoUpdate(): 0:00:00.069000
DoImmigration(): 0:00:00.664000
DoInMortality(): 0:00:00.021000
GetMetrics(): 0:00:00.070000
End Generation/Year Loop51: 0:00:01.684000

DoCDClimate(): 0:00:00.008000
DoMate(): 0:00:00.012000
DoOffspring(): 0:00:00.002000
The file ind52.csv has been created
Second DoUpdate(): 0:00:00.688000
DoEmigration(): 0:00:00.098000
DoOutMortality(): 0:00:00.017000
Third DoUpdate(): 0:00:00.082000
DoImmigration(): 0:00:00.848000
DoInMortality(): 0:00:00.021000
GetMetrics(): 0:00:00.076000
End Generation/Year Loop52: 0:00:01.863000

DoCDClimate(): 0:00:00.007000
DoMate(): 0:00:00.013000
DoOffspring(): 0:00:00.002000
The file ind53.csv has been created
Second DoUpdate(): 0:00:00.696000
DoEmigration(): 0:00:00.109000
DoOutMortality(): 0:00:00.017000
Third DoUpdate(): 0:00:00.081000
DoImmigration(): 0:00:00.729000
DoInMortality(): 0:00:00.020000
GetMetrics(): 0:00:00.073000
End Generation/Year Loop53: 0:00:01.759000

DoCDClimate(): 0:00:00.006000
DoMate(): 0:00:00.011000
DoOffspring(): 0:00:00.002000
The file ind54.csv has been created
Second DoUpdate(): 0:00:00.675000
DoEmigration(): 0:00:00.113000
DoOutMortality(): 0:00:00.018000
Third DoUpdate(): 0:00:00.107000
DoImmigration(): 0:00:00.642000
DoInMortality(): 0:00:00.018000
GetMetrics(): 0:00:00.072000
End Generation/Year Loop54: 0:00:01.676000

DoCDClimate(): 0:00:00.007000
DoMate(): 0:00:00.012000
DoOffspring(): 0:00:00.002000
The file ind55.csv has been created
Second DoUpdate(): 0:00:00.792000
DoEmigration(): 0:00:00.108000
DoOutMortality(): 0:00:00.018000
Third DoUpdate(): 0:00:00.086000
DoImmigration(): 0:00:00.597000
DoInMortality(): 0:00:00.017000
GetMetrics(): 0:00:00.073000
End Generation/Year Loop55: 0:00:01.725000

DoCDClimate(): 0:00:00.007000
DoMate(): 0:00:00.011000
DoOffspring(): 0:00:00.003000
The file ind56.csv has been created
Second DoUpdate(): 0:00:00.759000
DoEmigration(): 0:00:00.099000
DoOutMortality(): 0:00:00.022000
Third DoUpdate(): 0:00:00.082000
DoImmigration(): 0:00:00.516000
DoInMortality(): 0:00:00.016000
GetMetrics(): 0:00:00.061000
End Generation/Year Loop56: 0:00:01.588000

DoCDClimate(): 0:00:00.006000
DoMate(): 0:00:00.010000
DoOffspring(): 0:00:00.002000
The file ind57.csv has been created
Second DoUpdate(): 0:00:00.584000
DoEmigration(): 0:00:00.109000
DoOutMortality(): 0:00:00.017000
Third DoUpdate(): 0:00:00.089000
DoImmigration(): 0:00:00.768000
DoInMortality(): 0:00:00.016000
GetMetrics(): 0:00:00.067000
End Generation/Year Loop57: 0:00:01.681000

DoCDClimate(): 0:00:00.006000
DoMate(): 0:00:00.011000
DoOffspring(): 0:00:00.002000
The file ind58.csv has been created
Second DoUpdate(): 0:00:00.599000
DoEmigration(): 0:00:00.094000
DoOutMortality(): 0:00:00.015000
Third DoUpdate(): 0:00:00.082000
DoImmigration(): 0:00:00.661000
DoInMortality(): 0:00:00.018000
GetMetrics(): 0:00:00.078000
End Generation/Year Loop58: 0:00:01.576000

DoCDClimate(): 0:00:00.006000
DoMate(): 0:00:00.011000
DoOffspring(): 0:00:00.003000
The file ind59.csv has been created
Second DoUpdate(): 0:00:00.637000
DoEmigration(): 0:00:00.100000
DoOutMortality(): 0:00:00.018000
Third DoUpdate(): 0:00:00.075000
DoImmigration(): 0:00:00.502000
DoInMortality(): 0:00:00.020000
GetMetrics(): 0:00:00.060000
End Generation/Year Loop59: 0:00:01.439000

DoCDClimate(): 0:00:00.007000
DoMate(): 0:00:00.012000
DoOffspring(): 0:00:00.003000
The file ind60.csv has been created
Second DoUpdate(): 0:00:00.685000
DoEmigration(): 0:00:00.107000
DoOutMortality(): 0:00:00.018000
Third DoUpdate(): 0:00:00.073000
DoImmigration(): 0:00:00.686000
DoInMortality(): 0:00:00.017000
GetMetrics(): 0:00:00.067000
End Generation/Year Loop60: 0:00:01.688000

DoCDClimate(): 0:00:00.006000
DoMate(): 0:00:00.011000
DoOffspring(): 0:00:00.002000
The file ind61.csv has been created
Second DoUpdate(): 0:00:00.591000
DoEmigration(): 0:00:00.108000
DoOutMortality(): 0:00:00.017000
Third DoUpdate(): 0:00:00.074000
DoImmigration(): 0:00:00.530000
DoInMortality(): 0:00:00.018000
GetMetrics(): 0:00:00.061000
End Generation/Year Loop61: 0:00:01.426000

DoCDClimate(): 0:00:00.007000
DoMate(): 0:00:00.010000
DoOffspring(): 0:00:00.003000
The file ind62.csv has been created
Second DoUpdate(): 0:00:00.587000
DoEmigration(): 0:00:00.100000
DoOutMortality(): 0:00:00.016000
Third DoUpdate(): 0:00:00.075000
DoImmigration(): 0:00:00.578000
DoInMortality(): 0:00:00.017000
GetMetrics(): 0:00:00.061000
End Generation/Year Loop62: 0:00:01.462000

DoCDClimate(): 0:00:00.007000
DoMate(): 0:00:00.011000
DoOffspring(): 0:00:00.003000
The file ind63.csv has been created
Second DoUpdate(): 0:00:00.558000
DoEmigration(): 0:00:00.098000
DoOutMortality(): 0:00:00.016000
Third DoUpdate(): 0:00:00.070000
DoImmigration(): 0:00:00.663000
DoInMortality(): 0:00:00.017000
GetMetrics(): 0:00:00.061000
End Generation/Year Loop63: 0:00:01.514000

DoCDClimate(): 0:00:00.006000
DoMate(): 0:00:00.013000
DoOffspring(): 0:00:00.003000
The file ind64.csv has been created
Second DoUpdate(): 0:00:00.562000
DoEmigration(): 0:00:00.097000
DoOutMortality(): 0:00:00.016000
Third DoUpdate(): 0:00:00.078000
DoImmigration(): 0:00:00.770000
DoInMortality(): 0:00:00.031000
GetMetrics(): 0:00:00.081000
End Generation/Year Loop64: 0:00:01.669000

DoCDClimate(): 0:00:00.008000
DoMate(): 0:00:00.014000
DoOffspring(): 0:00:00.003000
The file ind65.csv has been created
Second DoUpdate(): 0:00:00.693000
DoEmigration(): 0:00:00.100000
DoOutMortality(): 0:00:00.017000
Third DoUpdate(): 0:00:00.080000
DoImmigration(): 0:00:00.676000
DoInMortality(): 0:00:00.022000
GetMetrics(): 0:00:00.078000
End Generation/Year Loop65: 0:00:01.703000

DoCDClimate(): 0:00:00.006000
DoMate(): 0:00:00.014000
DoOffspring(): 0:00:00.003000
The file ind66.csv has been created
Second DoUpdate(): 0:00:00.734000
DoEmigration(): 0:00:00.124000
DoOutMortality(): 0:00:00.018000
Third DoUpdate(): 0:00:00.098000
DoImmigration(): 0:00:00.761000
DoInMortality(): 0:00:00.021000
GetMetrics(): 0:00:00.085000
End Generation/Year Loop66: 0:00:01.876000

DoCDClimate(): 0:00:00.008000
DoMate(): 0:00:00.014000
DoOffspring(): 0:00:00.003000
The file ind67.csv has been created
Second DoUpdate(): 0:00:00.870000
DoEmigration(): 0:00:00.113000
DoOutMortality(): 0:00:00.019000
Third DoUpdate(): 0:00:00.090000
DoImmigration(): 0:00:00.685000
DoInMortality(): 0:00:00.022000
GetMetrics(): 0:00:00.074000
End Generation/Year Loop67: 0:00:01.907000

DoCDClimate(): 0:00:00.006000
DoMate(): 0:00:00.013000
DoOffspring(): 0:00:00.003000
The file ind68.csv has been created
Second DoUpdate(): 0:00:00.668000
DoEmigration(): 0:00:00.106000
DoOutMortality(): 0:00:00.018000
Third DoUpdate(): 0:00:00.084000
DoImmigration(): 0:00:00.596000
DoInMortality(): 0:00:00.018000
GetMetrics(): 0:00:00.070000
End Generation/Year Loop68: 0:00:01.595000

DoCDClimate(): 0:00:00.006000
DoMate(): 0:00:00.021000
DoOffspring(): 0:00:00.003000
The file ind69.csv has been created
Second DoUpdate(): 0:00:00.729000
DoEmigration(): 0:00:00.104000
DoOutMortality(): 0:00:00.017000
Third DoUpdate(): 0:00:00.088000
DoImmigration(): 0:00:00.636000
DoInMortality(): 0:00:00.026000
GetMetrics(): 0:00:00.067000
End Generation/Year Loop69: 0:00:01.709000

DoCDClimate(): 0:00:00.006000
DoMate(): 0:00:00.012000
DoOffspring(): 0:00:00.003000
The file ind70.csv has been created
Second DoUpdate(): 0:00:00.830000
DoEmigration(): 0:00:00.099000
DoOutMortality(): 0:00:00.017000
Third DoUpdate(): 0:00:00.080000
DoImmigration(): 0:00:00.760000
DoInMortality(): 0:00:00.022000
GetMetrics(): 0:00:00.091000
End Generation/Year Loop70: 0:00:01.931000

DoCDClimate(): 0:00:00.007000
DoMate(): 0:00:00.014000
DoOffspring(): 0:00:00.003000
The file ind71.csv has been created
Second DoUpdate(): 0:00:00.794000
DoEmigration(): 0:00:00.104000
DoOutMortality(): 0:00:00.020000
Third DoUpdate(): 0:00:00.081000
DoImmigration(): 0:00:00.718000
DoInMortality(): 0:00:00.020000
GetMetrics(): 0:00:00.086000
End Generation/Year Loop71: 0:00:01.861000

DoCDClimate(): 0:00:00.006000
DoMate(): 0:00:00.012000
DoOffspring(): 0:00:00.002000
The file ind72.csv has been created
Second DoUpdate(): 0:00:00.775000
DoEmigration(): 0:00:00.108000
DoOutMortality(): 0:00:00.025000
Third DoUpdate(): 0:00:00.093000
DoImmigration(): 0:00:00.838000
DoInMortality(): 0:00:00.019000
GetMetrics(): 0:00:00.077000
End Generation/Year Loop72: 0:00:01.969000

DoCDClimate(): 0:00:00.007000
DoMate(): 0:00:00.019000
DoOffspring(): 0:00:00.003000
The file ind73.csv has been created
Second DoUpdate(): 0:00:00.732000
DoEmigration(): 0:00:00.105000
DoOutMortality(): 0:00:00.016000
Third DoUpdate(): 0:00:00.079000
DoImmigration(): 0:00:00.803000
DoInMortality(): 0:00:00.018000
GetMetrics(): 0:00:00.075000
End Generation/Year Loop73: 0:00:01.868000

DoCDClimate(): 0:00:00.006000
DoMate(): 0:00:00.013000
DoOffspring(): 0:00:00.003000
The file ind74.csv has been created
Second DoUpdate(): 0:00:00.733000
DoEmigration(): 0:00:00.108000
DoOutMortality(): 0:00:00.017000
Third DoUpdate(): 0:00:00.080000
DoImmigration(): 0:00:00.854000
DoInMortality(): 0:00:00.021000
GetMetrics(): 0:00:00.086000
End Generation/Year Loop74: 0:00:01.932000

DoCDClimate(): 0:00:00.007000
DoMate(): 0:00:00.029000
DoOffspring(): 0:00:00.006000
The file ind75.csv has been created
Second DoUpdate(): 0:00:00.748000
DoEmigration(): 0:00:00.116000
DoOutMortality(): 0:00:00.019000
Third DoUpdate(): 0:00:00.086000
DoImmigration(): 0:00:00.685000
DoInMortality(): 0:00:00.030000
GetMetrics(): 0:00:00.076000
End Generation/Year Loop75: 0:00:01.810000

DoCDClimate(): 0:00:00.006000
DoMate(): 0:00:00.015000
DoOffspring(): 0:00:00.004000
The file ind76.csv has been created
Second DoUpdate(): 0:00:00.683000
DoEmigration(): 0:00:00.113000
DoOutMortality(): 0:00:00.027000
Third DoUpdate(): 0:00:00.083000
DoImmigration(): 0:00:00.734000
DoInMortality(): 0:00:00.023000
GetMetrics(): 0:00:00.086000
End Generation/Year Loop76: 0:00:01.781000

DoCDClimate(): 0:00:00.007000
DoMate(): 0:00:00.016000
DoOffspring(): 0:00:00.003000
The file ind77.csv has been created
Second DoUpdate(): 0:00:00.904000
DoEmigration(): 0:00:00.114000
DoOutMortality(): 0:00:00.021000
Third DoUpdate(): 0:00:00.087000
DoImmigration(): 0:00:00.685000
DoInMortality(): 0:00:00.020000
GetMetrics(): 0:00:00.079000
End Generation/Year Loop77: 0:00:01.947000

DoCDClimate(): 0:00:00.006000
DoMate(): 0:00:00.015000
DoOffspring(): 0:00:00.003000
The file ind78.csv has been created
Second DoUpdate(): 0:00:00.858000
DoEmigration(): 0:00:00.147000
DoOutMortality(): 0:00:00.019000
Third DoUpdate(): 0:00:00.081000
DoImmigration(): 0:00:00.892000
DoInMortality(): 0:00:00.020000
GetMetrics(): 0:00:00.079000
End Generation/Year Loop78: 0:00:02.131000

DoCDClimate(): 0:00:00.007000
DoMate(): 0:00:00.014000
DoOffspring(): 0:00:00.003000
The file ind79.csv has been created
Second DoUpdate(): 0:00:00.706000
DoEmigration(): 0:00:00.146000
DoOutMortality(): 0:00:00.017000
Third DoUpdate(): 0:00:00.083000
DoImmigration(): 0:00:00.641000
DoInMortality(): 0:00:00.016000
GetMetrics(): 0:00:00.083000
End Generation/Year Loop79: 0:00:01.728000

DoCDClimate(): 0:00:00.006000
DoMate(): 0:00:00.010000
DoOffspring(): 0:00:00.003000
The file ind80.csv has been created
Second DoUpdate(): 0:00:00.618000
DoEmigration(): 0:00:00.099000
DoOutMortality(): 0:00:00.020000
Third DoUpdate(): 0:00:00.079000
DoImmigration(): 0:00:00.695000
DoInMortality(): 0:00:00.018000
GetMetrics(): 0:00:00.067000
End Generation/Year Loop80: 0:00:01.626000

DoCDClimate(): 0:00:00.007000
DoMate(): 0:00:00.011000
DoOffspring(): 0:00:00.002000
The file ind81.csv has been created
Second DoUpdate(): 0:00:00.604000
DoEmigration(): 0:00:00.100000
DoOutMortality(): 0:00:00.016000
Third DoUpdate(): 0:00:00.082000
DoImmigration(): 0:00:00.586000
DoInMortality(): 0:00:00.016000
GetMetrics(): 0:00:00.063000
End Generation/Year Loop81: 0:00:01.499000

DoCDClimate(): 0:00:00.006000
DoMate(): 0:00:00.009000
DoOffspring(): 0:00:00.002000
The file ind82.csv has been created
Second DoUpdate(): 0:00:00.542000
DoEmigration(): 0:00:00.104000
DoOutMortality(): 0:00:00.016000
Third DoUpdate(): 0:00:00.064000
DoImmigration(): 0:00:00.692000
DoInMortality(): 0:00:00.016000
GetMetrics(): 0:00:00.062000
End Generation/Year Loop82: 0:00:01.526000

DoCDClimate(): 0:00:00.007000
DoMate(): 0:00:00.009000
DoOffspring(): 0:00:00.002000
The file ind83.csv has been created
Second DoUpdate(): 0:00:00.523000
DoEmigration(): 0:00:00.089000
DoOutMortality(): 0:00:00.015000
Third DoUpdate(): 0:00:00.066000
DoImmigration(): 0:00:00.508000
DoInMortality(): 0:00:00.016000
GetMetrics(): 0:00:00.064000
End Generation/Year Loop83: 0:00:01.308000

DoCDClimate(): 0:00:00.007000
DoMate(): 0:00:00.011000
DoOffspring(): 0:00:00.002000
The file ind84.csv has been created
Second DoUpdate(): 0:00:00.550000
DoEmigration(): 0:00:00.091000
DoOutMortality(): 0:00:00.015000
Third DoUpdate(): 0:00:00.063000
DoImmigration(): 0:00:00.480000
DoInMortality(): 0:00:00.016000
GetMetrics(): 0:00:00.057000
End Generation/Year Loop84: 0:00:01.301000

DoCDClimate(): 0:00:00.007000
DoMate(): 0:00:00.010000
DoOffspring(): 0:00:00.002000
The file ind85.csv has been created
Second DoUpdate(): 0:00:00.486000
DoEmigration(): 0:00:00.089000
DoOutMortality(): 0:00:00.015000
Third DoUpdate(): 0:00:00.060000
DoImmigration(): 0:00:00.402000
DoInMortality(): 0:00:00.015000
GetMetrics(): 0:00:00.050000
End Generation/Year Loop85: 0:00:01.146000

DoCDClimate(): 0:00:00.007000
DoMate(): 0:00:00.009000
DoOffspring(): 0:00:00.002000
The file ind86.csv has been created
Second DoUpdate(): 0:00:00.464000
DoEmigration(): 0:00:00.078000
DoOutMortality(): 0:00:00.014000
Third DoUpdate(): 0:00:00.056000
DoImmigration(): 0:00:00.487000
DoInMortality(): 0:00:00.017000
GetMetrics(): 0:00:00.050000
End Generation/Year Loop86: 0:00:01.197000

DoCDClimate(): 0:00:00.007000
DoMate(): 0:00:00.010000
DoOffspring(): 0:00:00.002000
The file ind87.csv has been created
Second DoUpdate(): 0:00:00.435000
DoEmigration(): 0:00:00.079000
DoOutMortality(): 0:00:00.014000
Third DoUpdate(): 0:00:00.054000
DoImmigration(): 0:00:00.400000
DoInMortality(): 0:00:00.016000
GetMetrics(): 0:00:00.052000
End Generation/Year Loop87: 0:00:01.079000

DoCDClimate(): 0:00:00.007000
DoMate(): 0:00:00.011000
DoOffspring(): 0:00:00.003000
The file ind88.csv has been created
Second DoUpdate(): 0:00:00.446000
DoEmigration(): 0:00:00.091000
DoOutMortality(): 0:00:00.014000
Third DoUpdate(): 0:00:00.052000
DoImmigration(): 0:00:00.503000
DoInMortality(): 0:00:00.016000
GetMetrics(): 0:00:00.055000
End Generation/Year Loop88: 0:00:01.208000

DoCDClimate(): 0:00:00.006000
DoMate(): 0:00:00.011000
DoOffspring(): 0:00:00.002000
The file ind89.csv has been created
Second DoUpdate(): 0:00:00.483000
DoEmigration(): 0:00:00.083000
DoOutMortality(): 0:00:00.015000
Third DoUpdate(): 0:00:00.060000
DoImmigration(): 0:00:00.633000
DoInMortality(): 0:00:00.017000
GetMetrics(): 0:00:00.069000
End Generation/Year Loop89: 0:00:01.390000

DoCDClimate(): 0:00:00.007000
DoMate(): 0:00:00.011000
DoOffspring(): 0:00:00.002000
The file ind90.csv has been created
Second DoUpdate(): 0:00:00.564000
DoEmigration(): 0:00:00.099000
DoOutMortality(): 0:00:00.016000
Third DoUpdate(): 0:00:00.069000
DoImmigration(): 0:00:00.596000
DoInMortality(): 0:00:00.017000
GetMetrics(): 0:00:00.069000
End Generation/Year Loop90: 0:00:01.461000

DoCDClimate(): 0:00:00.007000
DoMate(): 0:00:00.012000
DoOffspring(): 0:00:00.002000
The file ind91.csv has been created
Second DoUpdate(): 0:00:00.774000
DoEmigration(): 0:00:00.106000
DoOutMortality(): 0:00:00.018000
Third DoUpdate(): 0:00:00.076000
DoImmigration(): 0:00:00.535000
DoInMortality(): 0:00:00.017000
GetMetrics(): 0:00:00.065000
End Generation/Year Loop91: 0:00:01.621000

DoCDClimate(): 0:00:00.006000
DoMate(): 0:00:00.012000
DoOffspring(): 0:00:00.003000
The file ind92.csv has been created
Second DoUpdate(): 0:00:00.568000
DoEmigration(): 0:00:00.096000
DoOutMortality(): 0:00:00.019000
Third DoUpdate(): 0:00:00.071000
DoImmigration(): 0:00:00.538000
DoInMortality(): 0:00:00.017000
GetMetrics(): 0:00:00.074000
End Generation/Year Loop92: 0:00:01.411000

DoCDClimate(): 0:00:00.006000
DoMate(): 0:00:00.023000
DoOffspring(): 0:00:00.005000
The file ind93.csv has been created
Second DoUpdate(): 0:00:00.554000
DoEmigration(): 0:00:00.094000
DoOutMortality(): 0:00:00.016000
Third DoUpdate(): 0:00:00.070000
DoImmigration(): 0:00:00.517000
DoInMortality(): 0:00:00.017000
GetMetrics(): 0:00:00.066000
End Generation/Year Loop93: 0:00:01.383000

DoCDClimate(): 0:00:00.007000
DoMate(): 0:00:00.012000
DoOffspring(): 0:00:00.003000
The file ind94.csv has been created
Second DoUpdate(): 0:00:00.602000
DoEmigration(): 0:00:00.095000
DoOutMortality(): 0:00:00.017000
Third DoUpdate(): 0:00:00.079000
DoImmigration(): 0:00:00.554000
DoInMortality(): 0:00:00.017000
GetMetrics(): 0:00:00.068000
End Generation/Year Loop94: 0:00:01.465000

DoCDClimate(): 0:00:00.006000
DoMate(): 0:00:00.012000
DoOffspring(): 0:00:00.003000
The file ind95.csv has been created
Second DoUpdate(): 0:00:00.653000
DoEmigration(): 0:00:00.099000
DoOutMortality(): 0:00:00.016000
Third DoUpdate(): 0:00:00.074000
DoImmigration(): 0:00:01.005000
DoInMortality(): 0:00:00.028000
GetMetrics(): 0:00:00.098000
End Generation/Year Loop95: 0:00:02.004000

DoCDClimate(): 0:00:00.007000
DoMate(): 0:00:00.014000
DoOffspring(): 0:00:00.003000
The file ind96.csv has been created
Second DoUpdate(): 0:00:00.823000
DoEmigration(): 0:00:00.137000
DoOutMortality(): 0:00:00.022000
Third DoUpdate(): 0:00:00.108000
DoImmigration(): 0:00:00.769000
DoInMortality(): 0:00:00.020000
GetMetrics(): 0:00:00.090000
End Generation/Year Loop96: 0:00:02.002000

DoCDClimate(): 0:00:00.008000
DoMate(): 0:00:00.013000
DoOffspring(): 0:00:00.003000
The file ind97.csv has been created
Second DoUpdate(): 0:00:00.676000
DoEmigration(): 0:00:00.152000
DoOutMortality(): 0:00:00.017000
Third DoUpdate(): 0:00:00.076000
DoImmigration(): 0:00:00.677000
DoInMortality(): 0:00:00.019000
GetMetrics(): 0:00:00.069000
End Generation/Year Loop97: 0:00:01.718000

DoCDClimate(): 0:00:00.008000
DoMate(): 0:00:00.013000
DoOffspring(): 0:00:00.002000
The file ind98.csv has been created
Second DoUpdate(): 0:00:00.635000
DoEmigration(): 0:00:00.119000
DoOutMortality(): 0:00:00.016000
Third DoUpdate(): 0:00:00.082000
DoImmigration(): 0:00:00.592000
DoInMortality(): 0:00:00.016000
GetMetrics(): 0:00:00.061000
End Generation/Year Loop98: 0:00:01.555000

DoCDClimate(): 0:00:00.006000
DoMate(): 0:00:00.011000
DoOffspring(): 0:00:00.003000
The file ind99.csv has been created
Second DoUpdate(): 0:00:00.586000
DoEmigration(): 0:00:00.113000
DoOutMortality(): 0:00:00.014000
Third DoUpdate(): 0:00:00.077000
DoImmigration(): 0:00:00.745000
DoInMortality(): 0:00:00.022000
GetMetrics(): 0:00:00.076000
End Generation/Year Loop99: 0:00:01.665000

DoCDClimate(): 0:00:00.006000
DoMate(): 0:00:00.014000
DoOffspring(): 0:00:00.004000
The file ind100.csv has been created
Second DoUpdate(): 0:00:00.788000
DoEmigration(): 0:00:00.104000
DoOutMortality(): 0:00:00.018000
Third DoUpdate(): 0:00:00.086000
DoImmigration(): 0:00:00.614000
DoInMortality(): 0:00:00.018000
GetMetrics(): 0:00:00.066000
End Generation/Year Loop100: 0:00:01.729000

DoCDClimate(): 0:00:00.006000
DoMate(): 0:00:00.011000
DoOffspring(): 0:00:00.003000
The file ind101.csv has been created
Second DoUpdate(): 0:00:00.813000
DoEmigration(): 0:00:00.097000
DoOutMortality(): 0:00:00.023000
Third DoUpdate(): 0:00:00.073000
DoImmigration(): 0:00:00.567000
DoInMortality(): 0:00:00.026000
GetMetrics(): 0:00:00.063000
End Generation/Year Loop101: 0:00:01.692000

DoCDClimate(): 0:00:00.007000
DoMate(): 0:00:00.014000
DoOffspring(): 0:00:00.003000
The file ind102.csv has been created
Second DoUpdate(): 0:00:00.681000
DoEmigration(): 0:00:00.095000
DoOutMortality(): 0:00:00.016000
Third DoUpdate(): 0:00:00.081000
DoImmigration(): 0:00:00.743000
DoInMortality(): 0:00:00.017000
GetMetrics(): 0:00:00.067000
End Generation/Year Loop102: 0:00:01.735000

DoCDClimate(): 0:00:00.006000
DoMate(): 0:00:00.012000
DoOffspring(): 0:00:00.003000
The file ind103.csv has been created
Second DoUpdate(): 0:00:00.593000
DoEmigration(): 0:00:00.092000
DoOutMortality(): 0:00:00.016000
Third DoUpdate(): 0:00:00.073000
DoImmigration(): 0:00:00.615000
DoInMortality(): 0:00:00.018000
GetMetrics(): 0:00:00.068000
End Generation/Year Loop103: 0:00:01.507000

DoCDClimate(): 0:00:00.006000
DoMate(): 0:00:00.013000
DoOffspring(): 0:00:00.003000
The file ind104.csv has been created
Second DoUpdate(): 0:00:00.675000
DoEmigration(): 0:00:00.102000
DoOutMortality(): 0:00:00.016000
Third DoUpdate(): 0:00:00.081000
DoImmigration(): 0:00:00.699000
DoInMortality(): 0:00:00.034000
GetMetrics(): 0:00:00.076000
End Generation/Year Loop104: 0:00:01.717000

DoCDClimate(): 0:00:00.007000
DoMate(): 0:00:00.013000
DoOffspring(): 0:00:00.003000
The file ind105.csv has been created
Second DoUpdate(): 0:00:00.708000
DoEmigration(): 0:00:00.141000
DoOutMortality(): 0:00:00.017000
Third DoUpdate(): 0:00:00.082000
DoImmigration(): 0:00:00.662000
DoInMortality(): 0:00:00.018000
GetMetrics(): 0:00:00.075000
End Generation/Year Loop105: 0:00:01.737000

DoCDClimate(): 0:00:00.007000
DoMate(): 0:00:00.011000
DoOffspring(): 0:00:00.003000
The file ind106.csv has been created
Second DoUpdate(): 0:00:00.730000
DoEmigration(): 0:00:00.107000
DoOutMortality(): 0:00:00.028000
Third DoUpdate(): 0:00:00.092000
DoImmigration(): 0:00:00.608000
DoInMortality(): 0:00:00.018000
GetMetrics(): 0:00:00.067000
End Generation/Year Loop106: 0:00:01.681000

DoCDClimate(): 0:00:00.007000
DoMate(): 0:00:00.013000
DoOffspring(): 0:00:00.003000
The file ind107.csv has been created
Second DoUpdate(): 0:00:00.827000
DoEmigration(): 0:00:00.107000
DoOutMortality(): 0:00:00.017000
Third DoUpdate(): 0:00:00.090000
DoImmigration(): 0:00:00.607000
DoInMortality(): 0:00:00.018000
GetMetrics(): 0:00:00.077000
End Generation/Year Loop107: 0:00:01.776000

DoCDClimate(): 0:00:00.007000
DoMate(): 0:00:00.013000
DoOffspring(): 0:00:00.003000
The file ind108.csv has been created
Second DoUpdate(): 0:00:00.711000
DoEmigration(): 0:00:00.100000
DoOutMortality(): 0:00:00.017000
Third DoUpdate(): 0:00:00.073000
DoImmigration(): 0:00:00.677000
DoInMortality(): 0:00:00.017000
GetMetrics(): 0:00:00.070000
End Generation/Year Loop108: 0:00:01.702000

DoCDClimate(): 0:00:00.006000
DoMate(): 0:00:00.013000
DoOffspring(): 0:00:00.003000
The file ind109.csv has been created
Second DoUpdate(): 0:00:00.620000
DoEmigration(): 0:00:00.098000
DoOutMortality(): 0:00:00.021000
Third DoUpdate(): 0:00:00.082000
DoImmigration(): 0:00:00.828000
DoInMortality(): 0:00:00.019000
GetMetrics(): 0:00:00.080000
End Generation/Year Loop109: 0:00:01.782000

DoCDClimate(): 0:00:00.007000
DoMate(): 0:00:00.013000
DoOffspring(): 0:00:00.002000
The file ind110.csv has been created
Second DoUpdate(): 0:00:00.706000
DoEmigration(): 0:00:00.106000
DoOutMortality(): 0:00:00.019000
Third DoUpdate(): 0:00:00.084000
DoImmigration(): 0:00:00.707000
DoInMortality(): 0:00:00.020000
GetMetrics(): 0:00:00.077000
End Generation/Year Loop110: 0:00:01.751000

DoCDClimate(): 0:00:00.007000
DoMate(): 0:00:00.013000
DoOffspring(): 0:00:00.003000
The file ind111.csv has been created
Second DoUpdate(): 0:00:00.839000
DoEmigration(): 0:00:00.109000
DoOutMortality(): 0:00:00.018000
Third DoUpdate(): 0:00:00.077000
DoImmigration(): 0:00:00.614000
DoInMortality(): 0:00:00.018000
GetMetrics(): 0:00:00.071000
End Generation/Year Loop111: 0:00:01.779000

DoCDClimate(): 0:00:00.006000
DoMate(): 0:00:00.011000
DoOffspring(): 0:00:00.003000
The file ind112.csv has been created
Second DoUpdate(): 0:00:00.640000
DoEmigration(): 0:00:00.101000
DoOutMortality(): 0:00:00.019000
Third DoUpdate(): 0:00:00.072000
DoImmigration(): 0:00:00.750000
DoInMortality(): 0:00:00.018000
GetMetrics(): 0:00:00.071000
End Generation/Year Loop112: 0:00:01.702000

DoCDClimate(): 0:00:00.006000
DoMate(): 0:00:00.011000
DoOffspring(): 0:00:00.003000
The file ind113.csv has been created
Second DoUpdate(): 0:00:00.777000
DoEmigration(): 0:00:00.113000
DoOutMortality(): 0:00:00.020000
Third DoUpdate(): 0:00:00.104000
DoImmigration(): 0:00:00.659000
DoInMortality(): 0:00:00.021000
GetMetrics(): 0:00:00.077000
End Generation/Year Loop113: 0:00:01.803000

DoCDClimate(): 0:00:00.008000
DoMate(): 0:00:00.016000
DoOffspring(): 0:00:00.003000
The file ind114.csv has been created
Second DoUpdate(): 0:00:00.762000
DoEmigration(): 0:00:00.098000
DoOutMortality(): 0:00:00.015000
Third DoUpdate(): 0:00:00.073000
DoImmigration(): 0:00:00.786000
DoInMortality(): 0:00:00.018000
GetMetrics(): 0:00:00.071000
End Generation/Year Loop114: 0:00:01.864000

DoCDClimate(): 0:00:00.007000
DoMate(): 0:00:00.013000
DoOffspring(): 0:00:00.003000
The file ind115.csv has been created
Second DoUpdate(): 0:00:00.819000
DoEmigration(): 0:00:00.110000
DoOutMortality(): 0:00:00.018000
Third DoUpdate(): 0:00:00.082000
DoImmigration(): 0:00:00.612000
DoInMortality(): 0:00:00.018000
GetMetrics(): 0:00:00.076000
End Generation/Year Loop115: 0:00:01.768000

DoCDClimate(): 0:00:00.007000
DoMate(): 0:00:00.012000
DoOffspring(): 0:00:00.003000
The file ind116.csv has been created
Second DoUpdate(): 0:00:00.642000
DoEmigration(): 0:00:00.138000
DoOutMortality(): 0:00:00.016000
Third DoUpdate(): 0:00:00.079000
DoImmigration(): 0:00:00.551000
DoInMortality(): 0:00:00.017000
GetMetrics(): 0:00:00.062000
End Generation/Year Loop116: 0:00:01.536000

DoCDClimate(): 0:00:00.006000
DoMate(): 0:00:00.011000
DoOffspring(): 0:00:00.002000
The file ind117.csv has been created
Second DoUpdate(): 0:00:00.635000
DoEmigration(): 0:00:00.111000
DoOutMortality(): 0:00:00.020000
Third DoUpdate(): 0:00:00.088000
DoImmigration(): 0:00:00.818000
DoInMortality(): 0:00:00.017000
GetMetrics(): 0:00:00.065000
End Generation/Year Loop117: 0:00:01.786000

DoCDClimate(): 0:00:00.007000
DoMate(): 0:00:00.011000
DoOffspring(): 0:00:00.002000
The file ind118.csv has been created
Second DoUpdate(): 0:00:00.579000
DoEmigration(): 0:00:00.094000
DoOutMortality(): 0:00:00.016000
Third DoUpdate(): 0:00:00.068000
DoImmigration(): 0:00:00.469000
DoInMortality(): 0:00:00.016000
GetMetrics(): 0:00:00.056000
End Generation/Year Loop118: 0:00:01.333000

DoCDClimate(): 0:00:00.007000
DoMate(): 0:00:00.010000
DoOffspring(): 0:00:00.002000
The file ind119.csv has been created
Second DoUpdate(): 0:00:00.504000
DoEmigration(): 0:00:00.114000
DoOutMortality(): 0:00:00.017000
Third DoUpdate(): 0:00:00.069000
DoImmigration(): 0:00:00.614000
DoInMortality(): 0:00:00.018000
GetMetrics(): 0:00:00.063000
End Generation/Year Loop119: 0:00:01.430000

DoCDClimate(): 0:00:00.007000
DoMate(): 0:00:00.012000
DoOffspring(): 0:00:00.002000
The file ind120.csv has been created
Second DoUpdate(): 0:00:00.537000
DoEmigration(): 0:00:00.184000
DoOutMortality(): 0:00:00.018000
Third DoUpdate(): 0:00:00.120000
DoImmigration(): 0:00:00.691000
DoInMortality(): 0:00:00.019000
GetMetrics(): 0:00:00.065000
End Generation/Year Loop120: 0:00:01.663000

DoCDClimate(): 0:00:00.015000
DoMate(): 0:00:00.012000
DoOffspring(): 0:00:00.002000
The file ind121.csv has been created
Second DoUpdate(): 0:00:00.620000
DoEmigration(): 0:00:00.101000
DoOutMortality(): 0:00:00.016000
Third DoUpdate(): 0:00:00.075000
DoImmigration(): 0:00:00.672000
DoInMortality(): 0:00:00.020000
GetMetrics(): 0:00:00.072000
End Generation/Year Loop121: 0:00:01.614000

DoCDClimate(): 0:00:00.007000
DoMate(): 0:00:00.015000
DoOffspring(): 0:00:00.002000
The file ind122.csv has been created
Second DoUpdate(): 0:00:00.697000
DoEmigration(): 0:00:00.121000
DoOutMortality(): 0:00:00.018000
Third DoUpdate(): 0:00:00.078000
DoImmigration(): 0:00:00.733000
DoInMortality(): 0:00:00.020000
GetMetrics(): 0:00:00.078000
End Generation/Year Loop122: 0:00:01.779000

DoCDClimate(): 0:00:00.007000
DoMate(): 0:00:00.015000
DoOffspring(): 0:00:00.003000
The file ind123.csv has been created
Second DoUpdate(): 0:00:00.683000
DoEmigration(): 0:00:00.116000
DoOutMortality(): 0:00:00.019000
Third DoUpdate(): 0:00:00.136000
DoImmigration(): 0:00:00.763000
DoInMortality(): 0:00:00.020000
GetMetrics(): 0:00:00.082000
End Generation/Year Loop123: 0:00:01.853000

DoCDClimate(): 0:00:00.007000
DoMate(): 0:00:00.015000
DoOffspring(): 0:00:00.006000
The file ind124.csv has been created
Second DoUpdate(): 0:00:00.816000
DoEmigration(): 0:00:00.120000
DoOutMortality(): 0:00:00.017000
Third DoUpdate(): 0:00:00.097000
DoImmigration(): 0:00:00.757000
DoInMortality(): 0:00:00.018000
GetMetrics(): 0:00:00.073000
End Generation/Year Loop124: 0:00:01.936000

DoCDClimate(): 0:00:00.006000
DoMate(): 0:00:00.012000
DoOffspring(): 0:00:00.006000
The file ind125.csv has been created
Second DoUpdate(): 0:00:00.747000
DoEmigration(): 0:00:00.109000
DoOutMortality(): 0:00:00.017000
Third DoUpdate(): 0:00:00.083000
DoImmigration(): 0:00:00.755000
DoInMortality(): 0:00:00.018000
GetMetrics(): 0:00:00.081000
End Generation/Year Loop125: 0:00:01.847000

DoCDClimate(): 0:00:00.007000
DoMate(): 0:00:00.012000
DoOffspring(): 0:00:00.002000
The file ind126.csv has been created
Second DoUpdate(): 0:00:00.723000
DoEmigration(): 0:00:00.128000
DoOutMortality(): 0:00:00.017000
Third DoUpdate(): 0:00:00.085000
DoImmigration(): 0:00:00.634000
DoInMortality(): 0:00:00.023000
GetMetrics(): 0:00:00.072000
End Generation/Year Loop126: 0:00:01.714000

DoCDClimate(): 0:00:00.006000
DoMate(): 0:00:00.013000
DoOffspring(): 0:00:00.002000
The file ind127.csv has been created
Second DoUpdate(): 0:00:00.741000
DoEmigration(): 0:00:00.155000
DoOutMortality(): 0:00:00.017000
Third DoUpdate(): 0:00:00.076000
DoImmigration(): 0:00:00.536000
DoInMortality(): 0:00:00.018000
GetMetrics(): 0:00:00.061000
End Generation/Year Loop127: 0:00:01.634000

DoCDClimate(): 0:00:00.007000
DoMate(): 0:00:00.012000
DoOffspring(): 0:00:00.003000
The file ind128.csv has been created
Second DoUpdate(): 0:00:00.605000
DoEmigration(): 0:00:00.104000
DoOutMortality(): 0:00:00.017000
Third DoUpdate(): 0:00:00.071000
DoImmigration(): 0:00:00.572000
DoInMortality(): 0:00:00.018000
GetMetrics(): 0:00:00.061000
End Generation/Year Loop128: 0:00:01.482000

DoCDClimate(): 0:00:00.008000
DoMate(): 0:00:00.020000
DoOffspring(): 0:00:00.002000
The file ind129.csv has been created
Second DoUpdate(): 0:00:00.590000
DoEmigration(): 0:00:00.140000
DoOutMortality(): 0:00:00.019000
Third DoUpdate(): 0:00:00.088000
DoImmigration(): 0:00:00.620000
DoInMortality(): 0:00:00.019000
GetMetrics(): 0:00:00.067000
End Generation/Year Loop129: 0:00:01.584000

DoCDClimate(): 0:00:00.007000
DoMate(): 0:00:00.013000
DoOffspring(): 0:00:00.007000
The file ind130.csv has been created
Second DoUpdate(): 0:00:00.614000
DoEmigration(): 0:00:00.111000
DoOutMortality(): 0:00:00.025000
Third DoUpdate(): 0:00:00.078000
DoImmigration(): 0:00:00.901000
DoInMortality(): 0:00:00.019000
GetMetrics(): 0:00:00.070000
End Generation/Year Loop130: 0:00:01.856000

DoCDClimate(): 0:00:00.008000
DoMate(): 0:00:00.018000
DoOffspring(): 0:00:00.003000
The file ind131.csv has been created
Second DoUpdate(): 0:00:00.703000
DoEmigration(): 0:00:00.123000
DoOutMortality(): 0:00:00.028000
Third DoUpdate(): 0:00:00.095000
DoImmigration(): 0:00:00.654000
DoInMortality(): 0:00:00.020000
GetMetrics(): 0:00:00.080000
End Generation/Year Loop131: 0:00:01.742000

DoCDClimate(): 0:00:00.007000
DoMate(): 0:00:00.013000
DoOffspring(): 0:00:00.003000
The file ind132.csv has been created
Second DoUpdate(): 0:00:00.884000
DoEmigration(): 0:00:00.118000
DoOutMortality(): 0:00:00.019000
Third DoUpdate(): 0:00:00.086000
DoImmigration(): 0:00:00.637000
DoInMortality(): 0:00:00.020000
GetMetrics(): 0:00:00.074000
End Generation/Year Loop132: 0:00:01.871000

DoCDClimate(): 0:00:00.016000
DoMate(): 0:00:00.017000
DoOffspring(): 0:00:00.003000
The file ind133.csv has been created
Second DoUpdate(): 0:00:00.868000
DoEmigration(): 0:00:00.192000
DoOutMortality(): 0:00:00.023000
Third DoUpdate(): 0:00:00.099000
DoImmigration(): 0:00:00.938000
DoInMortality(): 0:00:00.022000
GetMetrics(): 0:00:00.108000
End Generation/Year Loop133: 0:00:02.294000

DoCDClimate(): 0:00:00.008000
DoMate(): 0:00:00.019000
DoOffspring(): 0:00:00.003000
The file ind134.csv has been created
Second DoUpdate(): 0:00:00.896000
DoEmigration(): 0:00:00.122000
DoOutMortality(): 0:00:00.022000
Third DoUpdate(): 0:00:00.094000
DoImmigration(): 0:00:00.825000
DoInMortality(): 0:00:00.021000
GetMetrics(): 0:00:00.085000
End Generation/Year Loop134: 0:00:02.103000

DoCDClimate(): 0:00:00.007000
DoMate(): 0:00:00.013000
DoOffspring(): 0:00:00.003000
The file ind135.csv has been created
Second DoUpdate(): 0:00:00.870000
DoEmigration(): 0:00:00.128000
DoOutMortality(): 0:00:00.020000
Third DoUpdate(): 0:00:00.103000
DoImmigration(): 0:00:00.700000
DoInMortality(): 0:00:00.021000
GetMetrics(): 0:00:00.082000
End Generation/Year Loop135: 0:00:01.957000

DoCDClimate(): 0:00:00.007000
DoMate(): 0:00:00.019000
DoOffspring(): 0:00:00.003000
The file ind136.csv has been created
Second DoUpdate(): 0:00:00.826000
DoEmigration(): 0:00:00.130000
DoOutMortality(): 0:00:00.020000
Third DoUpdate(): 0:00:00.087000
DoImmigration(): 0:00:00.927000
DoInMortality(): 0:00:00.023000
GetMetrics(): 0:00:00.092000
End Generation/Year Loop136: 0:00:02.149000

DoCDClimate(): 0:00:00.008000
DoMate(): 0:00:00.023000
DoOffspring(): 0:00:00.003000
The file ind137.csv has been created
Second DoUpdate(): 0:00:00.983000
DoEmigration(): 0:00:00.154000
DoOutMortality(): 0:00:00.022000
Third DoUpdate(): 0:00:00.110000
DoImmigration(): 0:00:00.969000
DoInMortality(): 0:00:00.022000
GetMetrics(): 0:00:00.092000
End Generation/Year Loop137: 0:00:02.396000

DoCDClimate(): 0:00:00.007000
DoMate(): 0:00:00.015000
DoOffspring(): 0:00:00.004000
The file ind138.csv has been created
Second DoUpdate(): 0:00:00.947000
DoEmigration(): 0:00:00.132000
DoOutMortality(): 0:00:00.021000
Third DoUpdate(): 0:00:00.099000
DoImmigration(): 0:00:00.954000
DoInMortality(): 0:00:00.021000
GetMetrics(): 0:00:00.085000
End Generation/Year Loop138: 0:00:02.295000

DoCDClimate(): 0:00:00.010000
DoMate(): 0:00:00.022000
DoOffspring(): 0:00:00.004000
The file ind139.csv has been created
Second DoUpdate(): 0:00:00.978000
DoEmigration(): 0:00:00.149000
DoOutMortality(): 0:00:00.024000
Third DoUpdate(): 0:00:00.136000
DoImmigration(): 0:00:00.718000
DoInMortality(): 0:00:00.022000
GetMetrics(): 0:00:00.087000
End Generation/Year Loop139: 0:00:02.156000

DoCDClimate(): 0:00:00.007000
DoMate(): 0:00:00.014000
DoOffspring(): 0:00:00.004000
The file ind140.csv has been created
Second DoUpdate(): 0:00:00.830000
DoEmigration(): 0:00:00.135000
DoOutMortality(): 0:00:00.021000
Third DoUpdate(): 0:00:00.108000
DoImmigration(): 0:00:00.701000
DoInMortality(): 0:00:00.021000
GetMetrics(): 0:00:00.085000
End Generation/Year Loop140: 0:00:01.938000

DoCDClimate(): 0:00:00.007000
DoMate(): 0:00:00.014000
DoOffspring(): 0:00:00.003000
The file ind141.csv has been created
Second DoUpdate(): 0:00:00.926000
DoEmigration(): 0:00:00.133000
DoOutMortality(): 0:00:00.019000
Third DoUpdate(): 0:00:00.090000
DoImmigration(): 0:00:00.741000
DoInMortality(): 0:00:00.020000
GetMetrics(): 0:00:00.078000
End Generation/Year Loop141: 0:00:02.045000

DoCDClimate(): 0:00:00.008000
DoMate(): 0:00:00.015000
DoOffspring(): 0:00:00.003000
The file ind142.csv has been created
Second DoUpdate(): 0:00:00.743000
DoEmigration(): 0:00:00.110000
DoOutMortality(): 0:00:00.019000
Third DoUpdate(): 0:00:00.093000
DoImmigration(): 0:00:00.771000
DoInMortality(): 0:00:00.020000
GetMetrics(): 0:00:00.091000
End Generation/Year Loop142: 0:00:01.885000

DoCDClimate(): 0:00:00.007000
DoMate(): 0:00:00.013000
DoOffspring(): 0:00:00.003000
The file ind143.csv has been created
Second DoUpdate(): 0:00:00.776000
DoEmigration(): 0:00:00.125000
DoOutMortality(): 0:00:00.020000
Third DoUpdate(): 0:00:00.119000
DoImmigration(): 0:00:00.845000
DoInMortality(): 0:00:00.026000
GetMetrics(): 0:00:00.099000
End Generation/Year Loop143: 0:00:02.044000

DoCDClimate(): 0:00:00.008000
DoMate(): 0:00:00.014000
DoOffspring(): 0:00:00.003000
The file ind144.csv has been created
Second DoUpdate(): 0:00:00.772000
DoEmigration(): 0:00:00.147000
DoOutMortality(): 0:00:00.018000
Third DoUpdate(): 0:00:00.082000
DoImmigration(): 0:00:00.744000
DoInMortality(): 0:00:00.024000
GetMetrics(): 0:00:00.081000
End Generation/Year Loop144: 0:00:01.902000

DoCDClimate(): 0:00:00.007000
DoMate(): 0:00:00.019000
DoOffspring(): 0:00:00.002000
The file ind145.csv has been created
Second DoUpdate(): 0:00:00.717000
DoEmigration(): 0:00:00.159000
DoOutMortality(): 0:00:00.035000
Third DoUpdate(): 0:00:00.108000
DoImmigration(): 0:00:00.853000
DoInMortality(): 0:00:00.020000
GetMetrics(): 0:00:00.074000
End Generation/Year Loop145: 0:00:02.004000

DoCDClimate(): 0:00:00.007000
DoMate(): 0:00:00.018000
DoOffspring(): 0:00:00.002000
The file ind146.csv has been created
Second DoUpdate(): 0:00:00.731000
DoEmigration(): 0:00:00.122000
DoOutMortality(): 0:00:00.029000
Third DoUpdate(): 0:00:00.097000
DoImmigration(): 0:00:00.778000
DoInMortality(): 0:00:00.023000
GetMetrics(): 0:00:00.077000
End Generation/Year Loop146: 0:00:01.895000

DoCDClimate(): 0:00:00.007000
DoMate(): 0:00:00.014000
DoOffspring(): 0:00:00.003000
The file ind147.csv has been created
Second DoUpdate(): 0:00:00.719000
DoEmigration(): 0:00:00.109000
DoOutMortality(): 0:00:00.019000
Third DoUpdate(): 0:00:00.085000
DoImmigration(): 0:00:00.874000
DoInMortality(): 0:00:00.023000
GetMetrics(): 0:00:00.084000
End Generation/Year Loop147: 0:00:01.947000

DoCDClimate(): 0:00:00.008000
DoMate(): 0:00:00.016000
DoOffspring(): 0:00:00.004000
The file ind148.csv has been created
Second DoUpdate(): 0:00:00.756000
DoEmigration(): 0:00:00.121000
DoOutMortality(): 0:00:00.035000
Third DoUpdate(): 0:00:00.106000
DoImmigration(): 0:00:00.910000
DoInMortality(): 0:00:00.022000
GetMetrics(): 0:00:00.093000
End Generation/Year Loop148: 0:00:02.079000

DoCDClimate(): 0:00:00.008000
DoMate(): 0:00:00.013000
DoOffspring(): 0:00:00.002000
The file ind149.csv has been created
Second DoUpdate(): 0:00:00.912000
DoEmigration(): 0:00:00.161000
DoOutMortality(): 0:00:00.033000
Third DoUpdate(): 0:00:00.128000
DoImmigration(): 0:00:00.973000
DoInMortality(): 0:00:00.033000
GetMetrics(): 0:00:00.095000
End Generation/Year Loop149: 0:00:02.368000

DoCDClimate(): 0:00:00.007000
DoMate(): 0:00:00.013000
DoOffspring(): 0:00:00.002000
The file ind150.csv has been created
Second DoUpdate(): 0:00:00.851000
DoEmigration(): 0:00:00.119000
DoOutMortality(): 0:00:00.020000
Third DoUpdate(): 0:00:00.088000
DoImmigration(): 0:00:00.605000
DoInMortality(): 0:00:00.019000
GetMetrics(): 0:00:00.079000
End Generation/Year Loop150: 0:00:01.815000

DoCDClimate(): 0:00:00.007000
DoMate(): 0:00:00.012000
DoOffspring(): 0:00:00.003000
The file ind151.csv has been created
Second DoUpdate(): 0:00:00.636000
DoEmigration(): 0:00:00.164000
DoOutMortality(): 0:00:00.017000
Third DoUpdate(): 0:00:00.102000
DoImmigration(): 0:00:00.606000
DoInMortality(): 0:00:00.019000
GetMetrics(): 0:00:00.081000
End Generation/Year Loop151: 0:00:01.658000

DoCDClimate(): 0:00:00.007000
DoMate(): 0:00:00.012000
DoOffspring(): 0:00:00.003000
The file ind152.csv has been created
Second DoUpdate(): 0:00:00.803000
DoEmigration(): 0:00:00.110000
DoOutMortality(): 0:00:00.020000
Third DoUpdate(): 0:00:00.075000
DoImmigration(): 0:00:00.589000
DoInMortality(): 0:00:00.020000
GetMetrics(): 0:00:00.075000
End Generation/Year Loop152: 0:00:01.722000

DoCDClimate(): 0:00:00.007000
DoMate(): 0:00:00.013000
DoOffspring(): 0:00:00.003000
The file ind153.csv has been created
Second DoUpdate(): 0:00:00.650000
DoEmigration(): 0:00:00.108000
DoOutMortality(): 0:00:00.017000
Third DoUpdate(): 0:00:00.092000
DoImmigration(): 0:00:00.670000
DoInMortality(): 0:00:00.019000
GetMetrics(): 0:00:00.071000
End Generation/Year Loop153: 0:00:01.660000

DoCDClimate(): 0:00:00.007000
DoMate(): 0:00:00.014000
DoOffspring(): 0:00:00.003000
The file ind154.csv has been created
Second DoUpdate(): 0:00:00.674000
DoEmigration(): 0:00:00.106000
DoOutMortality(): 0:00:00.018000
Third DoUpdate(): 0:00:00.109000
DoImmigration(): 0:00:00.764000
DoInMortality(): 0:00:00.021000
GetMetrics(): 0:00:00.085000
End Generation/Year Loop154: 0:00:01.808000

DoCDClimate(): 0:00:00.013000
DoMate(): 0:00:00.015000
DoOffspring(): 0:00:00.003000
The file ind155.csv has been created
Second DoUpdate(): 0:00:00.738000
DoEmigration(): 0:00:00.106000
DoOutMortality(): 0:00:00.017000
Third DoUpdate(): 0:00:00.076000
DoImmigration(): 0:00:00.655000
DoInMortality(): 0:00:00.019000
GetMetrics(): 0:00:00.073000
End Generation/Year Loop155: 0:00:01.728000

DoCDClimate(): 0:00:00.007000
DoMate(): 0:00:00.013000
DoOffspring(): 0:00:00.003000
The file ind156.csv has been created
Second DoUpdate(): 0:00:00.683000
DoEmigration(): 0:00:00.107000
DoOutMortality(): 0:00:00.017000
Third DoUpdate(): 0:00:00.075000
DoImmigration(): 0:00:00.775000
DoInMortality(): 0:00:00.020000
GetMetrics(): 0:00:00.077000
End Generation/Year Loop156: 0:00:01.788000

DoCDClimate(): 0:00:00.007000
DoMate(): 0:00:00.013000
DoOffspring(): 0:00:00.003000
The file ind157.csv has been created
Second DoUpdate(): 0:00:00.820000
DoEmigration(): 0:00:00.113000
DoOutMortality(): 0:00:00.020000
Third DoUpdate(): 0:00:00.082000
DoImmigration(): 0:00:00.692000
DoInMortality(): 0:00:00.021000
GetMetrics(): 0:00:00.079000
End Generation/Year Loop157: 0:00:01.858000

DoCDClimate(): 0:00:00.008000
DoMate(): 0:00:00.014000
DoOffspring(): 0:00:00.003000
The file ind158.csv has been created
Second DoUpdate(): 0:00:00.782000
DoEmigration(): 0:00:00.114000
DoOutMortality(): 0:00:00.018000
Third DoUpdate(): 0:00:00.077000
DoImmigration(): 0:00:00.758000
DoInMortality(): 0:00:00.021000
GetMetrics(): 0:00:00.074000
End Generation/Year Loop158: 0:00:01.877000

DoCDClimate(): 0:00:00.007000
DoMate(): 0:00:00.012000
DoOffspring(): 0:00:00.003000
The file ind159.csv has been created
Second DoUpdate(): 0:00:00.849000
DoEmigration(): 0:00:00.123000
DoOutMortality(): 0:00:00.019000
Third DoUpdate(): 0:00:00.109000
DoImmigration(): 0:00:00.804000
DoInMortality(): 0:00:00.020000
GetMetrics(): 0:00:00.111000
End Generation/Year Loop159: 0:00:02.070000

DoCDClimate(): 0:00:00.006000
DoMate(): 0:00:00.012000
DoOffspring(): 0:00:00.003000
The file ind160.csv has been created
Second DoUpdate(): 0:00:00.727000
DoEmigration(): 0:00:00.137000
DoOutMortality(): 0:00:00.019000
Third DoUpdate(): 0:00:00.087000
DoImmigration(): 0:00:00.777000
DoInMortality(): 0:00:00.021000
GetMetrics(): 0:00:00.094000
End Generation/Year Loop160: 0:00:01.895000

DoCDClimate(): 0:00:00.007000
DoMate(): 0:00:00.013000
DoOffspring(): 0:00:00.003000
The file ind161.csv has been created
Second DoUpdate(): 0:00:01.003000
DoEmigration(): 0:00:00.113000
DoOutMortality(): 0:00:00.019000
Third DoUpdate(): 0:00:00.087000
DoImmigration(): 0:00:00.662000
DoInMortality(): 0:00:00.021000
GetMetrics(): 0:00:00.080000
End Generation/Year Loop161: 0:00:02.019000

DoCDClimate(): 0:00:00.007000
DoMate(): 0:00:00.013000
DoOffspring(): 0:00:00.002000
The file ind162.csv has been created
Second DoUpdate(): 0:00:00.729000
DoEmigration(): 0:00:00.112000
DoOutMortality(): 0:00:00.018000
Third DoUpdate(): 0:00:00.090000
DoImmigration(): 0:00:00.794000
DoInMortality(): 0:00:00.018000
GetMetrics(): 0:00:00.083000
End Generation/Year Loop162: 0:00:01.877000

DoCDClimate(): 0:00:00.008000
DoMate(): 0:00:00.012000
DoOffspring(): 0:00:00.003000
The file ind163.csv has been created
Second DoUpdate(): 0:00:00.797000
DoEmigration(): 0:00:00.128000
DoOutMortality(): 0:00:00.020000
Third DoUpdate(): 0:00:00.087000
DoImmigration(): 0:00:00.662000
DoInMortality(): 0:00:00.020000
GetMetrics(): 0:00:00.070000
End Generation/Year Loop163: 0:00:01.816000

DoCDClimate(): 0:00:00.007000
DoMate(): 0:00:00.012000
DoOffspring(): 0:00:00.008000
The file ind164.csv has been created
Second DoUpdate(): 0:00:00.728000
DoEmigration(): 0:00:00.107000
DoOutMortality(): 0:00:00.022000
Third DoUpdate(): 0:00:00.077000
DoImmigration(): 0:00:00.715000
DoInMortality(): 0:00:00.020000
GetMetrics(): 0:00:00.080000
End Generation/Year Loop164: 0:00:01.785000

DoCDClimate(): 0:00:00.007000
DoMate(): 0:00:00.013000
DoOffspring(): 0:00:00.002000
The file ind165.csv has been created
Second DoUpdate(): 0:00:00.861000
DoEmigration(): 0:00:00.153000
DoOutMortality(): 0:00:00.018000
Third DoUpdate(): 0:00:00.077000
DoImmigration(): 0:00:00.631000
DoInMortality(): 0:00:00.018000
GetMetrics(): 0:00:00.071000
End Generation/Year Loop165: 0:00:01.864000

DoCDClimate(): 0:00:00.007000
DoMate(): 0:00:00.011000
DoOffspring(): 0:00:00.002000
The file ind166.csv has been created
Second DoUpdate(): 0:00:00.708000
DoEmigration(): 0:00:00.105000
DoOutMortality(): 0:00:00.025000
Third DoUpdate(): 0:00:00.075000
DoImmigration(): 0:00:00.536000
DoInMortality(): 0:00:00.030000
GetMetrics(): 0:00:00.081000
End Generation/Year Loop166: 0:00:01.592000

DoCDClimate(): 0:00:00.006000
DoMate(): 0:00:00.012000
DoOffspring(): 0:00:00.003000
The file ind167.csv has been created
Second DoUpdate(): 0:00:00.580000
DoEmigration(): 0:00:00.096000
DoOutMortality(): 0:00:00.017000
Third DoUpdate(): 0:00:00.081000
DoImmigration(): 0:00:00.760000
DoInMortality(): 0:00:00.030000
GetMetrics(): 0:00:00.068000
End Generation/Year Loop167: 0:00:01.665000

DoCDClimate(): 0:00:00.009000
DoMate(): 0:00:00.015000
DoOffspring(): 0:00:00.003000
The file ind168.csv has been created
Second DoUpdate(): 0:00:00.792000
DoEmigration(): 0:00:00.104000
DoOutMortality(): 0:00:00.021000
Third DoUpdate(): 0:00:00.079000
DoImmigration(): 0:00:00.642000
DoInMortality(): 0:00:00.020000
GetMetrics(): 0:00:00.082000
End Generation/Year Loop168: 0:00:01.777000

DoCDClimate(): 0:00:00.007000
DoMate(): 0:00:00.022000
DoOffspring(): 0:00:00.004000
The file ind169.csv has been created
Second DoUpdate(): 0:00:00.689000
DoEmigration(): 0:00:00.111000
DoOutMortality(): 0:00:00.028000
Third DoUpdate(): 0:00:00.080000
DoImmigration(): 0:00:00.825000
DoInMortality(): 0:00:00.028000
GetMetrics(): 0:00:00.088000
End Generation/Year Loop169: 0:00:01.895000

DoCDClimate(): 0:00:00.008000
DoMate(): 0:00:00.015000
DoOffspring(): 0:00:00.003000
The file ind170.csv has been created
Second DoUpdate(): 0:00:00.946000
DoEmigration(): 0:00:00.163000
DoOutMortality(): 0:00:00.020000
Third DoUpdate(): 0:00:00.091000
DoImmigration(): 0:00:00.748000
DoInMortality(): 0:00:00.026000
GetMetrics(): 0:00:00.080000
End Generation/Year Loop170: 0:00:02.111000

DoCDClimate(): 0:00:00.007000
DoMate(): 0:00:00.027000
DoOffspring(): 0:00:00.006000
The file ind171.csv has been created
Second DoUpdate(): 0:00:00.765000
DoEmigration(): 0:00:00.113000
DoOutMortality(): 0:00:00.018000
Third DoUpdate(): 0:00:00.096000
DoImmigration(): 0:00:00.759000
DoInMortality(): 0:00:00.019000
GetMetrics(): 0:00:00.098000
End Generation/Year Loop171: 0:00:01.921000

DoCDClimate(): 0:00:00.007000
DoMate(): 0:00:00.014000
DoOffspring(): 0:00:00.003000
The file ind172.csv has been created
Second DoUpdate(): 0:00:00.860000
DoEmigration(): 0:00:00.120000
DoOutMortality(): 0:00:00.029000
Third DoUpdate(): 0:00:00.157000
DoImmigration(): 0:00:00.766000
DoInMortality(): 0:00:00.021000
GetMetrics(): 0:00:00.071000
End Generation/Year Loop172: 0:00:02.057000

DoCDClimate(): 0:00:00.008000
DoMate(): 0:00:00.015000
DoOffspring(): 0:00:00.003000
The file ind173.csv has been created
Second DoUpdate(): 0:00:00.692000
DoEmigration(): 0:00:00.139000
DoOutMortality(): 0:00:00.018000
Third DoUpdate(): 0:00:00.087000
DoImmigration(): 0:00:00.618000
DoInMortality(): 0:00:00.019000
GetMetrics(): 0:00:00.074000
End Generation/Year Loop173: 0:00:01.684000

DoCDClimate(): 0:00:00.006000
DoMate(): 0:00:00.013000
DoOffspring(): 0:00:00.003000
The file ind174.csv has been created
Second DoUpdate(): 0:00:00.691000
DoEmigration(): 0:00:00.105000
DoOutMortality(): 0:00:00.020000
Third DoUpdate(): 0:00:00.080000
DoImmigration(): 0:00:00.755000
DoInMortality(): 0:00:00.023000
GetMetrics(): 0:00:00.109000
End Generation/Year Loop174: 0:00:01.815000

DoCDClimate(): 0:00:00.010000
DoMate(): 0:00:00.023000
DoOffspring(): 0:00:00.006000
The file ind175.csv has been created
Second DoUpdate(): 0:00:00.741000
DoEmigration(): 0:00:00.109000
DoOutMortality(): 0:00:00.020000
Third DoUpdate(): 0:00:00.087000
DoImmigration(): 0:00:00.710000
DoInMortality(): 0:00:00.018000
GetMetrics(): 0:00:00.079000
End Generation/Year Loop175: 0:00:01.812000

DoCDClimate(): 0:00:00.008000
DoMate(): 0:00:00.014000
DoOffspring(): 0:00:00.003000
The file ind176.csv has been created
Second DoUpdate(): 0:00:00.748000
DoEmigration(): 0:00:00.119000
DoOutMortality(): 0:00:00.018000
Third DoUpdate(): 0:00:00.089000
DoImmigration(): 0:00:00.743000
DoInMortality(): 0:00:00.020000
GetMetrics(): 0:00:00.078000
End Generation/Year Loop176: 0:00:01.848000

DoCDClimate(): 0:00:00.008000
DoMate(): 0:00:00.013000
DoOffspring(): 0:00:00.003000
The file ind177.csv has been created
Second DoUpdate(): 0:00:00.878000
DoEmigration(): 0:00:00.137000
DoOutMortality(): 0:00:00.021000
Third DoUpdate(): 0:00:00.097000
DoImmigration(): 0:00:00.856000
DoInMortality(): 0:00:00.022000
GetMetrics(): 0:00:00.089000
End Generation/Year Loop177: 0:00:02.132000

DoCDClimate(): 0:00:00.007000
DoMate(): 0:00:00.014000
DoOffspring(): 0:00:00.003000
The file ind178.csv has been created
Second DoUpdate(): 0:00:00.908000
DoEmigration(): 0:00:00.117000
DoOutMortality(): 0:00:00.018000
Third DoUpdate(): 0:00:00.107000
DoImmigration(): 0:00:00.710000
DoInMortality(): 0:00:00.020000
GetMetrics(): 0:00:00.071000
End Generation/Year Loop178: 0:00:01.988000

DoCDClimate(): 0:00:00.007000
DoMate(): 0:00:00.014000
DoOffspring(): 0:00:00.003000
The file ind179.csv has been created
Second DoUpdate(): 0:00:00.767000
DoEmigration(): 0:00:00.114000
DoOutMortality(): 0:00:00.020000
Third DoUpdate(): 0:00:00.084000
DoImmigration(): 0:00:00.808000
DoInMortality(): 0:00:00.024000
GetMetrics(): 0:00:00.092000
End Generation/Year Loop179: 0:00:01.942000

DoCDClimate(): 0:00:00.007000
DoMate(): 0:00:00.014000
DoOffspring(): 0:00:00.002000
The file ind180.csv has been created
Second DoUpdate(): 0:00:00.740000
DoEmigration(): 0:00:00.114000
DoOutMortality(): 0:00:00.030000
Third DoUpdate(): 0:00:00.080000
DoImmigration(): 0:00:00.855000
DoInMortality(): 0:00:00.020000
GetMetrics(): 0:00:00.073000
End Generation/Year Loop180: 0:00:01.944000

DoCDClimate(): 0:00:00.008000
DoMate(): 0:00:00.012000
DoOffspring(): 0:00:00.003000
The file ind181.csv has been created
Second DoUpdate(): 0:00:00.812000
DoEmigration(): 0:00:00.136000
DoOutMortality(): 0:00:00.021000
Third DoUpdate(): 0:00:00.099000
DoImmigration(): 0:00:00.709000
DoInMortality(): 0:00:00.020000
GetMetrics(): 0:00:00.074000
End Generation/Year Loop181: 0:00:01.904000

DoCDClimate(): 0:00:00.006000
DoMate(): 0:00:00.014000
DoOffspring(): 0:00:00.003000
The file ind182.csv has been created
Second DoUpdate(): 0:00:00.778000
DoEmigration(): 0:00:00.115000
DoOutMortality(): 0:00:00.018000
Third DoUpdate(): 0:00:00.109000
DoImmigration(): 0:00:00.875000
DoInMortality(): 0:00:00.020000
GetMetrics(): 0:00:00.087000
End Generation/Year Loop182: 0:00:02.036000

DoCDClimate(): 0:00:00.008000
DoMate(): 0:00:00.025000
DoOffspring(): 0:00:00.002000
The file ind183.csv has been created
Second DoUpdate(): 0:00:00.884000
DoEmigration(): 0:00:00.125000
DoOutMortality(): 0:00:00.024000
Third DoUpdate(): 0:00:00.129000
DoImmigration(): 0:00:00.739000
DoInMortality(): 0:00:00.021000
GetMetrics(): 0:00:00.084000
End Generation/Year Loop183: 0:00:02.052000

DoCDClimate(): 0:00:00.008000
DoMate(): 0:00:00.014000
DoOffspring(): 0:00:00.003000
The file ind184.csv has been created
Second DoUpdate(): 0:00:00.914000
DoEmigration(): 0:00:00.137000
DoOutMortality(): 0:00:00.020000
Third DoUpdate(): 0:00:00.099000
DoImmigration(): 0:00:00.675000
DoInMortality(): 0:00:00.020000
GetMetrics(): 0:00:00.083000
End Generation/Year Loop184: 0:00:01.983000

DoCDClimate(): 0:00:00.008000
DoMate(): 0:00:00.014000
DoOffspring(): 0:00:00.003000
The file ind185.csv has been created
Second DoUpdate(): 0:00:00.798000
DoEmigration(): 0:00:00.166000
DoOutMortality(): 0:00:00.022000
Third DoUpdate(): 0:00:00.127000
DoImmigration(): 0:00:00.662000
DoInMortality(): 0:00:00.019000
GetMetrics(): 0:00:00.064000
End Generation/Year Loop185: 0:00:01.891000

DoCDClimate(): 0:00:00.007000
DoMate(): 0:00:00.012000
DoOffspring(): 0:00:00.003000
The file ind186.csv has been created
Second DoUpdate(): 0:00:00.661000
DoEmigration(): 0:00:00.113000
DoOutMortality(): 0:00:00.017000
Third DoUpdate(): 0:00:00.114000
DoImmigration(): 0:00:00.647000
DoInMortality(): 0:00:00.020000
GetMetrics(): 0:00:00.075000
End Generation/Year Loop186: 0:00:01.680000

DoCDClimate(): 0:00:00.007000
DoMate(): 0:00:00.014000
DoOffspring(): 0:00:00.003000
The file ind187.csv has been created
Second DoUpdate(): 0:00:00.817000
DoEmigration(): 0:00:00.146000
DoOutMortality(): 0:00:00.018000
Third DoUpdate(): 0:00:00.105000
DoImmigration(): 0:00:00.711000
DoInMortality(): 0:00:00.021000
GetMetrics(): 0:00:00.077000
End Generation/Year Loop187: 0:00:01.927000

DoCDClimate(): 0:00:00.007000
DoMate(): 0:00:00.012000
DoOffspring(): 0:00:00.003000
The file ind188.csv has been created
Second DoUpdate(): 0:00:00.711000
DoEmigration(): 0:00:00.134000
DoOutMortality(): 0:00:00.016000
Third DoUpdate(): 0:00:00.091000
DoImmigration(): 0:00:00.635000
DoInMortality(): 0:00:00.019000
GetMetrics(): 0:00:00.075000
End Generation/Year Loop188: 0:00:01.715000

DoCDClimate(): 0:00:00.006000
DoMate(): 0:00:00.013000
DoOffspring(): 0:00:00.002000
The file ind189.csv has been created
Second DoUpdate(): 0:00:00.814000
DoEmigration(): 0:00:00.166000
DoOutMortality(): 0:00:00.027000
Third DoUpdate(): 0:00:00.105000
DoImmigration(): 0:00:00.881000
DoInMortality(): 0:00:00.041000
GetMetrics(): 0:00:00.084000
End Generation/Year Loop189: 0:00:02.149000

DoCDClimate(): 0:00:00.006000
DoMate(): 0:00:00.011000
DoOffspring(): 0:00:00.002000
The file ind190.csv has been created
Second DoUpdate(): 0:00:00.802000
DoEmigration(): 0:00:00.120000
DoOutMortality(): 0:00:00.019000
Third DoUpdate(): 0:00:00.101000
DoImmigration(): 0:00:00.518000
DoInMortality(): 0:00:00.019000
GetMetrics(): 0:00:00.076000
End Generation/Year Loop190: 0:00:01.687000

DoCDClimate(): 0:00:00.006000
DoMate(): 0:00:00.014000
DoOffspring(): 0:00:00.003000
The file ind191.csv has been created
Second DoUpdate(): 0:00:00.609000
DoEmigration(): 0:00:00.147000
DoOutMortality(): 0:00:00.022000
Third DoUpdate(): 0:00:00.088000
DoImmigration(): 0:00:00.726000
DoInMortality(): 0:00:00.020000
GetMetrics(): 0:00:00.073000
End Generation/Year Loop191: 0:00:01.719000

DoCDClimate(): 0:00:00.007000
DoMate(): 0:00:00.016000
DoOffspring(): 0:00:00.003000
The file ind192.csv has been created
Second DoUpdate(): 0:00:00.760000
DoEmigration(): 0:00:00.105000
DoOutMortality(): 0:00:00.018000
Third DoUpdate(): 0:00:00.100000
DoImmigration(): 0:00:00.754000
DoInMortality(): 0:00:00.020000
GetMetrics(): 0:00:00.079000
End Generation/Year Loop192: 0:00:01.874000

DoCDClimate(): 0:00:00.007000
DoMate(): 0:00:00.014000
DoOffspring(): 0:00:00.003000
The file ind193.csv has been created
Second DoUpdate(): 0:00:00.703000
DoEmigration(): 0:00:00.120000
DoOutMortality(): 0:00:00.018000
Third DoUpdate(): 0:00:00.094000
DoImmigration(): 0:00:00.844000
DoInMortality(): 0:00:00.042000
GetMetrics(): 0:00:00.095000
End Generation/Year Loop193: 0:00:01.950000

DoCDClimate(): 0:00:00.008000
DoMate(): 0:00:00.015000
DoOffspring(): 0:00:00.003000
The file ind194.csv has been created
Second DoUpdate(): 0:00:00.802000
DoEmigration(): 0:00:00.156000
DoOutMortality(): 0:00:00.019000
Third DoUpdate(): 0:00:00.090000
DoImmigration(): 0:00:00.810000
DoInMortality(): 0:00:00.021000
GetMetrics(): 0:00:00.099000
End Generation/Year Loop194: 0:00:02.033000

DoCDClimate(): 0:00:00.015000
DoMate(): 0:00:00.013000
DoOffspring(): 0:00:00.003000
The file ind195.csv has been created
Second DoUpdate(): 0:00:00.802000
DoEmigration(): 0:00:00.115000
DoOutMortality(): 0:00:00.024000
Third DoUpdate(): 0:00:00.093000
DoImmigration(): 0:00:00.806000
DoInMortality(): 0:00:00.023000
GetMetrics(): 0:00:00.094000
End Generation/Year Loop195: 0:00:01.999000

DoCDClimate(): 0:00:00.008000
DoMate(): 0:00:00.013000
DoOffspring(): 0:00:00.003000
The file ind196.csv has been created
Second DoUpdate(): 0:00:00.741000
DoEmigration(): 0:00:00.115000
DoOutMortality(): 0:00:00.019000
Third DoUpdate(): 0:00:00.085000
DoImmigration(): 0:00:00.749000
DoInMortality(): 0:00:00.018000
GetMetrics(): 0:00:00.083000
End Generation/Year Loop196: 0:00:01.843000

DoCDClimate(): 0:00:00.008000
DoMate(): 0:00:00.012000
DoOffspring(): 0:00:00.006000
The file ind197.csv has been created
Second DoUpdate(): 0:00:00.709000
DoEmigration(): 0:00:00.107000
DoOutMortality(): 0:00:00.017000
Third DoUpdate(): 0:00:00.101000
DoImmigration(): 0:00:00.566000
DoInMortality(): 0:00:00.019000
GetMetrics(): 0:00:00.067000
End Generation/Year Loop197: 0:00:01.625000

DoCDClimate(): 0:00:00.007000
DoMate(): 0:00:00.013000
DoOffspring(): 0:00:00.002000
The file ind198.csv has been created
Second DoUpdate(): 0:00:00.702000
DoEmigration(): 0:00:00.134000
DoOutMortality(): 0:00:00.020000
Third DoUpdate(): 0:00:00.110000
DoImmigration(): 0:00:00.728000
DoInMortality(): 0:00:00.019000
GetMetrics(): 0:00:00.080000
End Generation/Year Loop198: 0:00:01.824000

DoCDClimate(): 0:00:00.007000
DoMate(): 0:00:00.011000
DoOffspring(): 0:00:00.002000
The file ind199.csv has been created
Second DoUpdate(): 0:00:00.710000
DoEmigration(): 0:00:00.127000
DoOutMortality(): 0:00:00.017000
Third DoUpdate(): 0:00:00.074000
DoImmigration(): 0:00:00.608000
DoInMortality(): 0:00:00.019000
GetMetrics(): 0:00:00.066000
End Generation/Year Loop199: 0:00:01.653000

The file summary_popAllTime.csv has been created
The file summary_classAllTime.csv has been created
The files summary_pop.csv have been created
The files summary_pop.csv have been created
The files summary_pop.csv have been created
The files summary_pop.csv have been created
The files summary_pop.csv have been created
The files summary_pop.csv have been created
The files summary_pop.csv have been created
The files summary_pop.csv have been created
The files summary_pop.csv have been created
The files summary_pop.csv have been created
The files summary_pop.csv have been created
The files summary_pop.csv have been created
The files summary_pop.csv have been created
The files summary_pop.csv have been created
The files summary_pop.csv have been created
The files summary_pop.csv have been created
The files summary_pop.csv have been created
The files summary_pop.csv have been created
The files summary_pop.csv have been created
The files summary_pop.csv have been created
The files summary_pop.csv have been created
The files summary_pop.csv have been created
The files summary_pop.csv have been created
The files summary_pop.csv have been created
The files summary_pop.csv have been created
The files summary_pop.csv have been created
The files summary_pop.csv have been created
The files summary_pop.csv have been created
The files summary_pop.csv have been created
The files summary_pop.csv have been created
The files summary_pop.csv have been created
The files summary_pop.csv have been created
The files summary_pop.csv have been created
The files summary_pop.csv have been created
The files summary_pop.csv have been created
The files summary_pop.csv have been created
The files summary_pop.csv have been created
The files summary_pop.csv have been created
The files summary_pop.csv have been created
The files summary_pop.csv have been created
The files summary_pop.csv have been created
The files summary_pop.csv have been created
The files summary_pop.csv have been created
The files summary_pop.csv have been created
The files summary_pop.csv have been created
The files summary_pop.csv have been created
The files summary_pop.csv have been created
The files summary_pop.csv have been created
The files summary_pop.csv have been created
The files summary_pop.csv have been created
The files summary_pop.csv have been created
The files summary_pop.csv have been created
The files summary_pop.csv have been created
The files summary_pop.csv have been created
The files summary_pop.csv have been created
The files summary_pop.csv have been created
The files summary_pop.csv have been created
The files summary_pop.csv have been created
The files summary_pop.csv have been created
The files summary_pop.csv have been created
The files summary_pop.csv have been created
The files summary_pop.csv have been created
The files summary_pop.csv have been created
The files summary_pop.csv have been created
The files summary_pop.csv have been created
The files summary_pop.csv have been created
The files summary_pop.csv have been created
The files summary_pop.csv have been created
The files summary_pop.csv have been created
The files summary_pop.csv have been created
The files summary_pop.csv have been created
The files summary_pop.csv have been created
The files summary_pop.csv have been created
The files summary_pop.csv have been created
The files summary_pop.csv have been created
The files summary_pop.csv have been created
The files summary_pop.csv have been created
The files summary_pop.csv have been created
The files summary_pop.csv have been created
The files summary_pop.csv have been created
The files summary_pop.csv have been created
The files summary_pop.csv have been created
The files summary_pop.csv have been created
The files summary_pop.csv have been created
The files summary_pop.csv have been created
The files summary_pop.csv have been created
The files summary_pop.csv have been created
The files summary_pop.csv have been created
The files summary_pop.csv have been created
The files summary_pop.csv have been created
The files summary_pop.csv have been created
The files summary_pop.csv have been created
The files summary_pop.csv have been created
The files summary_pop.csv have been created
The files summary_pop.csv have been created
The files summary_pop.csv have been created
The files summary_pop.csv have been created
The files summary_pop.csv have been created
The files summary_pop.csv have been created
The files summary_pop.csv have been created
The files summary_pop.csv have been created
The files summary_pop.csv have been created
The files summary_pop.csv have been created
The files summary_pop.csv have been created
The files summary_pop.csv have been created
The files summary_pop.csv have been created
The files summary_pop.csv have been created
The files summary_pop.csv have been created
The files summary_pop.csv have been created
The files summary_pop.csv have been created
The files summary_pop.csv have been created
The files summary_pop.csv have been created
The files summary_pop.csv have been created
The files summary_pop.csv have been created
The files summary_pop.csv have been created
The files summary_pop.csv have been created
The files summary_pop.csv have been created
The files summary_pop.csv have been created
The files summary_pop.csv have been created
The files summary_pop.csv have been created
The files summary_pop.csv have been created
The files summary_pop.csv have been created
The files summary_pop.csv have been created
The files summary_pop.csv have been created
The files summary_pop.csv have been created
The files summary_pop.csv have been created
The files summary_pop.csv have been created
The files summary_pop.csv have been created
The files summary_pop.csv have been created
The files summary_pop.csv have been created
The files summary_pop.csv have been created
The files summary_pop.csv have been created
The files summary_pop.csv have been created
The files summary_pop.csv have been created
The files summary_pop.csv have been created
The files summary_pop.csv have been created
The files summary_pop.csv have been created
The files summary_pop.csv have been created
The files summary_pop.csv have been created
The files summary_pop.csv have been created
The files summary_pop.csv have been created
The files summary_pop.csv have been created
The files summary_pop.csv have been created
The files summary_pop.csv have been created
The files summary_pop.csv have been created
The files summary_pop.csv have been created
The files summary_pop.csv have been created
The files summary_pop.csv have been created
The files summary_pop.csv have been created
The files summary_pop.csv have been created
The files summary_pop.csv have been created
The files summary_pop.csv have been created
The files summary_pop.csv have been created
The files summary_pop.csv have been created
The files summary_pop.csv have been created
The files summary_pop.csv have been created
The files summary_pop.csv have been created
The files summary_pop.csv have been created
The files summary_pop.csv have been created
The files summary_pop.csv have been created
The files summary_pop.csv have been created
The files summary_pop.csv have been created
The files summary_pop.csv have been created
The files summary_pop.csv have been created
The files summary_pop.csv have been created
The files summary_pop.csv have been created
The files summary_pop.csv have been created
The files summary_pop.csv have been created
The files summary_pop.csv have been created
The files summary_pop.csv have been created
The files summary_pop.csv have been created
The files summary_pop.csv have been created
The files summary_pop.csv have been created
The files summary_pop.csv have been created
The files summary_pop.csv have been created
The files summary_pop.csv have been created
The files summary_pop.csv have been created
The files summary_pop.csv have been created
The files summary_pop.csv have been created
The files summary_pop.csv have been created
The files summary_pop.csv have been created
The files summary_pop.csv have been created
The files summary_pop.csv have been created
The files summary_pop.csv have been created
The files summary_pop.csv have been created
The files summary_pop.csv have been created
The files summary_pop.csv have been created
The files summary_pop.csv have been created
The files summary_pop.csv have been created
The files summary_pop.csv have been created
The files summary_pop.csv have been created
The files summary_pop.csv have been created
The files summary_pop.csv have been created
The files summary_pop.csv have been created
The files summary_pop.csv have been created
The files summary_pop.csv have been created
The files summary_pop.csv have been created
The files summary_pop.csv have been created
The files summary_pop.csv have been created
The files summary_pop.csv have been created
The files summary_class{year}.csv has been created
The files summary_class{year}.csv has been created
The files summary_class{year}.csv has been created
The files summary_class{year}.csv has been created
The files summary_class{year}.csv has been created
The files summary_class{year}.csv has been created
The files summary_class{year}.csv has been created
The files summary_class{year}.csv has been created
The files summary_class{year}.csv has been created
The files summary_class{year}.csv has been created
The files summary_class{year}.csv has been created
The files summary_class{year}.csv has been created
The files summary_class{year}.csv has been created
The files summary_class{year}.csv has been created
The files summary_class{year}.csv has been created
The files summary_class{year}.csv has been created
The files summary_class{year}.csv has been created
The files summary_class{year}.csv has been created
The files summary_class{year}.csv has been created
The files summary_class{year}.csv has been created
The files summary_class{year}.csv has been created
The files summary_class{year}.csv has been created
The files summary_class{year}.csv has been created
The files summary_class{year}.csv has been created
The files summary_class{year}.csv has been created
The files summary_class{year}.csv has been created
The files summary_class{year}.csv has been created
The files summary_class{year}.csv has been created
The files summary_class{year}.csv has been created
The files summary_class{year}.csv has been created
The files summary_class{year}.csv has been created
The files summary_class{year}.csv has been created
The files summary_class{year}.csv has been created
The files summary_class{year}.csv has been created
The files summary_class{year}.csv has been created
The files summary_class{year}.csv has been created
The files summary_class{year}.csv has been created
The files summary_class{year}.csv has been created
The files summary_class{year}.csv has been created
The files summary_class{year}.csv has been created
The files summary_class{year}.csv has been created
The files summary_class{year}.csv has been created
The files summary_class{year}.csv has been created
The files summary_class{year}.csv has been created
The files summary_class{year}.csv has been created
The files summary_class{year}.csv has been created
The files summary_class{year}.csv has been created
The files summary_class{year}.csv has been created
The files summary_class{year}.csv has been created
The files summary_class{year}.csv has been created
The files summary_class{year}.csv has been created
The files summary_class{year}.csv has been created
The files summary_class{year}.csv has been created
The files summary_class{year}.csv has been created
The files summary_class{year}.csv has been created
The files summary_class{year}.csv has been created
The files summary_class{year}.csv has been created
The files summary_class{year}.csv has been created
The files summary_class{year}.csv has been created
The files summary_class{year}.csv has been created
The files summary_class{year}.csv has been created
The files summary_class{year}.csv has been created
The files summary_class{year}.csv has been created
The files summary_class{year}.csv has been created
The files summary_class{year}.csv has been created
The files summary_class{year}.csv has been created
The files summary_class{year}.csv has been created
The files summary_class{year}.csv has been created
The files summary_class{year}.csv has been created
The files summary_class{year}.csv has been created
The files summary_class{year}.csv has been created
The files summary_class{year}.csv has been created
The files summary_class{year}.csv has been created
The files summary_class{year}.csv has been created
The files summary_class{year}.csv has been created
The files summary_class{year}.csv has been created
The files summary_class{year}.csv has been created
The files summary_class{year}.csv has been created
The files summary_class{year}.csv has been created
The files summary_class{year}.csv has been created
The files summary_class{year}.csv has been created
The files summary_class{year}.csv has been created
The files summary_class{year}.csv has been created
The files summary_class{year}.csv has been created
The files summary_class{year}.csv has been created
The files summary_class{year}.csv has been created
The files summary_class{year}.csv has been created
The files summary_class{year}.csv has been created
The files summary_class{year}.csv has been created
The files summary_class{year}.csv has been created
The files summary_class{year}.csv has been created
The files summary_class{year}.csv has been created
The files summary_class{year}.csv has been created
The files summary_class{year}.csv has been created
The files summary_class{year}.csv has been created
The files summary_class{year}.csv has been created
The files summary_class{year}.csv has been created
The files summary_class{year}.csv has been created
The files summary_class{year}.csv has been created
The files summary_class{year}.csv has been created
The files summary_class{year}.csv has been created
The files summary_class{year}.csv has been created
The files summary_class{year}.csv has been created
The files summary_class{year}.csv has been created
The files summary_class{year}.csv has been created
The files summary_class{year}.csv has been created
The files summary_class{year}.csv has been created
The files summary_class{year}.csv has been created
The files summary_class{year}.csv has been created
The files summary_class{year}.csv has been created
The files summary_class{year}.csv has been created
The files summary_class{year}.csv has been created
The files summary_class{year}.csv has been created
The files summary_class{year}.csv has been created
The files summary_class{year}.csv has been created
The files summary_class{year}.csv has been created
The files summary_class{year}.csv has been created
The files summary_class{year}.csv has been created
The files summary_class{year}.csv has been created
The files summary_class{year}.csv has been created
The files summary_class{year}.csv has been created
The files summary_class{year}.csv has been created
The files summary_class{year}.csv has been created
The files summary_class{year}.csv has been created
The files summary_class{year}.csv has been created
The files summary_class{year}.csv has been created
The files summary_class{year}.csv has been created
The files summary_class{year}.csv has been created
The files summary_class{year}.csv has been created
The files summary_class{year}.csv has been created
The files summary_class{year}.csv has been created
The files summary_class{year}.csv has been created
The files summary_class{year}.csv has been created
The files summary_class{year}.csv has been created
The files summary_class{year}.csv has been created
The files summary_class{year}.csv has been created
The files summary_class{year}.csv has been created
The files summary_class{year}.csv has been created
The files summary_class{year}.csv has been created
The files summary_class{year}.csv has been created
The files summary_class{year}.csv has been created
The files summary_class{year}.csv has been created
The files summary_class{year}.csv has been created
The files summary_class{year}.csv has been created
The files summary_class{year}.csv has been created
The files summary_class{year}.csv has been created
The files summary_class{year}.csv has been created
The files summary_class{year}.csv has been created
The files summary_class{year}.csv has been created
The files summary_class{year}.csv has been created
The files summary_class{year}.csv has been created
The files summary_class{year}.csv has been created
The files summary_class{year}.csv has been created
The files summary_class{year}.csv has been created
The files summary_class{year}.csv has been created
The files summary_class{year}.csv has been created
The files summary_class{year}.csv has been created
The files summary_class{year}.csv has been created
The files summary_class{year}.csv has been created
The files summary_class{year}.csv has been created
The files summary_class{year}.csv has been created
The files summary_class{year}.csv has been created
The files summary_class{year}.csv has been created
The files summary_class{year}.csv has been created
The files summary_class{year}.csv has been created
The files summary_class{year}.csv has been created
The files summary_class{year}.csv has been created
The files summary_class{year}.csv has been created
The files summary_class{year}.csv has been created
The files summary_class{year}.csv has been created
The files summary_class{year}.csv has been created
The files summary_class{year}.csv has been created
The files summary_class{year}.csv has been created
The files summary_class{year}.csv has been created
The files summary_class{year}.csv has been created
The files summary_class{year}.csv has been created
The files summary_class{year}.csv has been created
The files summary_class{year}.csv has been created
The files summary_class{year}.csv has been created
The files summary_class{year}.csv has been created
The files summary_class{year}.csv has been created
The files summary_class{year}.csv has been created
The files summary_class{year}.csv has been created
The files summary_class{year}.csv has been created
The files summary_class{year}.csv has been created
The files summary_class{year}.csv has been created
The files summary_class{year}.csv has been created
The files summary_class{year}.csv has been created
The files summary_class{year}.csv has been created
The files summary_class{year}.csv has been created
The files summary_class{year}.csv has been created
The files summary_class{year}.csv has been created
The files summary_class{year}.csv has been created
The files summary_class{year}.csv has been created
The files summary_class{year}.csv has been created
The files summary_class{year}.csv has been created
The files summary_class{year}.csv has been created
The files summary_class{year}.csv has been created
The files summary_class{year}.csv has been created
The files summary_class{year}.csv has been created
DoPostProcess(): 0:00:00.740000
End Monte Carlo Loop0: 0:06:30.900000

End Batch Loop0: 0:06:30.901000

Total CDmetaPOP Simulation Time: 0:06:30.903000
